<?xml version="1.0" encoding="UTF-8"?>
<!-- Generated by org.testng.reporters.JUnitXMLReporter -->
<testsuite hostname="Be-Max" ignored="2" name="Regression Test" tests="46" failures="2"
           timestamp="22 Oct 2018 08:21:36 GMT" time="7.244" errors="0">
    <testcase name="@AfterMethod screenShootsOnFailure" time="0.733" classname="asala.test.AsalaTestBase">
        <failure type="org.openqa.selenium.WebDriverException" message="Failed to decode response from marionette
Build info: version: &amp;apos;3.14.0&amp;apos;, revision: &amp;apos;aacccce0&amp;apos;, time: &amp;apos;2018-08-02T20:19:58.91Z&amp;apos;
System info: host: &amp;apos;Be-Max&amp;apos;, ip: &amp;apos;127.0.1.1&amp;apos;, os.name: &amp;apos;Linux&amp;apos;, os.arch: &amp;apos;amd64&amp;apos;, os.version: &amp;apos;4.15.0-36-generic&amp;apos;, java.version: &amp;apos;1.8.0_181&amp;apos;
Driver info: org.openqa.selenium.firefox.FirefoxDriver
Capabilities {acceptInsecureCerts: true, browserName: firefox, browserVersion: 62.0.3, javascriptEnabled: true, moz:accessibilityChecks: false, moz:headless: false, moz:processID: 7879, moz:profile: /tmp/rust_mozprofile.cllOeK..., moz:useNonSpecCompliantPointerOrigin: false, moz:webdriverClick: true, pageLoadStrategy: normal, platform: LINUX, platformName: LINUX, platformVersion: 4.15.0-36-generic, rotatable: false, timeouts: {implicit: 0, pageLoad: 300000, script: 30000}}
Session ID: 1a96a8e0-30c8-4682-bf33-632ac7a84b0b">
            <![CDATA[org.openqa.selenium.WebDriverException: Failed to decode response from marionette
Build info: version: '3.14.0', revision: 'aacccce0', time: '2018-08-02T20:19:58.91Z'
System info: host: 'Be-Max', ip: '127.0.1.1', os.name: 'Linux', os.arch: 'amd64', os.version: '4.15.0-36-generic', java.version: '1.8.0_181'
Driver info: org.openqa.selenium.firefox.FirefoxDriver
Capabilities {acceptInsecureCerts: true, browserName: firefox, browserVersion: 62.0.3, javascriptEnabled: true, moz:accessibilityChecks: false, moz:headless: false, moz:processID: 7879, moz:profile: /tmp/rust_mozprofile.cllOeK..., moz:useNonSpecCompliantPointerOrigin: false, moz:webdriverClick: true, pageLoadStrategy: normal, platform: LINUX, platformName: LINUX, platformVersion: 4.15.0-36-generic, rotatable: false, timeouts: {implicit: 0, pageLoad: 300000, script: 30000}}
Session ID: 1a96a8e0-30c8-4682-bf33-632ac7a84b0b
at org.openqa.selenium.remote.http.W3CHttpResponseCodec.createException(W3CHttpResponseCodec.java:187)
at org.openqa.selenium.remote.http.W3CHttpResponseCodec.decode(W3CHttpResponseCodec.java:122)
at org.openqa.selenium.remote.http.W3CHttpResponseCodec.decode(W3CHttpResponseCodec.java:49)
at org.openqa.selenium.remote.HttpCommandExecutor.execute(HttpCommandExecutor.java:158)
at org.openqa.selenium.remote.service.DriverCommandExecutor.execute(DriverCommandExecutor.java:83)
at org.openqa.selenium.remote.RemoteWebDriver.execute(RemoteWebDriver.java:548)
at org.openqa.selenium.remote.RemoteWebDriver.execute(RemoteWebDriver.java:605)
at org.openqa.selenium.remote.RemoteWebDriver.getScreenshotAs(RemoteWebDriver.java:294)
at asala.utilities.Helper.caputreScreenShoot(AsalaHelper.java:23)
at asala.test.AsalaTestBase.screenShootsOnFailure(AsalaTestBase.java:56)
... Removed 32 stack frames]]>
        </failure>
    </testcase> <!-- @AfterMethod screenShootsOnFailure -->
    <testcase name="@AfterMethod screenShootsOnFailure" time="0.004" classname="asala.test.AsalaTestBase">
        <failure type="org.openqa.selenium.SessionNotCreatedException" message="Tried to run command without establishing a connection
Build info: version: &amp;apos;3.14.0&amp;apos;, revision: &amp;apos;aacccce0&amp;apos;, time: &amp;apos;2018-08-02T20:19:58.91Z&amp;apos;
System info: host: &amp;apos;Be-Max&amp;apos;, ip: &amp;apos;127.0.1.1&amp;apos;, os.name: &amp;apos;Linux&amp;apos;, os.arch: &amp;apos;amd64&amp;apos;, os.version: &amp;apos;4.15.0-36-generic&amp;apos;, java.version: &amp;apos;1.8.0_181&amp;apos;
Driver info: org.openqa.selenium.firefox.FirefoxDriver
Capabilities {acceptInsecureCerts: true, browserName: firefox, browserVersion: 62.0.3, javascriptEnabled: true, moz:accessibilityChecks: false, moz:headless: false, moz:processID: 7879, moz:profile: /tmp/rust_mozprofile.cllOeK..., moz:useNonSpecCompliantPointerOrigin: false, moz:webdriverClick: true, pageLoadStrategy: normal, platform: LINUX, platformName: LINUX, platformVersion: 4.15.0-36-generic, rotatable: false, timeouts: {implicit: 0, pageLoad: 300000, script: 30000}}
Session ID: 1a96a8e0-30c8-4682-bf33-632ac7a84b0b">
            <![CDATA[org.openqa.selenium.SessionNotCreatedException: Tried to run command without establishing a connection
Build info: version: '3.14.0', revision: 'aacccce0', time: '2018-08-02T20:19:58.91Z'
System info: host: 'Be-Max', ip: '127.0.1.1', os.name: 'Linux', os.arch: 'amd64', os.version: '4.15.0-36-generic', java.version: '1.8.0_181'
Driver info: org.openqa.selenium.firefox.FirefoxDriver
Capabilities {acceptInsecureCerts: true, browserName: firefox, browserVersion: 62.0.3, javascriptEnabled: true, moz:accessibilityChecks: false, moz:headless: false, moz:processID: 7879, moz:profile: /tmp/rust_mozprofile.cllOeK..., moz:useNonSpecCompliantPointerOrigin: false, moz:webdriverClick: true, pageLoadStrategy: normal, platform: LINUX, platformName: LINUX, platformVersion: 4.15.0-36-generic, rotatable: false, timeouts: {implicit: 0, pageLoad: 300000, script: 30000}}
Session ID: 1a96a8e0-30c8-4682-bf33-632ac7a84b0b
at org.openqa.selenium.remote.http.W3CHttpResponseCodec.createException(W3CHttpResponseCodec.java:187)
at org.openqa.selenium.remote.http.W3CHttpResponseCodec.decode(W3CHttpResponseCodec.java:122)
at org.openqa.selenium.remote.http.W3CHttpResponseCodec.decode(W3CHttpResponseCodec.java:49)
at org.openqa.selenium.remote.HttpCommandExecutor.execute(HttpCommandExecutor.java:158)
at org.openqa.selenium.remote.service.DriverCommandExecutor.execute(DriverCommandExecutor.java:83)
at org.openqa.selenium.remote.RemoteWebDriver.execute(RemoteWebDriver.java:548)
at org.openqa.selenium.remote.RemoteWebDriver.execute(RemoteWebDriver.java:605)
at org.openqa.selenium.remote.RemoteWebDriver.getScreenshotAs(RemoteWebDriver.java:294)
at asala.utilities.Helper.caputreScreenShoot(AsalaHelper.java:23)
at asala.test.AsalaTestBase.screenShootsOnFailure(AsalaTestBase.java:56)
... Removed 32 stack frames]]>
        </failure>
    </testcase> <!-- @AfterMethod screenShootsOnFailure -->
    <testcase name="@AfterMethod screenShootsOnFailure" time="0.0" classname="asala.test.AsalaTestBase">
        <skipped/>
    </testcase> <!-- @AfterMethod screenShootsOnFailure -->
    <testcase name="@AfterMethod screenShootsOnFailure" time="0.0" classname="asala.test.AsalaTestBase">
        <skipped/>
    </testcase> <!-- @AfterMethod screenShootsOnFailure -->
    <testcase name="@AfterMethod screenShootsOnFailure" time="0.0" classname="asala.test.AsalaTestBase">
        <skipped/>
    </testcase> <!-- @AfterMethod screenShootsOnFailure -->
    <testcase name="@AfterMethod screenShootsOnFailure" time="0.0" classname="asala.test.AsalaTestBase">
        <skipped/>
    </testcase> <!-- @AfterMethod screenShootsOnFailure -->
    <testcase name="@AfterMethod screenShootsOnFailure" time="0.0" classname="asala.test.AsalaTestBase">
        <skipped/>
    </testcase> <!-- @AfterMethod screenShootsOnFailure -->
    <testcase name="@AfterMethod screenShootsOnFailure" time="0.0" classname="asala.test.AsalaTestBase">
        <skipped/>
    </testcase> <!-- @AfterMethod screenShootsOnFailure -->
    <testcase name="@AfterMethod screenShootsOnFailure" time="0.0" classname="asala.test.AsalaTestBase">
        <skipped/>
    </testcase> <!-- @AfterMethod screenShootsOnFailure -->
    <testcase name="@AfterMethod screenShootsOnFailure" time="0.0" classname="asala.test.AsalaTestBase">
        <skipped/>
    </testcase> <!-- @AfterMethod screenShootsOnFailure -->
    <testcase name="@AfterMethod screenShootsOnFailure" time="0.0" classname="asala.test.AsalaTestBase">
        <skipped/>
    </testcase> <!-- @AfterMethod screenShootsOnFailure -->
    <testcase name="@AfterMethod screenShootsOnFailure" time="0.0" classname="asala.test.AsalaTestBase">
        <skipped/>
    </testcase> <!-- @AfterMethod screenShootsOnFailure -->
    <testcase name="@AfterMethod screenShootsOnFailure" time="0.0" classname="asala.test.AsalaTestBase">
        <skipped/>
    </testcase> <!-- @AfterMethod screenShootsOnFailure -->
    <testcase name="@AfterMethod screenShootsOnFailure" time="0.0" classname="asala.test.AsalaTestBase">
        <skipped/>
    </testcase> <!-- @AfterMethod screenShootsOnFailure -->
    <testcase name="@AfterMethod screenShootsOnFailure" time="0.0" classname="asala.test.AsalaTestBase">
        <skipped/>
    </testcase> <!-- @AfterMethod screenShootsOnFailure -->
    <testcase name="@AfterMethod screenShootsOnFailure" time="0.0" classname="asala.test.AsalaTestBase">
        <skipped/>
    </testcase> <!-- @AfterMethod screenShootsOnFailure -->
    <testcase name="@AfterMethod screenShootsOnFailure" time="0.0" classname="asala.test.AsalaTestBase">
        <skipped/>
    </testcase> <!-- @AfterMethod screenShootsOnFailure -->
    <testcase name="@AfterMethod screenShootsOnFailure" time="0.0" classname="asala.test.AsalaTestBase">
        <skipped/>
    </testcase> <!-- @AfterMethod screenShootsOnFailure -->
    <testcase name="@AfterMethod screenShootsOnFailure" time="0.0" classname="asala.test.AsalaTestBase">
        <skipped/>
    </testcase> <!-- @AfterMethod screenShootsOnFailure -->
    <testcase name="@AfterMethod screenShootsOnFailure" time="0.0" classname="asala.test.AsalaTestBase">
        <skipped/>
    </testcase> <!-- @AfterMethod screenShootsOnFailure -->
    <testcase name="@AfterMethod screenShootsOnFailure" time="0.0" classname="asala.test.AsalaTestBase">
        <skipped/>
    </testcase> <!-- @AfterMethod screenShootsOnFailure -->
    <testcase name="@AfterMethod screenShootsOnFailure" time="0.0" classname="asala.test.AsalaTestBase">
        <skipped/>
    </testcase> <!-- @AfterMethod screenShootsOnFailure -->
    <testcase name="@AfterMethod screenShootsOnFailure" time="0.0" classname="asala.test.AsalaTestBase">
        <skipped/>
    </testcase> <!-- @AfterMethod screenShootsOnFailure -->
    <testcase name="@AfterMethod screenShootsOnFailure" time="0.0" classname="asala.test.AsalaTestBase">
        <skipped/>
    </testcase> <!-- @AfterMethod screenShootsOnFailure -->
    <testcase name="@AfterMethod screenShootsOnFailure" time="0.0" classname="asala.test.AsalaTestBase">
        <skipped/>
    </testcase> <!-- @AfterMethod screenShootsOnFailure -->
    <testcase name="@AfterMethod screenShootsOnFailure" time="0.0" classname="asala.test.AsalaTestBase">
        <skipped/>
    </testcase> <!-- @AfterMethod screenShootsOnFailure -->
    <testcase name="@AfterMethod screenShootsOnFailure" time="0.0" classname="asala.test.AsalaTestBase">
        <skipped/>
    </testcase> <!-- @AfterMethod screenShootsOnFailure -->
    <testcase name="@AfterMethod screenShootsOnFailure" time="0.0" classname="asala.test.AsalaTestBase">
        <skipped/>
    </testcase> <!-- @AfterMethod screenShootsOnFailure -->
    <testcase name="@AfterMethod screenShootsOnFailure" time="0.0" classname="asala.test.AsalaTestBase">
        <skipped/>
    </testcase> <!-- @AfterMethod screenShootsOnFailure -->
    <testcase name="@AfterMethod screenShootsOnFailure" time="0.0" classname="asala.test.AsalaTestBase">
        <skipped/>
    </testcase> <!-- @AfterMethod screenShootsOnFailure -->
    <testcase name="@AfterMethod screenShootsOnFailure" time="0.0" classname="asala.test.AsalaTestBase">
        <skipped/>
    </testcase> <!-- @AfterMethod screenShootsOnFailure -->
    <testcase name="@AfterMethod screenShootsOnFailure" time="0.0" classname="asala.test.AsalaTestBase">
        <skipped/>
    </testcase> <!-- @AfterMethod screenShootsOnFailure -->
    <testcase name="@AfterMethod screenShootsOnFailure" time="0.0" classname="asala.test.AsalaTestBase">
        <skipped/>
    </testcase> <!-- @AfterMethod screenShootsOnFailure -->
    <testcase name="@AfterMethod screenShootsOnFailure" time="0.0" classname="asala.test.AsalaTestBase">
        <skipped/>
    </testcase> <!-- @AfterMethod screenShootsOnFailure -->
    <testcase name="@AfterMethod screenShootsOnFailure" time="0.0" classname="asala.test.AsalaTestBase">
        <skipped/>
    </testcase> <!-- @AfterMethod screenShootsOnFailure -->
    <testcase name="@AfterMethod screenShootsOnFailure" time="0.0" classname="asala.test.AsalaTestBase">
        <skipped/>
    </testcase> <!-- @AfterMethod screenShootsOnFailure -->
    <testcase name="@AfterMethod screenShootsOnFailure" time="0.0" classname="asala.test.AsalaTestBase">
        <skipped/>
    </testcase> <!-- @AfterMethod screenShootsOnFailure -->
    <testcase name="@AfterMethod screenShootsOnFailure" time="0.0" classname="asala.test.AsalaTestBase">
        <skipped/>
    </testcase> <!-- @AfterMethod screenShootsOnFailure -->
    <testcase name="@AfterMethod screenShootsOnFailure" time="0.0" classname="asala.test.AsalaTestBase">
        <skipped/>
    </testcase> <!-- @AfterMethod screenShootsOnFailure -->
    <testcase name="@AfterMethod screenShootsOnFailure" time="0.0" classname="asala.test.AsalaTestBase">
        <skipped/>
    </testcase> <!-- @AfterMethod screenShootsOnFailure -->
    <testcase name="@AfterMethod screenShootsOnFailure" time="0.0" classname="asala.test.AsalaTestBase">
        <skipped/>
    </testcase> <!-- @AfterMethod screenShootsOnFailure -->
    <testcase name="@AfterMethod screenShootsOnFailure" time="0.0" classname="asala.test.AsalaTestBase">
        <skipped/>
    </testcase> <!-- @AfterMethod screenShootsOnFailure -->
    <testcase name="@AfterMethod screenShootsOnFailure" time="0.0" classname="asala.test.AsalaTestBase">
        <skipped/>
    </testcase> <!-- @AfterMethod screenShootsOnFailure -->
    <testcase name="@AfterMethod screenShootsOnFailure" time="0.0" classname="asala.test.AsalaTestBase">
        <skipped/>
    </testcase> <!-- @AfterMethod screenShootsOnFailure -->
    <testcase name="@AfterMethod screenShootsOnFailure" time="0.0" classname="asala.test.AsalaTestBase">
        <skipped/>
    </testcase> <!-- @AfterMethod screenShootsOnFailure -->
    <testcase name="MakeLogin" time="1.55" classname="asala.test.AsalaEditAccountTest"/>
    <testcase name="AddEmailEmptyAndPassword" time="4.825" classname="asala.test.AsalaLoginTest">
        <failure type="org.openqa.selenium.WebDriverException" message="Failed to convert data to an object
Build info: version: &amp;apos;3.14.0&amp;apos;, revision: &amp;apos;aacccce0&amp;apos;, time: &amp;apos;2018-08-02T20:19:58.91Z&amp;apos;
System info: host: &amp;apos;Be-Max&amp;apos;, ip: &amp;apos;127.0.1.1&amp;apos;, os.name: &amp;apos;Linux&amp;apos;, os.arch: &amp;apos;amd64&amp;apos;, os.version: &amp;apos;4.15.0-36-generic&amp;apos;, java.version: &amp;apos;1.8.0_181&amp;apos;
Driver info: org.openqa.selenium.firefox.FirefoxDriver
Capabilities {acceptInsecureCerts: true, browserName: firefox, browserVersion: 62.0.3, javascriptEnabled: true, moz:accessibilityChecks: false, moz:headless: false, moz:processID: 7879, moz:profile: /tmp/rust_mozprofile.cllOeK..., moz:useNonSpecCompliantPointerOrigin: false, moz:webdriverClick: true, pageLoadStrategy: normal, platform: LINUX, platformName: LINUX, platformVersion: 4.15.0-36-generic, rotatable: false, timeouts: {implicit: 0, pageLoad: 300000, script: 30000}}
Session ID: 1a96a8e0-30c8-4682-bf33-632ac7a84b0b
*** Element info: {Using=id, value=form-control-Email}">
            <![CDATA[org.openqa.selenium.WebDriverException: Failed to convert data to an object
Build info: version: '3.14.0', revision: 'aacccce0', time: '2018-08-02T20:19:58.91Z'
System info: host: 'Be-Max', ip: '127.0.1.1', os.name: 'Linux', os.arch: 'amd64', os.version: '4.15.0-36-generic', java.version: '1.8.0_181'
Driver info: org.openqa.selenium.firefox.FirefoxDriver
Capabilities {acceptInsecureCerts: true, browserName: firefox, browserVersion: 62.0.3, javascriptEnabled: true, moz:accessibilityChecks: false, moz:headless: false, moz:processID: 7879, moz:profile: /tmp/rust_mozprofile.cllOeK..., moz:useNonSpecCompliantPointerOrigin: false, moz:webdriverClick: true, pageLoadStrategy: normal, platform: LINUX, platformName: LINUX, platformVersion: 4.15.0-36-generic, rotatable: false, timeouts: {implicit: 0, pageLoad: 300000, script: 30000}}
Session ID: 1a96a8e0-30c8-4682-bf33-632ac7a84b0b
*** Element info: {Using=id, value=form-control-Email}
at org.openqa.selenium.remote.http.W3CHttpResponseCodec.createException(W3CHttpResponseCodec.java:187)
at org.openqa.selenium.remote.http.W3CHttpResponseCodec.decode(W3CHttpResponseCodec.java:122)
at org.openqa.selenium.remote.http.W3CHttpResponseCodec.decode(W3CHttpResponseCodec.java:49)
at org.openqa.selenium.remote.HttpCommandExecutor.execute(HttpCommandExecutor.java:158)
at org.openqa.selenium.remote.service.DriverCommandExecutor.execute(DriverCommandExecutor.java:83)
at org.openqa.selenium.remote.RemoteWebDriver.execute(RemoteWebDriver.java:548)
at org.openqa.selenium.remote.RemoteWebDriver.findElement(RemoteWebDriver.java:322)
at org.openqa.selenium.remote.RemoteWebDriver.findElementById(RemoteWebDriver.java:368)
at org.openqa.selenium.By$ById.findElement(By.java:188)
at org.openqa.selenium.remote.RemoteWebDriver.findElement(RemoteWebDriver.java:314)
at org.openqa.selenium.support.pagefactory.DefaultElementLocator.findElement(DefaultElementLocator.java:69)
at org.openqa.selenium.support.pagefactory.internal.LocatingElementHandler.invoke(LocatingElementHandler.java:38)
at com.sun.proxy.$Proxy12.sendKeys(Unknown Source)
at asala.pages.AsalaPageBase.setTextElementText(AsalaPageBase.java:30)
at asala.pages.AsalaLoginPage.AddEmail(AsalaLoginPage.java:42)
at asala.test.AsalaLoginTest.AddEmailEmptyAndPassword(AsalaLoginTest.java:19)
... Removed 29 stack frames]]>
        </failure>
    </testcase> <!-- AddEmailEmptyAndPassword -->
    <testcase name="UserAddNameFiledEmpty" time="0.005" classname="asala.test.AsalaEditAccountTest">
        <failure type="org.openqa.selenium.SessionNotCreatedException" message="Tried to run command without establishing a connection
Build info: version: &amp;apos;3.14.0&amp;apos;, revision: &amp;apos;aacccce0&amp;apos;, time: &amp;apos;2018-08-02T20:19:58.91Z&amp;apos;
System info: host: &amp;apos;Be-Max&amp;apos;, ip: &amp;apos;127.0.1.1&amp;apos;, os.name: &amp;apos;Linux&amp;apos;, os.arch: &amp;apos;amd64&amp;apos;, os.version: &amp;apos;4.15.0-36-generic&amp;apos;, java.version: &amp;apos;1.8.0_181&amp;apos;
Driver info: org.openqa.selenium.firefox.FirefoxDriver
Capabilities {acceptInsecureCerts: true, browserName: firefox, browserVersion: 62.0.3, javascriptEnabled: true, moz:accessibilityChecks: false, moz:headless: false, moz:processID: 7879, moz:profile: /tmp/rust_mozprofile.cllOeK..., moz:useNonSpecCompliantPointerOrigin: false, moz:webdriverClick: true, pageLoadStrategy: normal, platform: LINUX, platformName: LINUX, platformVersion: 4.15.0-36-generic, rotatable: false, timeouts: {implicit: 0, pageLoad: 300000, script: 30000}}
Session ID: 1a96a8e0-30c8-4682-bf33-632ac7a84b0b
*** Element info: {Using=id, value=form-control-name}">
            <![CDATA[org.openqa.selenium.SessionNotCreatedException: Tried to run command without establishing a connection
Build info: version: '3.14.0', revision: 'aacccce0', time: '2018-08-02T20:19:58.91Z'
System info: host: 'Be-Max', ip: '127.0.1.1', os.name: 'Linux', os.arch: 'amd64', os.version: '4.15.0-36-generic', java.version: '1.8.0_181'
Driver info: org.openqa.selenium.firefox.FirefoxDriver
Capabilities {acceptInsecureCerts: true, browserName: firefox, browserVersion: 62.0.3, javascriptEnabled: true, moz:accessibilityChecks: false, moz:headless: false, moz:processID: 7879, moz:profile: /tmp/rust_mozprofile.cllOeK..., moz:useNonSpecCompliantPointerOrigin: false, moz:webdriverClick: true, pageLoadStrategy: normal, platform: LINUX, platformName: LINUX, platformVersion: 4.15.0-36-generic, rotatable: false, timeouts: {implicit: 0, pageLoad: 300000, script: 30000}}
Session ID: 1a96a8e0-30c8-4682-bf33-632ac7a84b0b
*** Element info: {Using=id, value=form-control-name}
at org.openqa.selenium.remote.http.W3CHttpResponseCodec.createException(W3CHttpResponseCodec.java:187)
at org.openqa.selenium.remote.http.W3CHttpResponseCodec.decode(W3CHttpResponseCodec.java:122)
at org.openqa.selenium.remote.http.W3CHttpResponseCodec.decode(W3CHttpResponseCodec.java:49)
at org.openqa.selenium.remote.HttpCommandExecutor.execute(HttpCommandExecutor.java:158)
at org.openqa.selenium.remote.service.DriverCommandExecutor.execute(DriverCommandExecutor.java:83)
at org.openqa.selenium.remote.RemoteWebDriver.execute(RemoteWebDriver.java:548)
at org.openqa.selenium.remote.RemoteWebDriver.findElement(RemoteWebDriver.java:322)
at org.openqa.selenium.remote.RemoteWebDriver.findElementById(RemoteWebDriver.java:368)
at org.openqa.selenium.By$ById.findElement(By.java:188)
at org.openqa.selenium.remote.RemoteWebDriver.findElement(RemoteWebDriver.java:314)
at org.openqa.selenium.support.pagefactory.DefaultElementLocator.findElement(DefaultElementLocator.java:69)
at org.openqa.selenium.support.pagefactory.internal.LocatingElementHandler.invoke(LocatingElementHandler.java:38)
at com.sun.proxy.$Proxy12.clear(Unknown Source)
at asala.pages.AsalaEditAccountPage.ClearNameData(AsalaEditAccountPage.java:78)
at asala.test.AsalaEditAccountTest.UserAddNameFiledEmpty(AsalaEditAccountTest.java:35)
... Removed 29 stack frames]]>
        </failure>
    </testcase> <!-- UserAddNameFiledEmpty -->
    <testcase name="AddEmailEmptyWrongFormat" time="0.0" classname="asala.test.AsalaLoginTest">
        <skipped/>
    </testcase> <!-- AddEmailEmptyWrongFormat -->
    <testcase name="UserAddNameFiledMore30Char" time="0.0" classname="asala.test.AsalaEditAccountTest">
        <skipped/>
    </testcase> <!-- UserAddNameFiledMore30Char -->
    <testcase name="AddEmailEmptyButAddPasword" time="0.0" classname="asala.test.AsalaLoginTest">
        <skipped/>
    </testcase> <!-- AddEmailEmptyButAddPasword -->
    <testcase name="UserAddNameFiledLess3Char" time="0.0" classname="asala.test.AsalaEditAccountTest">
        <skipped/>
    </testcase> <!-- UserAddNameFiledLess3Char -->
    <testcase name="AddEmailButAddPaswordEmpty" time="0.0" classname="asala.test.AsalaLoginTest">
        <skipped/>
    </testcase> <!-- AddEmailButAddPaswordEmpty -->
    <testcase name="UserAddEmptyEmail" time="0.0" classname="asala.test.AsalaEditAccountTest">
        <skipped/>
    </testcase> <!-- UserAddEmptyEmail -->
    <testcase name="AddWrongEmailButVaildPassword" time="0.0" classname="asala.test.AsalaLoginTest">
        <skipped/>
    </testcase> <!-- AddWrongEmailButVaildPassword -->
    <testcase name="UserAddWrongEmail" time="0.0" classname="asala.test.AsalaEditAccountTest">
        <skipped/>
    </testcase> <!-- UserAddWrongEmail -->
    <testcase name="AddValidEmailButWrongPasswordPassword" time="0.0" classname="asala.test.AsalaLoginTest">
        <skipped/>
    </testcase> <!-- AddValidEmailButWrongPasswordPassword -->
    <testcase name="UserClearNameAndEmail" time="0.0" classname="asala.test.AsalaEditAccountTest">
        <skipped/>
    </testcase> <!-- UserClearNameAndEmail -->
    <testcase name="AddValidEmailAndPasswordInActiveUSer" time="0.0" classname="asala.test.AsalaLoginTest">
        <skipped/>
    </testcase> <!-- AddValidEmailAndPasswordInActiveUSer -->
    <testcase name="UserAddValidEmailAndName" time="0.0" classname="asala.test.AsalaEditAccountTest">
        <skipped/>
    </testcase> <!-- UserAddValidEmailAndName -->
    <testcase name="AddEmailEmptyAndPasswordAr" time="0.0" classname="asala.test.AsalaLoginTest">
        <skipped/>
    </testcase> <!-- AddEmailEmptyAndPasswordAr -->
    <testcase name="UserAddOldPasswordButEmptyNewandConfirm" time="0.0" classname="asala.test.AsalaEditAccountTest">
        <skipped/>
    </testcase> <!-- UserAddOldPasswordButEmptyNewandConfirm -->
    <testcase name="AddEmailEmptyWrongFormatAr" time="0.0" classname="asala.test.AsalaLoginTest">
        <skipped/>
    </testcase> <!-- AddEmailEmptyWrongFormatAr -->
    <testcase name="UserAddOldPasswordWrongAndAddNewPasswordValid" time="0.0"
              classname="asala.test.AsalaEditAccountTest">
        <skipped/>
    </testcase> <!-- UserAddOldPasswordWrongAndAddNewPasswordValid -->
    <testcase name="AddEmailEmptyButAddPaswordAr" time="0.0" classname="asala.test.AsalaLoginTest">
        <skipped/>
    </testcase> <!-- AddEmailEmptyButAddPaswordAr -->
    <testcase name="UserAddNewPasswordButNoConfirm" time="0.0" classname="asala.test.AsalaEditAccountTest">
        <skipped/>
    </testcase> <!-- UserAddNewPasswordButNoConfirm -->
    <testcase name="AddEmailButAddPaswordEmptyAr" time="0.0" classname="asala.test.AsalaLoginTest">
        <skipped/>
    </testcase> <!-- AddEmailButAddPaswordEmptyAr -->
    <testcase name="UserAddNewPasswordButEmptyOldAndConfirm" time="0.0" classname="asala.test.AsalaEditAccountTest">
        <skipped/>
    </testcase> <!-- UserAddNewPasswordButEmptyOldAndConfirm -->
    <testcase name="AddWrongEmailButVaildPasswordAr" time="0.0" classname="asala.test.AsalaLoginTest">
        <skipped/>
    </testcase> <!-- AddWrongEmailButVaildPasswordAr -->
    <testcase name="UserAddConfirmPasswordButEmptyOldAndNew" time="0.0" classname="asala.test.AsalaEditAccountTest">
        <skipped/>
    </testcase> <!-- UserAddConfirmPasswordButEmptyOldAndNew -->
    <testcase name="AddValidEmailButWrongPasswordPasswordAr" time="0.0" classname="asala.test.AsalaLoginTest">
        <skipped/>
    </testcase> <!-- AddValidEmailButWrongPasswordPasswordAr -->
    <testcase name="UserAddOldWrongAndNewMatchWithWrong" time="0.0" classname="asala.test.AsalaEditAccountTest">
        <skipped/>
    </testcase> <!-- UserAddOldWrongAndNewMatchWithWrong -->
    <testcase name="AddValidEmailAndPasswordInActiveUSerAr" time="0.0" classname="asala.test.AsalaLoginTest">
        <skipped/>
    </testcase> <!-- AddValidEmailAndPasswordInActiveUSerAr -->
    <testcase name="ChangePassword" time="0.0" classname="asala.test.AsalaEditAccountTest">
        <skipped/>
    </testcase> <!-- ChangePassword -->
    <testcase name="AddValidEmailAndPasswordActiveUSerSuperAdmin" time="0.0" classname="asala.test.AsalaLoginTest">
        <skipped/>
    </testcase> <!-- AddValidEmailAndPasswordActiveUSerSuperAdmin -->
    <testcase name="ChangePasswordAgain" time="0.0" classname="asala.test.AsalaEditAccountTest">
        <skipped/>
    </testcase> <!-- ChangePasswordAgain -->
    <testcase name="AddValidEmailAndPasswordActiveUSerMallAdmin" time="0.0" classname="asala.test.AsalaLoginTest">
        <skipped/>
    </testcase> <!-- AddValidEmailAndPasswordActiveUSerMallAdmin -->
    <testcase name="UserAddNameFiledEmptyAr" time="0.0" classname="asala.test.AsalaEditAccountTest">
        <skipped/>
    </testcase> <!-- UserAddNameFiledEmptyAr -->
    <testcase name="AddValidEmailAndPasswordActiveUSerStoreAdmin" time="0.0" classname="asala.test.AsalaLoginTest">
        <skipped/>
    </testcase> <!-- AddValidEmailAndPasswordActiveUSerStoreAdmin -->
    <testcase name="UserAddNameFiledMore30CharAr" time="0.0" classname="asala.test.AsalaEditAccountTest">
        <skipped/>
    </testcase> <!-- UserAddNameFiledMore30CharAr -->
    <testcase name="UserAddNameFiledLess3CharAr" time="0.0" classname="asala.test.AsalaEditAccountTest">
        <skipped/>
    </testcase> <!-- UserAddNameFiledLess3CharAr -->
    <testcase name="UserAddEmptyEmailAr" time="0.0" classname="asala.test.AsalaEditAccountTest">
        <skipped/>
    </testcase> <!-- UserAddEmptyEmailAr -->
    <testcase name="UserAddWrongEmailAr" time="0.0" classname="asala.test.AsalaEditAccountTest">
        <skipped/>
    </testcase> <!-- UserAddWrongEmailAr -->
    <testcase name="UserClearNameAndEmailAr" time="0.0" classname="asala.test.AsalaEditAccountTest">
        <skipped/>
    </testcase> <!-- UserClearNameAndEmailAr -->
    <testcase name="UserAddValidEmailAndNameAr" time="0.0" classname="asala.test.AsalaEditAccountTest">
        <skipped/>
    </testcase> <!-- UserAddValidEmailAndNameAr -->
    <testcase name="UserAddOldPasswordButEmptyNewandConfirmAr" time="0.0" classname="asala.test.AsalaEditAccountTest">
        <skipped/>
    </testcase> <!-- UserAddOldPasswordButEmptyNewandConfirmAr -->
    <testcase name="UserAddOldPasswordWrongAndAddNewPasswordValidAr" time="0.0"
              classname="asala.test.AsalaEditAccountTest">
        <skipped/>
    </testcase> <!-- UserAddOldPasswordWrongAndAddNewPasswordValidAr -->
    <testcase name="UserAddNewPasswordButNoConfirmAr" time="0.0" classname="asala.test.AsalaEditAccountTest">
        <skipped/>
    </testcase> <!-- UserAddNewPasswordButNoConfirmAr -->
    <testcase name="UserAddNewPasswordButEmptyOldAndConfirmAr" time="0.0" classname="asala.test.AsalaEditAccountTest">
        <skipped/>
    </testcase> <!-- UserAddNewPasswordButEmptyOldAndConfirmAr -->
    <testcase name="UserAddConfirmPasswordButEmptyOldAndNewAr" time="0.0" classname="asala.test.AsalaEditAccountTest">
        <skipped/>
    </testcase> <!-- UserAddConfirmPasswordButEmptyOldAndNewAr -->
    <testcase name="UserAddOldWrongAndNewMatchWithWrongAr" time="0.0" classname="asala.test.AsalaEditAccountTest">
        <skipped/>
    </testcase> <!-- UserAddOldWrongAndNewMatchWithWrongAr -->
    <testcase name="@BeforeSuite startDriver" time="0.0" classname="asala.test.AsalaTestBase">
        <ignored/>
    </testcase> <!-- @BeforeSuite startDriver -->
    <testcase name="@AfterSuite stopDriver" time="0.0" classname="asala.test.AsalaTestBase">
        <ignored/>
    </testcase> <!-- @AfterSuite stopDriver -->
</testsuite> <!-- Regression Test -->
