<?xml version="1.0" encoding="UTF-8"?>
<!-- Generated by org.testng.reporters.JUnitXMLReporter -->
<testsuite hostname="Be-Max" ignored="0" name="Default test" tests="15" failures="0" timestamp="15 Oct 2018 15:37:34 GMT" time="5.133" errors="0">
  <testcase name="AddEmailEmptyAndPassword" time="0.359" classname="asala.test.AsalaLoginTest"/>
  <testcase name="AddEmailEmptyWrongFormat" time="0.307" classname="asala.test.AsalaLoginTest"/>
  <testcase name="AddEmailEmptyButAddPasword" time="0.314" classname="asala.test.AsalaLoginTest"/>
  <testcase name="AddEmailButAddPaswordEmpty" time="0.334" classname="asala.test.AsalaLoginTest"/>
  <testcase name="AddWrongEmailButVaildPassword" time="0.298" classname="asala.test.AsalaLoginTest"/>
  <testcase name="AddValidEmailButWrongPasswordPassword" time="0.309" classname="asala.test.AsalaLoginTest"/>
  <testcase name="AddValidEmailAndPasswordInActiveUSer" time="0.291" classname="asala.test.AsalaLoginTest"/>
  <testcase name="AddEmailEmptyAndPasswordAr" time="0.495" classname="asala.test.AsalaLoginTest"/>
  <testcase name="AddEmailEmptyWrongFormatAr" time="0.51" classname="asala.test.AsalaLoginTest"/>
  <testcase name="AddEmailEmptyButAddPaswordAr" time="0.282" classname="asala.test.AsalaLoginTest"/>
  <testcase name="AddEmailButAddPaswordEmptyAr" time="0.296" classname="asala.test.AsalaLoginTest"/>
  <testcase name="AddWrongEmailButVaildPasswordAr" time="0.307" classname="asala.test.AsalaLoginTest"/>
  <testcase name="AddValidEmailButWrongPasswordPasswordAr" time="0.353" classname="asala.test.AsalaLoginTest"/>
  <testcase name="AddValidEmailAndPasswordInActiveUSerAr" time="0.32" classname="asala.test.AsalaLoginTest"/>
  <testcase name="AddValidEmailAndPasswordActiveUSerSuperAdmin" time="0.321" classname="asala.test.AsalaLoginTest"/>
</testsuite> <!-- Default test -->
