<?xml version="1.0" encoding="UTF-8"?>
<testsuite xmlns:xsi="http://www.w3.org/2001/XMLSchema-instance" xsi:noNamespaceSchemaLocation="https://maven.apache.org/surefire/maven-surefire-plugin/xsd/surefire-test-report.xsd" name="TestSuite" time="30.257" tests="15" errors="0" skipped="12" failures="3">
  <properties>
[...]
</properties>
  <testcase name="AddEmailEmptyAndPassword" classname="asala.test.AsalaLoginTest" time="6.629">
    <failure message="Failed to convert data to an object&#10;Build info: version: &apos;3.14.0&apos;, revision: &apos;aacccce0&apos;, time: &apos;2018-08-02T20:19:58.91Z&apos;&#10;System info: host: &apos;Be-Max&apos;, ip: &apos;127.0.1.1&apos;, os.name: &apos;Linux&apos;, os.arch: &apos;amd64&apos;, os.version: &apos;4.15.0-36-generic&apos;, java.version: &apos;1.8.0_181&apos;&#10;Driver info: org.openqa.selenium.firefox.FirefoxDriver&#10;Capabilities {acceptInsecureCerts: true, browserName: firefox, browserVersion: 62.0.3, javascriptEnabled: true, moz:accessibilityChecks: false, moz:headless: false, moz:processID: 4240, moz:profile: /tmp/rust_mozprofile.6agE2J..., moz:useNonSpecCompliantPointerOrigin: false, moz:webdriverClick: true, pageLoadStrategy: normal, platform: LINUX, platformName: LINUX, platformVersion: 4.15.0-36-generic, rotatable: false, timeouts: {implicit: 0, pageLoad: 300000, script: 30000}}&#10;Session ID: 75883e7f-6ad1-48aa-aa5a-d65a165f9fc3&#10;*** Element info: {Using=css selector, value=#root &gt; div &gt; div &gt; div.login-box-body &gt; form &gt; div:nth-child(1) &gt; input}" type="org.openqa.selenium.WebDriverException">org.openqa.selenium.WebDriverException: 
Failed to convert data to an object
Build info: version: '3.14.0', revision: 'aacccce0', time: '2018-08-02T20:19:58.91Z'
System info: host: 'Be-Max', ip: '127.0.1.1', os.name: 'Linux', os.arch: 'amd64', os.version: '4.15.0-36-generic', java.version: '1.8.0_181'
Driver info: org.openqa.selenium.firefox.FirefoxDriver
Capabilities {acceptInsecureCerts: true, browserName: firefox, browserVersion: 62.0.3, javascriptEnabled: true, moz:accessibilityChecks: false, moz:headless: false, moz:processID: 4240, moz:profile: /tmp/rust_mozprofile.6agE2J..., moz:useNonSpecCompliantPointerOrigin: false, moz:webdriverClick: true, pageLoadStrategy: normal, platform: LINUX, platformName: LINUX, platformVersion: 4.15.0-36-generic, rotatable: false, timeouts: {implicit: 0, pageLoad: 300000, script: 30000}}
Session ID: 75883e7f-6ad1-48aa-aa5a-d65a165f9fc3
*** Element info: {Using=css selector, value=#root > div > div > div.login-box-body > form > div:nth-child(1) > input}
	at asala.test.AsalaLoginTest.AddEmailEmptyAndPassword(AsalaLoginTest.java:17)
</failure>
    <system-err><![CDATA[1539537732876	geckodriver	INFO	geckodriver 0.20.1
1539537732926	geckodriver	INFO	Listening on 127.0.0.1:20356
1539537733348	mozrunner::runner	INFO	Running command: "/usr/lib/firefox/firefox" "-marionette" "-profile" "/tmp/rust_mozprofile.6agE2J6Zq1iG"
1539537743467	Marionette	INFO	Listening on port 36681
1539537743515	Marionette	WARN	TLS certificate errors will be ignored for this session
1539537743590	Marionette	DEBUG	[2147483649] Frame script loaded
1539537743660	Marionette	DEBUG	[2147483649] Frame script registered
Oct 14, 2018 7:22:23 PM org.openqa.selenium.remote.ProtocolHandshake createSession
INFO: Detected dialect: W3C
1539537744380	Marionette	DEBUG	[2147483649] Received DOM event beforeunload for about:blank
1539537749409	Marionette	DEBUG	[2147483649] Received DOM event pagehide for about:blank
1539537749429	Marionette	DEBUG	[2147483649] Received DOM event beforeunload for https://wifi.bibalex.org/guest/guestlogin.php?cmd=login&mac=f8:63:3f:e2:25:1b&ip=10.35.220.147&essid=BA%2DGuest&apname=PLAZA_3&apgroup=BA-Staff_Guest&url=https%3A%2F%2Fasala%2Ddashboard%2Eibtikar%2Enet%2Esa%2Fauth%2Flogin
1539537749434	Marionette	DEBUG	[2147483649] Received DOM event pageshow for https://wifi.bibalex.org/guest/guestlogin.php?cmd=login&mac=f8:63:3f:e2:25:1b&ip=10.35.220.147&essid=BA%2DGuest&apname=PLAZA_3&apgroup=BA-Staff_Guest&url=https%3A%2F%2Fasala%2Ddashboard%2Eibtikar%2Enet%2Esa%2Fauth%2Flogin
1539537749987	Marionette	DEBUG	[2147483649] Received DOM event DOMContentLoaded for https://wifi.bibalex.org/guest/guestlogin.php?cmd=login&mac=f8:63:3f:e2:25:1b&ip=10.35.220.147&essid=BA%2DGuest&apname=PLAZA_3&apgroup=BA-Staff_Guest&url=https%3A%2F%2Fasala%2Ddashboard%2Eibtikar%2Enet%2Esa%2Fauth%2Flogin
1539537750664	Marionette	DEBUG	[2147483649] Received DOM event unload for https://wifi.bibalex.org/guest/guestlogin.php?cmd=login&mac=f8:63:3f:e2:25:1b&ip=10.35.220.147&essid=BA%2DGuest&apname=PLAZA_3&apgroup=BA-Staff_Guest&url=https%3A%2F%2Fasala%2Ddashboard%2Eibtikar%2Enet%2Esa%2Fauth%2Flogin
1539537752952	Marionette	DEBUG	[2147483649] Received DOM event DOMContentLoaded for https://wifi.bibalex.org/guest/guestlogin.php?cmd=login&mac=f8:63:3f:e2:25:1b&ip=10.35.220.147&essid=BA%2DGuest&apname=PLAZA_3&apgroup=BA-Staff_Guest&url=https%3A%2F%2Fasala%2Ddashboard%2Eibtikar%2Enet%2Esa%2Fauth%2Flogin&_browser=1
1539537752969	Marionette	DEBUG	[2147483649] Received DOM event pageshow for https://wifi.bibalex.org/guest/guestlogin.php?cmd=login&mac=f8:63:3f:e2:25:1b&ip=10.35.220.147&essid=BA%2DGuest&apname=PLAZA_3&apgroup=BA-Staff_Guest&url=https%3A%2F%2Fasala%2Ddashboard%2Eibtikar%2Enet%2Esa%2Fauth%2Flogin&_browser=1
]]></system-err>
  </testcase>
  <testcase name="screenShootsOnFailure" classname="asala.test.AsalaLoginTest" time="7.853">
    <failure message="Failed to decode response from marionette&#10;Build info: version: &apos;3.14.0&apos;, revision: &apos;aacccce0&apos;, time: &apos;2018-08-02T20:19:58.91Z&apos;&#10;System info: host: &apos;Be-Max&apos;, ip: &apos;127.0.1.1&apos;, os.name: &apos;Linux&apos;, os.arch: &apos;amd64&apos;, os.version: &apos;4.15.0-36-generic&apos;, java.version: &apos;1.8.0_181&apos;&#10;Driver info: org.openqa.selenium.firefox.FirefoxDriver&#10;Capabilities {acceptInsecureCerts: true, browserName: firefox, browserVersion: 62.0.3, javascriptEnabled: true, moz:accessibilityChecks: false, moz:headless: false, moz:processID: 4240, moz:profile: /tmp/rust_mozprofile.6agE2J..., moz:useNonSpecCompliantPointerOrigin: false, moz:webdriverClick: true, pageLoadStrategy: normal, platform: LINUX, platformName: LINUX, platformVersion: 4.15.0-36-generic, rotatable: false, timeouts: {implicit: 0, pageLoad: 300000, script: 30000}}&#10;Session ID: 75883e7f-6ad1-48aa-aa5a-d65a165f9fc3" type="org.openqa.selenium.WebDriverException">org.openqa.selenium.WebDriverException: 
Failed to decode response from marionette
Build info: version: '3.14.0', revision: 'aacccce0', time: '2018-08-02T20:19:58.91Z'
System info: host: 'Be-Max', ip: '127.0.1.1', os.name: 'Linux', os.arch: 'amd64', os.version: '4.15.0-36-generic', java.version: '1.8.0_181'
Driver info: org.openqa.selenium.firefox.FirefoxDriver
Capabilities {acceptInsecureCerts: true, browserName: firefox, browserVersion: 62.0.3, javascriptEnabled: true, moz:accessibilityChecks: false, moz:headless: false, moz:processID: 4240, moz:profile: /tmp/rust_mozprofile.6agE2J..., moz:useNonSpecCompliantPointerOrigin: false, moz:webdriverClick: true, pageLoadStrategy: normal, platform: LINUX, platformName: LINUX, platformVersion: 4.15.0-36-generic, rotatable: false, timeouts: {implicit: 0, pageLoad: 300000, script: 30000}}
Session ID: 75883e7f-6ad1-48aa-aa5a-d65a165f9fc3
</failure>
    <system-out><![CDATA[Failed!
Taking ScreenShot.......
]]></system-out>
    <system-err><![CDATA[1539537760263	Marionette	INFO	Stopped listening on port 36681
]]></system-err>
  </testcase>
  <testcase name="screenShootsOnFailure" classname="asala.test.AsalaLoginTest" time="0">
    <skipped/>
  </testcase>
  <testcase name="screenShootsOnFailure" classname="asala.test.AsalaLoginTest" time="0">
    <skipped/>
  </testcase>
  <testcase name="screenShootsOnFailure" classname="asala.test.AsalaLoginTest" time="0">
    <skipped/>
  </testcase>
  <testcase name="screenShootsOnFailure" classname="asala.test.AsalaLoginTest" time="0">
    <skipped/>
  </testcase>
  <testcase name="screenShootsOnFailure" classname="asala.test.AsalaLoginTest" time="0">
    <skipped/>
  </testcase>
  <testcase name="screenShootsOnFailure" classname="asala.test.AsalaLoginTest" time="0">
    <skipped/>
  </testcase>
  <testcase name="AddEmailEmptyButAddPasword" classname="asala.test.AsalaLoginTest" time="0">
    <skipped message="Failed to decode response from marionette&#10;Build info: version: &apos;3.14.0&apos;, revision: &apos;aacccce0&apos;, time: &apos;2018-08-02T20:19:58.91Z&apos;&#10;System info: host: &apos;Be-Max&apos;, ip: &apos;127.0.1.1&apos;, os.name: &apos;Linux&apos;, os.arch: &apos;amd64&apos;, os.version: &apos;4.15.0-36-generic&apos;, java.version: &apos;1.8.0_181&apos;&#10;Driver info: org.openqa.selenium.firefox.FirefoxDriver&#10;Capabilities {acceptInsecureCerts: true, browserName: firefox, browserVersion: 62.0.3, javascriptEnabled: true, moz:accessibilityChecks: false, moz:headless: false, moz:processID: 4240, moz:profile: /tmp/rust_mozprofile.6agE2J..., moz:useNonSpecCompliantPointerOrigin: false, moz:webdriverClick: true, pageLoadStrategy: normal, platform: LINUX, platformName: LINUX, platformVersion: 4.15.0-36-generic, rotatable: false, timeouts: {implicit: 0, pageLoad: 300000, script: 30000}}&#10;Session ID: 75883e7f-6ad1-48aa-aa5a-d65a165f9fc3"/>
  </testcase>
  <testcase name="AddEmailButAddPaswordEmpty" classname="asala.test.AsalaLoginTest" time="0">
    <skipped message="Failed to decode response from marionette&#10;Build info: version: &apos;3.14.0&apos;, revision: &apos;aacccce0&apos;, time: &apos;2018-08-02T20:19:58.91Z&apos;&#10;System info: host: &apos;Be-Max&apos;, ip: &apos;127.0.1.1&apos;, os.name: &apos;Linux&apos;, os.arch: &apos;amd64&apos;, os.version: &apos;4.15.0-36-generic&apos;, java.version: &apos;1.8.0_181&apos;&#10;Driver info: org.openqa.selenium.firefox.FirefoxDriver&#10;Capabilities {acceptInsecureCerts: true, browserName: firefox, browserVersion: 62.0.3, javascriptEnabled: true, moz:accessibilityChecks: false, moz:headless: false, moz:processID: 4240, moz:profile: /tmp/rust_mozprofile.6agE2J..., moz:useNonSpecCompliantPointerOrigin: false, moz:webdriverClick: true, pageLoadStrategy: normal, platform: LINUX, platformName: LINUX, platformVersion: 4.15.0-36-generic, rotatable: false, timeouts: {implicit: 0, pageLoad: 300000, script: 30000}}&#10;Session ID: 75883e7f-6ad1-48aa-aa5a-d65a165f9fc3"/>
  </testcase>
  <testcase name="AddWrongEmailButVaildPassword" classname="asala.test.AsalaLoginTest" time="0">
    <skipped message="Failed to decode response from marionette&#10;Build info: version: &apos;3.14.0&apos;, revision: &apos;aacccce0&apos;, time: &apos;2018-08-02T20:19:58.91Z&apos;&#10;System info: host: &apos;Be-Max&apos;, ip: &apos;127.0.1.1&apos;, os.name: &apos;Linux&apos;, os.arch: &apos;amd64&apos;, os.version: &apos;4.15.0-36-generic&apos;, java.version: &apos;1.8.0_181&apos;&#10;Driver info: org.openqa.selenium.firefox.FirefoxDriver&#10;Capabilities {acceptInsecureCerts: true, browserName: firefox, browserVersion: 62.0.3, javascriptEnabled: true, moz:accessibilityChecks: false, moz:headless: false, moz:processID: 4240, moz:profile: /tmp/rust_mozprofile.6agE2J..., moz:useNonSpecCompliantPointerOrigin: false, moz:webdriverClick: true, pageLoadStrategy: normal, platform: LINUX, platformName: LINUX, platformVersion: 4.15.0-36-generic, rotatable: false, timeouts: {implicit: 0, pageLoad: 300000, script: 30000}}&#10;Session ID: 75883e7f-6ad1-48aa-aa5a-d65a165f9fc3"/>
  </testcase>
  <testcase name="AddValidEmailButWrongPasswordPassword" classname="asala.test.AsalaLoginTest" time="0">
    <skipped message="Failed to decode response from marionette&#10;Build info: version: &apos;3.14.0&apos;, revision: &apos;aacccce0&apos;, time: &apos;2018-08-02T20:19:58.91Z&apos;&#10;System info: host: &apos;Be-Max&apos;, ip: &apos;127.0.1.1&apos;, os.name: &apos;Linux&apos;, os.arch: &apos;amd64&apos;, os.version: &apos;4.15.0-36-generic&apos;, java.version: &apos;1.8.0_181&apos;&#10;Driver info: org.openqa.selenium.firefox.FirefoxDriver&#10;Capabilities {acceptInsecureCerts: true, browserName: firefox, browserVersion: 62.0.3, javascriptEnabled: true, moz:accessibilityChecks: false, moz:headless: false, moz:processID: 4240, moz:profile: /tmp/rust_mozprofile.6agE2J..., moz:useNonSpecCompliantPointerOrigin: false, moz:webdriverClick: true, pageLoadStrategy: normal, platform: LINUX, platformName: LINUX, platformVersion: 4.15.0-36-generic, rotatable: false, timeouts: {implicit: 0, pageLoad: 300000, script: 30000}}&#10;Session ID: 75883e7f-6ad1-48aa-aa5a-d65a165f9fc3"/>
  </testcase>
  <testcase name="AddValidEmailAndPasswordInActiveUSer" classname="asala.test.AsalaLoginTest" time="0">
    <skipped message="Failed to decode response from marionette&#10;Build info: version: &apos;3.14.0&apos;, revision: &apos;aacccce0&apos;, time: &apos;2018-08-02T20:19:58.91Z&apos;&#10;System info: host: &apos;Be-Max&apos;, ip: &apos;127.0.1.1&apos;, os.name: &apos;Linux&apos;, os.arch: &apos;amd64&apos;, os.version: &apos;4.15.0-36-generic&apos;, java.version: &apos;1.8.0_181&apos;&#10;Driver info: org.openqa.selenium.firefox.FirefoxDriver&#10;Capabilities {acceptInsecureCerts: true, browserName: firefox, browserVersion: 62.0.3, javascriptEnabled: true, moz:accessibilityChecks: false, moz:headless: false, moz:processID: 4240, moz:profile: /tmp/rust_mozprofile.6agE2J..., moz:useNonSpecCompliantPointerOrigin: false, moz:webdriverClick: true, pageLoadStrategy: normal, platform: LINUX, platformName: LINUX, platformVersion: 4.15.0-36-generic, rotatable: false, timeouts: {implicit: 0, pageLoad: 300000, script: 30000}}&#10;Session ID: 75883e7f-6ad1-48aa-aa5a-d65a165f9fc3"/>
  </testcase>
  <testcase name="AddValidEmailAndPasswordActiveUSerSuperAdmin" classname="asala.test.AsalaLoginTest" time="0">
    <skipped message="Failed to decode response from marionette&#10;Build info: version: &apos;3.14.0&apos;, revision: &apos;aacccce0&apos;, time: &apos;2018-08-02T20:19:58.91Z&apos;&#10;System info: host: &apos;Be-Max&apos;, ip: &apos;127.0.1.1&apos;, os.name: &apos;Linux&apos;, os.arch: &apos;amd64&apos;, os.version: &apos;4.15.0-36-generic&apos;, java.version: &apos;1.8.0_181&apos;&#10;Driver info: org.openqa.selenium.firefox.FirefoxDriver&#10;Capabilities {acceptInsecureCerts: true, browserName: firefox, browserVersion: 62.0.3, javascriptEnabled: true, moz:accessibilityChecks: false, moz:headless: false, moz:processID: 4240, moz:profile: /tmp/rust_mozprofile.6agE2J..., moz:useNonSpecCompliantPointerOrigin: false, moz:webdriverClick: true, pageLoadStrategy: normal, platform: LINUX, platformName: LINUX, platformVersion: 4.15.0-36-generic, rotatable: false, timeouts: {implicit: 0, pageLoad: 300000, script: 30000}}&#10;Session ID: 75883e7f-6ad1-48aa-aa5a-d65a165f9fc3"/>
  </testcase>
  <testcase name="stopDriver" classname="asala.test.AsalaLoginTest" time="8.034">
    <failure message="Tried to run command without establishing a connection&#10;Build info: version: &apos;3.14.0&apos;, revision: &apos;aacccce0&apos;, time: &apos;2018-08-02T20:19:58.91Z&apos;&#10;System info: host: &apos;Be-Max&apos;, ip: &apos;127.0.1.1&apos;, os.name: &apos;Linux&apos;, os.arch: &apos;amd64&apos;, os.version: &apos;4.15.0-36-generic&apos;, java.version: &apos;1.8.0_181&apos;&#10;Driver info: org.openqa.selenium.firefox.FirefoxDriver&#10;Capabilities {acceptInsecureCerts: true, browserName: firefox, browserVersion: 62.0.3, javascriptEnabled: true, moz:accessibilityChecks: false, moz:headless: false, moz:processID: 4240, moz:profile: /tmp/rust_mozprofile.6agE2J..., moz:useNonSpecCompliantPointerOrigin: false, moz:webdriverClick: true, pageLoadStrategy: normal, platform: LINUX, platformName: LINUX, platformVersion: 4.15.0-36-generic, rotatable: false, timeouts: {implicit: 0, pageLoad: 300000, script: 30000}}&#10;Session ID: 75883e7f-6ad1-48aa-aa5a-d65a165f9fc3" type="org.openqa.selenium.SessionNotCreatedException">org.openqa.selenium.SessionNotCreatedException: 
Tried to run command without establishing a connection
Build info: version: '3.14.0', revision: 'aacccce0', time: '2018-08-02T20:19:58.91Z'
System info: host: 'Be-Max', ip: '127.0.1.1', os.name: 'Linux', os.arch: 'amd64', os.version: '4.15.0-36-generic', java.version: '1.8.0_181'
Driver info: org.openqa.selenium.firefox.FirefoxDriver
Capabilities {acceptInsecureCerts: true, browserName: firefox, browserVersion: 62.0.3, javascriptEnabled: true, moz:accessibilityChecks: false, moz:headless: false, moz:processID: 4240, moz:profile: /tmp/rust_mozprofile.6agE2J..., moz:useNonSpecCompliantPointerOrigin: false, moz:webdriverClick: true, pageLoadStrategy: normal, platform: LINUX, platformName: LINUX, platformVersion: 4.15.0-36-generic, rotatable: false, timeouts: {implicit: 0, pageLoad: 300000, script: 30000}}
Session ID: 75883e7f-6ad1-48aa-aa5a-d65a165f9fc3
</failure>
  </testcase>
</testsuite>