<?xml version="1.0" encoding="UTF-8"?>
<testsuite xmlns:xsi="http://www.w3.org/2001/XMLSchema-instance" xsi:noNamespaceSchemaLocation="https://maven.apache.org/surefire/maven-surefire-plugin/xsd/surefire-test-report.xsd" name="TestSuite" time="18.015" tests="7" errors="0" skipped="0" failures="0">
  <properties>
[...]
</properties>
  <testcase name="AddEmailEmptyAndPassword" classname="asala.test.AsalaLoginTest" time="0.53"/>
  <testcase name="AddEmailEmptyButAddPasword" classname="asala.test.AsalaLoginTest" time="0.31"/>
  <testcase name="AddEmailButAddPaswordEmpty" classname="asala.test.AsalaLoginTest" time="0.377"/>
  <testcase name="AddWrongEmailButVaildPassword" classname="asala.test.AsalaLoginTest" time="0.362"/>
  <testcase name="AddValidEmailButWrongPasswordPassword" classname="asala.test.AsalaLoginTest" time="2.907"/>
  <testcase name="AddValidEmailAndPasswordInActiveUSer" classname="asala.test.AsalaLoginTest" time="0.361"/>
  <testcase name="AddValidEmailAndPasswordActiveUSer" classname="asala.test.AsalaLoginTest" time="0.362"/>
</testsuite>