<?xml version="1.0" encoding="UTF-8"?>
<testng-results skipped="0" failed="0" ignored="0" total="2" passed="2">
  <reporter-output>
  </reporter-output>
  <suite name="Default suite" duration-ms="3150" started-at="2018-10-26T19:37:12Z" finished-at="2018-10-26T19:37:15Z">
    <groups>
    </groups>
    <test name="Default test" duration-ms="3150" started-at="2018-10-26T19:37:12Z" finished-at="2018-10-26T19:37:15Z">
      <class name="asala.test.AsalaMangeStoreTest">
        <test-method status="PASS" signature="startDriver(java.lang.String)[pri:0, instance:asala.test.AsalaMangeStoreTest@4b952a2d]" name="startDriver" is-config="true" duration-ms="9506" started-at="2018-10-26T19:37:02Z" finished-at="2018-10-26T19:37:12Z">
          <params>
            <param index="0">
              <value>
                <![CDATA[firefox]]>
              </value>
            </param>
          </params>
          <reporter-output>
          </reporter-output>
        </test-method> <!-- startDriver -->
        <test-method status="PASS" signature="MakeLoginAndSelectMallAsSuuperAdmin()[pri:1, instance:asala.test.AsalaMangeStoreTest@4b952a2d]" name="MakeLoginAndSelectMallAsSuuperAdmin" duration-ms="3113" started-at="2018-10-26T19:37:12Z" finished-at="2018-10-26T19:37:15Z">
          <reporter-output>
          </reporter-output>
        </test-method> <!-- MakeLoginAndSelectMallAsSuuperAdmin -->
        <test-method status="PASS" signature="screenShootsOnFailure(org.testng.ITestResult)[pri:0, instance:asala.test.AsalaMangeStoreTest@4b952a2d]" name="screenShootsOnFailure" is-config="true" duration-ms="1" started-at="2018-10-26T19:37:15Z" finished-at="2018-10-26T19:37:15Z">
          <params>
            <param index="0">
              <value>
                <![CDATA[[TestResult name=MakeLoginAndSelectMallAsSuuperAdmin status=SUCCESS method=AsalaMangeStoreTest.MakeLoginAndSelectMallAsSuuperAdmin()[pri:1, instance:asala.test.AsalaMangeStoreTest@4b952a2d] output={null}]]]>
              </value>
            </param>
          </params>
          <reporter-output>
          </reporter-output>
        </test-method> <!-- screenShootsOnFailure -->
        <test-method status="PASS" signature="SelectMallAsSuperAdmin()[pri:2, instance:asala.test.AsalaMangeStoreTest@4b952a2d]" name="SelectMallAsSuperAdmin" duration-ms="2" started-at="2018-10-26T19:37:15Z" finished-at="2018-10-26T19:37:15Z">
          <reporter-output>
          </reporter-output>
        </test-method> <!-- SelectMallAsSuperAdmin -->
        <test-method status="PASS" signature="screenShootsOnFailure(org.testng.ITestResult)[pri:0, instance:asala.test.AsalaMangeStoreTest@4b952a2d]" name="screenShootsOnFailure" is-config="true" duration-ms="0" started-at="2018-10-26T19:37:15Z" finished-at="2018-10-26T19:37:15Z">
          <params>
            <param index="0">
              <value>
                <![CDATA[[TestResult name=SelectMallAsSuperAdmin status=SUCCESS method=AsalaMangeStoreTest.SelectMallAsSuperAdmin()[pri:2, instance:asala.test.AsalaMangeStoreTest@4b952a2d] output={null}]]]>
              </value>
            </param>
          </params>
          <reporter-output>
          </reporter-output>
        </test-method> <!-- screenShootsOnFailure -->
        <test-method status="PASS" signature="stopDriver()[pri:0, instance:asala.test.AsalaMangeStoreTest@4b952a2d]" name="stopDriver" is-config="true" duration-ms="1833" started-at="2018-10-26T19:37:15Z" finished-at="2018-10-26T19:37:17Z">
          <reporter-output>
          </reporter-output>
        </test-method> <!-- stopDriver -->
      </class> <!-- asala.test.AsalaMangeStoreTest -->
    </test> <!-- Default test -->
  </suite> <!-- Default suite -->
</testng-results>
