<?xml version="1.0" encoding="UTF-8"?>
<testng-results skipped="0" failed="6" ignored="0" total="17" passed="11">
  <reporter-output>
  </reporter-output>
  <suite name="Default suite" duration-ms="28622" started-at="2018-10-30T16:17:40Z" finished-at="2018-10-30T16:18:09Z">
    <groups>
    </groups>
    <test name="Default test" duration-ms="28622" started-at="2018-10-30T16:17:40Z" finished-at="2018-10-30T16:18:09Z">
      <class name="asala.test.AsalaLoginTest">
        <test-method status="PASS" signature="startDriver(java.lang.String)[pri:0, instance:asala.test.AsalaLoginTest@4883b407]" name="startDriver" is-config="true" duration-ms="3351" started-at="2018-10-30T16:17:37Z" finished-at="2018-10-30T16:17:40Z">
          <params>
            <param index="0">
              <value>
                <![CDATA[chrome]]>
              </value>
            </param>
          </params>
          <reporter-output>
          </reporter-output>
        </test-method> <!-- startDriver -->
        <test-method status="PASS" signature="AddEmailEmptyAndPassword()[pri:1, instance:asala.test.AsalaLoginTest@4883b407]" name="AddEmailEmptyAndPassword" duration-ms="271" started-at="2018-10-30T16:17:40Z" finished-at="2018-10-30T16:17:40Z">
          <reporter-output>
          </reporter-output>
        </test-method> <!-- AddEmailEmptyAndPassword -->
        <test-method status="PASS" signature="screenShootsOnFailure(org.testng.ITestResult)[pri:0, instance:asala.test.AsalaLoginTest@4883b407]" name="screenShootsOnFailure" is-config="true" duration-ms="1" started-at="2018-10-30T16:17:40Z" finished-at="2018-10-30T16:17:40Z">
          <params>
            <param index="0">
              <value>
                <![CDATA[[TestResult name=AddEmailEmptyAndPassword status=SUCCESS method=AsalaLoginTest.AddEmailEmptyAndPassword()[pri:1, instance:asala.test.AsalaLoginTest@4883b407] output={null}]]]>
              </value>
            </param>
          </params>
          <reporter-output>
          </reporter-output>
        </test-method> <!-- screenShootsOnFailure -->
        <test-method status="PASS" signature="AddEmailEmptyWrongFormat()[pri:2, instance:asala.test.AsalaLoginTest@4883b407]" name="AddEmailEmptyWrongFormat" duration-ms="183" started-at="2018-10-30T16:17:40Z" finished-at="2018-10-30T16:17:41Z">
          <reporter-output>
          </reporter-output>
        </test-method> <!-- AddEmailEmptyWrongFormat -->
        <test-method status="PASS" signature="screenShootsOnFailure(org.testng.ITestResult)[pri:0, instance:asala.test.AsalaLoginTest@4883b407]" name="screenShootsOnFailure" is-config="true" duration-ms="0" started-at="2018-10-30T16:17:41Z" finished-at="2018-10-30T16:17:41Z">
          <params>
            <param index="0">
              <value>
                <![CDATA[[TestResult name=AddEmailEmptyWrongFormat status=SUCCESS method=AsalaLoginTest.AddEmailEmptyWrongFormat()[pri:2, instance:asala.test.AsalaLoginTest@4883b407] output={null}]]]>
              </value>
            </param>
          </params>
          <reporter-output>
          </reporter-output>
        </test-method> <!-- screenShootsOnFailure -->
        <test-method status="FAIL" signature="AddEmailEmptyButAddPasword()[pri:3, instance:asala.test.AsalaLoginTest@4883b407]" name="AddEmailEmptyButAddPasword" duration-ms="180" started-at="2018-10-30T16:17:41Z" finished-at="2018-10-30T16:17:41Z">
          <exception class="java.lang.AssertionError">
            <message>
              <![CDATA[expected [true] but found [false]]]>
            </message>
            <full-stacktrace>
              <![CDATA[java.lang.AssertionError: expected [true] but found [false]
at org.testng.Assert.fail(Assert.java:96)
at org.testng.Assert.failNotEquals(Assert.java:776)
at org.testng.Assert.assertTrue(Assert.java:44)
at org.testng.Assert.assertTrue(Assert.java:54)
at asala.test.AsalaLoginTest.AddEmailEmptyButAddPasword(AsalaLoginTest.java:44)
at sun.reflect.NativeMethodAccessorImpl.invoke0(Native Method)
at sun.reflect.NativeMethodAccessorImpl.invoke(NativeMethodAccessorImpl.java:62)
at sun.reflect.DelegatingMethodAccessorImpl.invoke(DelegatingMethodAccessorImpl.java:43)
at java.lang.reflect.Method.invoke(Method.java:498)
at org.testng.internal.MethodInvocationHelper.invokeMethod(MethodInvocationHelper.java:124)
at org.testng.internal.Invoker.invokeMethod(Invoker.java:583)
at org.testng.internal.Invoker.invokeTestMethod(Invoker.java:719)
at org.testng.internal.Invoker.invokeTestMethods(Invoker.java:989)
at org.testng.internal.TestMethodWorker.invokeTestMethods(TestMethodWorker.java:125)
at org.testng.internal.TestMethodWorker.run(TestMethodWorker.java:109)
at org.testng.TestRunner.privateRun(TestRunner.java:648)
at org.testng.TestRunner.run(TestRunner.java:505)
at org.testng.SuiteRunner.runTest(SuiteRunner.java:455)
at org.testng.SuiteRunner.runSequentially(SuiteRunner.java:450)
at org.testng.SuiteRunner.privateRun(SuiteRunner.java:415)
at org.testng.SuiteRunner.run(SuiteRunner.java:364)
at org.testng.SuiteRunnerWorker.runSuite(SuiteRunnerWorker.java:52)
at org.testng.SuiteRunnerWorker.run(SuiteRunnerWorker.java:84)
at org.testng.TestNG.runSuitesSequentially(TestNG.java:1208)
at org.testng.TestNG.runSuitesLocally(TestNG.java:1137)
at org.testng.TestNG.runSuites(TestNG.java:1049)
at org.testng.TestNG.run(TestNG.java:1017)
at org.testng.remote.AbstractRemoteTestNG.run(AbstractRemoteTestNG.java:114)
at org.testng.remote.RemoteTestNG.initAndRun(RemoteTestNG.java:251)
at org.testng.remote.RemoteTestNG.main(RemoteTestNG.java:77)
]]>
            </full-stacktrace>
          </exception> <!-- java.lang.AssertionError -->
          <reporter-output>
          </reporter-output>
        </test-method> <!-- AddEmailEmptyButAddPasword -->
        <test-method status="PASS" signature="screenShootsOnFailure(org.testng.ITestResult)[pri:0, instance:asala.test.AsalaLoginTest@4883b407]" name="screenShootsOnFailure" is-config="true" duration-ms="111" started-at="2018-10-30T16:17:41Z" finished-at="2018-10-30T16:17:41Z">
          <params>
            <param index="0">
              <value>
                <![CDATA[[TestResult name=AddEmailEmptyButAddPasword status=FAILURE method=AsalaLoginTest.AddEmailEmptyButAddPasword()[pri:3, instance:asala.test.AsalaLoginTest@4883b407] output={null}]]]>
              </value>
            </param>
          </params>
          <reporter-output>
          </reporter-output>
        </test-method> <!-- screenShootsOnFailure -->
        <test-method status="FAIL" signature="AddEmailButAddPaswordEmpty()[pri:4, instance:asala.test.AsalaLoginTest@4883b407]" name="AddEmailButAddPaswordEmpty" duration-ms="249" started-at="2018-10-30T16:17:41Z" finished-at="2018-10-30T16:17:41Z">
          <exception class="java.lang.AssertionError">
            <message>
              <![CDATA[expected [true] but found [false]]]>
            </message>
            <full-stacktrace>
              <![CDATA[java.lang.AssertionError: expected [true] but found [false]
at org.testng.Assert.fail(Assert.java:96)
at org.testng.Assert.failNotEquals(Assert.java:776)
at org.testng.Assert.assertTrue(Assert.java:44)
at org.testng.Assert.assertTrue(Assert.java:54)
at asala.test.AsalaLoginTest.AddEmailButAddPaswordEmpty(AsalaLoginTest.java:55)
at sun.reflect.NativeMethodAccessorImpl.invoke0(Native Method)
at sun.reflect.NativeMethodAccessorImpl.invoke(NativeMethodAccessorImpl.java:62)
at sun.reflect.DelegatingMethodAccessorImpl.invoke(DelegatingMethodAccessorImpl.java:43)
at java.lang.reflect.Method.invoke(Method.java:498)
at org.testng.internal.MethodInvocationHelper.invokeMethod(MethodInvocationHelper.java:124)
at org.testng.internal.Invoker.invokeMethod(Invoker.java:583)
at org.testng.internal.Invoker.invokeTestMethod(Invoker.java:719)
at org.testng.internal.Invoker.invokeTestMethods(Invoker.java:989)
at org.testng.internal.TestMethodWorker.invokeTestMethods(TestMethodWorker.java:125)
at org.testng.internal.TestMethodWorker.run(TestMethodWorker.java:109)
at org.testng.TestRunner.privateRun(TestRunner.java:648)
at org.testng.TestRunner.run(TestRunner.java:505)
at org.testng.SuiteRunner.runTest(SuiteRunner.java:455)
at org.testng.SuiteRunner.runSequentially(SuiteRunner.java:450)
at org.testng.SuiteRunner.privateRun(SuiteRunner.java:415)
at org.testng.SuiteRunner.run(SuiteRunner.java:364)
at org.testng.SuiteRunnerWorker.runSuite(SuiteRunnerWorker.java:52)
at org.testng.SuiteRunnerWorker.run(SuiteRunnerWorker.java:84)
at org.testng.TestNG.runSuitesSequentially(TestNG.java:1208)
at org.testng.TestNG.runSuitesLocally(TestNG.java:1137)
at org.testng.TestNG.runSuites(TestNG.java:1049)
at org.testng.TestNG.run(TestNG.java:1017)
at org.testng.remote.AbstractRemoteTestNG.run(AbstractRemoteTestNG.java:114)
at org.testng.remote.RemoteTestNG.initAndRun(RemoteTestNG.java:251)
at org.testng.remote.RemoteTestNG.main(RemoteTestNG.java:77)
]]>
            </full-stacktrace>
          </exception> <!-- java.lang.AssertionError -->
          <reporter-output>
          </reporter-output>
        </test-method> <!-- AddEmailButAddPaswordEmpty -->
        <test-method status="PASS" signature="screenShootsOnFailure(org.testng.ITestResult)[pri:0, instance:asala.test.AsalaLoginTest@4883b407]" name="screenShootsOnFailure" is-config="true" duration-ms="109" started-at="2018-10-30T16:17:41Z" finished-at="2018-10-30T16:17:41Z">
          <params>
            <param index="0">
              <value>
                <![CDATA[[TestResult name=AddEmailButAddPaswordEmpty status=FAILURE method=AsalaLoginTest.AddEmailButAddPaswordEmpty()[pri:4, instance:asala.test.AsalaLoginTest@4883b407] output={null}]]]>
              </value>
            </param>
          </params>
          <reporter-output>
          </reporter-output>
        </test-method> <!-- screenShootsOnFailure -->
        <test-method status="PASS" signature="AddWrongEmailButVaildPassword()[pri:5, instance:asala.test.AsalaLoginTest@4883b407]" name="AddWrongEmailButVaildPassword" duration-ms="225" started-at="2018-10-30T16:17:41Z" finished-at="2018-10-30T16:17:41Z">
          <reporter-output>
          </reporter-output>
        </test-method> <!-- AddWrongEmailButVaildPassword -->
        <test-method status="PASS" signature="screenShootsOnFailure(org.testng.ITestResult)[pri:0, instance:asala.test.AsalaLoginTest@4883b407]" name="screenShootsOnFailure" is-config="true" duration-ms="0" started-at="2018-10-30T16:17:41Z" finished-at="2018-10-30T16:17:41Z">
          <params>
            <param index="0">
              <value>
                <![CDATA[[TestResult name=AddWrongEmailButVaildPassword status=SUCCESS method=AsalaLoginTest.AddWrongEmailButVaildPassword()[pri:5, instance:asala.test.AsalaLoginTest@4883b407] output={null}]]]>
              </value>
            </param>
          </params>
          <reporter-output>
          </reporter-output>
        </test-method> <!-- screenShootsOnFailure -->
        <test-method status="PASS" signature="AddValidEmailButWrongPasswordPassword()[pri:6, instance:asala.test.AsalaLoginTest@4883b407]" name="AddValidEmailButWrongPasswordPassword" duration-ms="852" started-at="2018-10-30T16:17:41Z" finished-at="2018-10-30T16:17:42Z">
          <reporter-output>
          </reporter-output>
        </test-method> <!-- AddValidEmailButWrongPasswordPassword -->
        <test-method status="PASS" signature="screenShootsOnFailure(org.testng.ITestResult)[pri:0, instance:asala.test.AsalaLoginTest@4883b407]" name="screenShootsOnFailure" is-config="true" duration-ms="0" started-at="2018-10-30T16:17:42Z" finished-at="2018-10-30T16:17:42Z">
          <params>
            <param index="0">
              <value>
                <![CDATA[[TestResult name=AddValidEmailButWrongPasswordPassword status=SUCCESS method=AsalaLoginTest.AddValidEmailButWrongPasswordPassword()[pri:6, instance:asala.test.AsalaLoginTest@4883b407] output={null}]]]>
              </value>
            </param>
          </params>
          <reporter-output>
          </reporter-output>
        </test-method> <!-- screenShootsOnFailure -->
        <test-method status="PASS" signature="AddValidEmailAndPasswordInActiveUSer()[pri:7, instance:asala.test.AsalaLoginTest@4883b407]" name="AddValidEmailAndPasswordInActiveUSer" duration-ms="3265" started-at="2018-10-30T16:17:42Z" finished-at="2018-10-30T16:17:46Z">
          <reporter-output>
          </reporter-output>
        </test-method> <!-- AddValidEmailAndPasswordInActiveUSer -->
        <test-method status="PASS" signature="screenShootsOnFailure(org.testng.ITestResult)[pri:0, instance:asala.test.AsalaLoginTest@4883b407]" name="screenShootsOnFailure" is-config="true" duration-ms="1" started-at="2018-10-30T16:17:46Z" finished-at="2018-10-30T16:17:46Z">
          <params>
            <param index="0">
              <value>
                <![CDATA[[TestResult name=AddValidEmailAndPasswordInActiveUSer status=SUCCESS method=AsalaLoginTest.AddValidEmailAndPasswordInActiveUSer()[pri:7, instance:asala.test.AsalaLoginTest@4883b407] output={null}]]]>
              </value>
            </param>
          </params>
          <reporter-output>
          </reporter-output>
        </test-method> <!-- screenShootsOnFailure -->
        <test-method status="FAIL" signature="AddEmailEmptyAndPasswordAr()[pri:8, instance:asala.test.AsalaLoginTest@4883b407]" name="AddEmailEmptyAndPasswordAr" duration-ms="2248" started-at="2018-10-30T16:17:46Z" finished-at="2018-10-30T16:17:48Z">
          <exception class="java.lang.AssertionError">
            <message>
              <![CDATA[expected [true] but found [false]]]>
            </message>
            <full-stacktrace>
              <![CDATA[java.lang.AssertionError: expected [true] but found [false]
at org.testng.Assert.fail(Assert.java:96)
at org.testng.Assert.failNotEquals(Assert.java:776)
at org.testng.Assert.assertTrue(Assert.java:44)
at org.testng.Assert.assertTrue(Assert.java:54)
at asala.test.AsalaLoginTest.AddEmailEmptyAndPasswordAr(AsalaLoginTest.java:105)
at sun.reflect.NativeMethodAccessorImpl.invoke0(Native Method)
at sun.reflect.NativeMethodAccessorImpl.invoke(NativeMethodAccessorImpl.java:62)
at sun.reflect.DelegatingMethodAccessorImpl.invoke(DelegatingMethodAccessorImpl.java:43)
at java.lang.reflect.Method.invoke(Method.java:498)
at org.testng.internal.MethodInvocationHelper.invokeMethod(MethodInvocationHelper.java:124)
at org.testng.internal.Invoker.invokeMethod(Invoker.java:583)
at org.testng.internal.Invoker.invokeTestMethod(Invoker.java:719)
at org.testng.internal.Invoker.invokeTestMethods(Invoker.java:989)
at org.testng.internal.TestMethodWorker.invokeTestMethods(TestMethodWorker.java:125)
at org.testng.internal.TestMethodWorker.run(TestMethodWorker.java:109)
at org.testng.TestRunner.privateRun(TestRunner.java:648)
at org.testng.TestRunner.run(TestRunner.java:505)
at org.testng.SuiteRunner.runTest(SuiteRunner.java:455)
at org.testng.SuiteRunner.runSequentially(SuiteRunner.java:450)
at org.testng.SuiteRunner.privateRun(SuiteRunner.java:415)
at org.testng.SuiteRunner.run(SuiteRunner.java:364)
at org.testng.SuiteRunnerWorker.runSuite(SuiteRunnerWorker.java:52)
at org.testng.SuiteRunnerWorker.run(SuiteRunnerWorker.java:84)
at org.testng.TestNG.runSuitesSequentially(TestNG.java:1208)
at org.testng.TestNG.runSuitesLocally(TestNG.java:1137)
at org.testng.TestNG.runSuites(TestNG.java:1049)
at org.testng.TestNG.run(TestNG.java:1017)
at org.testng.remote.AbstractRemoteTestNG.run(AbstractRemoteTestNG.java:114)
at org.testng.remote.RemoteTestNG.initAndRun(RemoteTestNG.java:251)
at org.testng.remote.RemoteTestNG.main(RemoteTestNG.java:77)
]]>
            </full-stacktrace>
          </exception> <!-- java.lang.AssertionError -->
          <reporter-output>
          </reporter-output>
        </test-method> <!-- AddEmailEmptyAndPasswordAr -->
        <test-method status="PASS" signature="screenShootsOnFailure(org.testng.ITestResult)[pri:0, instance:asala.test.AsalaLoginTest@4883b407]" name="screenShootsOnFailure" is-config="true" duration-ms="101" started-at="2018-10-30T16:17:48Z" finished-at="2018-10-30T16:17:48Z">
          <params>
            <param index="0">
              <value>
                <![CDATA[[TestResult name=AddEmailEmptyAndPasswordAr status=FAILURE method=AsalaLoginTest.AddEmailEmptyAndPasswordAr()[pri:8, instance:asala.test.AsalaLoginTest@4883b407] output={null}]]]>
              </value>
            </param>
          </params>
          <reporter-output>
          </reporter-output>
        </test-method> <!-- screenShootsOnFailure -->
        <test-method status="FAIL" signature="AddEmailEmptyWrongFormatAr()[pri:9, instance:asala.test.AsalaLoginTest@4883b407]" name="AddEmailEmptyWrongFormatAr" duration-ms="213" started-at="2018-10-30T16:17:48Z" finished-at="2018-10-30T16:17:48Z">
          <exception class="java.lang.AssertionError">
            <message>
              <![CDATA[expected [true] but found [false]]]>
            </message>
            <full-stacktrace>
              <![CDATA[java.lang.AssertionError: expected [true] but found [false]
at org.testng.Assert.fail(Assert.java:96)
at org.testng.Assert.failNotEquals(Assert.java:776)
at org.testng.Assert.assertTrue(Assert.java:44)
at org.testng.Assert.assertTrue(Assert.java:54)
at asala.test.AsalaLoginTest.AddEmailEmptyWrongFormatAr(AsalaLoginTest.java:117)
at sun.reflect.NativeMethodAccessorImpl.invoke0(Native Method)
at sun.reflect.NativeMethodAccessorImpl.invoke(NativeMethodAccessorImpl.java:62)
at sun.reflect.DelegatingMethodAccessorImpl.invoke(DelegatingMethodAccessorImpl.java:43)
at java.lang.reflect.Method.invoke(Method.java:498)
at org.testng.internal.MethodInvocationHelper.invokeMethod(MethodInvocationHelper.java:124)
at org.testng.internal.Invoker.invokeMethod(Invoker.java:583)
at org.testng.internal.Invoker.invokeTestMethod(Invoker.java:719)
at org.testng.internal.Invoker.invokeTestMethods(Invoker.java:989)
at org.testng.internal.TestMethodWorker.invokeTestMethods(TestMethodWorker.java:125)
at org.testng.internal.TestMethodWorker.run(TestMethodWorker.java:109)
at org.testng.TestRunner.privateRun(TestRunner.java:648)
at org.testng.TestRunner.run(TestRunner.java:505)
at org.testng.SuiteRunner.runTest(SuiteRunner.java:455)
at org.testng.SuiteRunner.runSequentially(SuiteRunner.java:450)
at org.testng.SuiteRunner.privateRun(SuiteRunner.java:415)
at org.testng.SuiteRunner.run(SuiteRunner.java:364)
at org.testng.SuiteRunnerWorker.runSuite(SuiteRunnerWorker.java:52)
at org.testng.SuiteRunnerWorker.run(SuiteRunnerWorker.java:84)
at org.testng.TestNG.runSuitesSequentially(TestNG.java:1208)
at org.testng.TestNG.runSuitesLocally(TestNG.java:1137)
at org.testng.TestNG.runSuites(TestNG.java:1049)
at org.testng.TestNG.run(TestNG.java:1017)
at org.testng.remote.AbstractRemoteTestNG.run(AbstractRemoteTestNG.java:114)
at org.testng.remote.RemoteTestNG.initAndRun(RemoteTestNG.java:251)
at org.testng.remote.RemoteTestNG.main(RemoteTestNG.java:77)
]]>
            </full-stacktrace>
          </exception> <!-- java.lang.AssertionError -->
          <reporter-output>
          </reporter-output>
        </test-method> <!-- AddEmailEmptyWrongFormatAr -->
        <test-method status="PASS" signature="screenShootsOnFailure(org.testng.ITestResult)[pri:0, instance:asala.test.AsalaLoginTest@4883b407]" name="screenShootsOnFailure" is-config="true" duration-ms="104" started-at="2018-10-30T16:17:48Z" finished-at="2018-10-30T16:17:48Z">
          <params>
            <param index="0">
              <value>
                <![CDATA[[TestResult name=AddEmailEmptyWrongFormatAr status=FAILURE method=AsalaLoginTest.AddEmailEmptyWrongFormatAr()[pri:9, instance:asala.test.AsalaLoginTest@4883b407] output={null}]]]>
              </value>
            </param>
          </params>
          <reporter-output>
          </reporter-output>
        </test-method> <!-- screenShootsOnFailure -->
        <test-method status="FAIL" signature="AddEmailEmptyButAddPaswordAr()[pri:10, instance:asala.test.AsalaLoginTest@4883b407]" name="AddEmailEmptyButAddPaswordAr" duration-ms="195" started-at="2018-10-30T16:17:48Z" finished-at="2018-10-30T16:17:48Z">
          <exception class="java.lang.AssertionError">
            <message>
              <![CDATA[expected [true] but found [false]]]>
            </message>
            <full-stacktrace>
              <![CDATA[java.lang.AssertionError: expected [true] but found [false]
at org.testng.Assert.fail(Assert.java:96)
at org.testng.Assert.failNotEquals(Assert.java:776)
at org.testng.Assert.assertTrue(Assert.java:44)
at org.testng.Assert.assertTrue(Assert.java:54)
at asala.test.AsalaLoginTest.AddEmailEmptyButAddPaswordAr(AsalaLoginTest.java:128)
at sun.reflect.NativeMethodAccessorImpl.invoke0(Native Method)
at sun.reflect.NativeMethodAccessorImpl.invoke(NativeMethodAccessorImpl.java:62)
at sun.reflect.DelegatingMethodAccessorImpl.invoke(DelegatingMethodAccessorImpl.java:43)
at java.lang.reflect.Method.invoke(Method.java:498)
at org.testng.internal.MethodInvocationHelper.invokeMethod(MethodInvocationHelper.java:124)
at org.testng.internal.Invoker.invokeMethod(Invoker.java:583)
at org.testng.internal.Invoker.invokeTestMethod(Invoker.java:719)
at org.testng.internal.Invoker.invokeTestMethods(Invoker.java:989)
at org.testng.internal.TestMethodWorker.invokeTestMethods(TestMethodWorker.java:125)
at org.testng.internal.TestMethodWorker.run(TestMethodWorker.java:109)
at org.testng.TestRunner.privateRun(TestRunner.java:648)
at org.testng.TestRunner.run(TestRunner.java:505)
at org.testng.SuiteRunner.runTest(SuiteRunner.java:455)
at org.testng.SuiteRunner.runSequentially(SuiteRunner.java:450)
at org.testng.SuiteRunner.privateRun(SuiteRunner.java:415)
at org.testng.SuiteRunner.run(SuiteRunner.java:364)
at org.testng.SuiteRunnerWorker.runSuite(SuiteRunnerWorker.java:52)
at org.testng.SuiteRunnerWorker.run(SuiteRunnerWorker.java:84)
at org.testng.TestNG.runSuitesSequentially(TestNG.java:1208)
at org.testng.TestNG.runSuitesLocally(TestNG.java:1137)
at org.testng.TestNG.runSuites(TestNG.java:1049)
at org.testng.TestNG.run(TestNG.java:1017)
at org.testng.remote.AbstractRemoteTestNG.run(AbstractRemoteTestNG.java:114)
at org.testng.remote.RemoteTestNG.initAndRun(RemoteTestNG.java:251)
at org.testng.remote.RemoteTestNG.main(RemoteTestNG.java:77)
]]>
            </full-stacktrace>
          </exception> <!-- java.lang.AssertionError -->
          <reporter-output>
          </reporter-output>
        </test-method> <!-- AddEmailEmptyButAddPaswordAr -->
        <test-method status="PASS" signature="screenShootsOnFailure(org.testng.ITestResult)[pri:0, instance:asala.test.AsalaLoginTest@4883b407]" name="screenShootsOnFailure" is-config="true" duration-ms="101" started-at="2018-10-30T16:17:48Z" finished-at="2018-10-30T16:17:49Z">
          <params>
            <param index="0">
              <value>
                <![CDATA[[TestResult name=AddEmailEmptyButAddPaswordAr status=FAILURE method=AsalaLoginTest.AddEmailEmptyButAddPaswordAr()[pri:10, instance:asala.test.AsalaLoginTest@4883b407] output={null}]]]>
              </value>
            </param>
          </params>
          <reporter-output>
          </reporter-output>
        </test-method> <!-- screenShootsOnFailure -->
        <test-method status="FAIL" signature="AddEmailButAddPaswordEmptyAr()[pri:11, instance:asala.test.AsalaLoginTest@4883b407]" name="AddEmailButAddPaswordEmptyAr" duration-ms="281" started-at="2018-10-30T16:17:49Z" finished-at="2018-10-30T16:17:49Z">
          <exception class="java.lang.AssertionError">
            <message>
              <![CDATA[expected [true] but found [false]]]>
            </message>
            <full-stacktrace>
              <![CDATA[java.lang.AssertionError: expected [true] but found [false]
at org.testng.Assert.fail(Assert.java:96)
at org.testng.Assert.failNotEquals(Assert.java:776)
at org.testng.Assert.assertTrue(Assert.java:44)
at org.testng.Assert.assertTrue(Assert.java:54)
at asala.test.AsalaLoginTest.AddEmailButAddPaswordEmptyAr(AsalaLoginTest.java:139)
at sun.reflect.NativeMethodAccessorImpl.invoke0(Native Method)
at sun.reflect.NativeMethodAccessorImpl.invoke(NativeMethodAccessorImpl.java:62)
at sun.reflect.DelegatingMethodAccessorImpl.invoke(DelegatingMethodAccessorImpl.java:43)
at java.lang.reflect.Method.invoke(Method.java:498)
at org.testng.internal.MethodInvocationHelper.invokeMethod(MethodInvocationHelper.java:124)
at org.testng.internal.Invoker.invokeMethod(Invoker.java:583)
at org.testng.internal.Invoker.invokeTestMethod(Invoker.java:719)
at org.testng.internal.Invoker.invokeTestMethods(Invoker.java:989)
at org.testng.internal.TestMethodWorker.invokeTestMethods(TestMethodWorker.java:125)
at org.testng.internal.TestMethodWorker.run(TestMethodWorker.java:109)
at org.testng.TestRunner.privateRun(TestRunner.java:648)
at org.testng.TestRunner.run(TestRunner.java:505)
at org.testng.SuiteRunner.runTest(SuiteRunner.java:455)
at org.testng.SuiteRunner.runSequentially(SuiteRunner.java:450)
at org.testng.SuiteRunner.privateRun(SuiteRunner.java:415)
at org.testng.SuiteRunner.run(SuiteRunner.java:364)
at org.testng.SuiteRunnerWorker.runSuite(SuiteRunnerWorker.java:52)
at org.testng.SuiteRunnerWorker.run(SuiteRunnerWorker.java:84)
at org.testng.TestNG.runSuitesSequentially(TestNG.java:1208)
at org.testng.TestNG.runSuitesLocally(TestNG.java:1137)
at org.testng.TestNG.runSuites(TestNG.java:1049)
at org.testng.TestNG.run(TestNG.java:1017)
at org.testng.remote.AbstractRemoteTestNG.run(AbstractRemoteTestNG.java:114)
at org.testng.remote.RemoteTestNG.initAndRun(RemoteTestNG.java:251)
at org.testng.remote.RemoteTestNG.main(RemoteTestNG.java:77)
]]>
            </full-stacktrace>
          </exception> <!-- java.lang.AssertionError -->
          <reporter-output>
          </reporter-output>
        </test-method> <!-- AddEmailButAddPaswordEmptyAr -->
        <test-method status="PASS" signature="screenShootsOnFailure(org.testng.ITestResult)[pri:0, instance:asala.test.AsalaLoginTest@4883b407]" name="screenShootsOnFailure" is-config="true" duration-ms="105" started-at="2018-10-30T16:17:49Z" finished-at="2018-10-30T16:17:49Z">
          <params>
            <param index="0">
              <value>
                <![CDATA[[TestResult name=AddEmailButAddPaswordEmptyAr status=FAILURE method=AsalaLoginTest.AddEmailButAddPaswordEmptyAr()[pri:11, instance:asala.test.AsalaLoginTest@4883b407] output={null}]]]>
              </value>
            </param>
          </params>
          <reporter-output>
          </reporter-output>
        </test-method> <!-- screenShootsOnFailure -->
        <test-method status="PASS" signature="AddWrongEmailButVaildPasswordAr()[pri:12, instance:asala.test.AsalaLoginTest@4883b407]" name="AddWrongEmailButVaildPasswordAr" duration-ms="262" started-at="2018-10-30T16:17:49Z" finished-at="2018-10-30T16:17:49Z">
          <reporter-output>
          </reporter-output>
        </test-method> <!-- AddWrongEmailButVaildPasswordAr -->
        <test-method status="PASS" signature="AddValidEmailButWrongPasswordPasswordAr()[pri:13, instance:asala.test.AsalaLoginTest@4883b407]" name="AddValidEmailButWrongPasswordPasswordAr" duration-ms="302" started-at="2018-10-30T16:17:49Z" finished-at="2018-10-30T16:17:50Z">
          <reporter-output>
          </reporter-output>
        </test-method> <!-- AddValidEmailButWrongPasswordPasswordAr -->
        <test-method status="PASS" signature="screenShootsOnFailure(org.testng.ITestResult)[pri:0, instance:asala.test.AsalaLoginTest@4883b407]" name="screenShootsOnFailure" is-config="true" duration-ms="0" started-at="2018-10-30T16:17:49Z" finished-at="2018-10-30T16:17:49Z">
          <params>
            <param index="0">
              <value>
                <![CDATA[[TestResult name=AddWrongEmailButVaildPasswordAr status=SUCCESS method=AsalaLoginTest.AddWrongEmailButVaildPasswordAr()[pri:12, instance:asala.test.AsalaLoginTest@4883b407] output={null}]]]>
              </value>
            </param>
          </params>
          <reporter-output>
          </reporter-output>
        </test-method> <!-- screenShootsOnFailure -->
        <test-method status="PASS" signature="screenShootsOnFailure(org.testng.ITestResult)[pri:0, instance:asala.test.AsalaLoginTest@4883b407]" name="screenShootsOnFailure" is-config="true" duration-ms="1" started-at="2018-10-30T16:17:50Z" finished-at="2018-10-30T16:17:50Z">
          <params>
            <param index="0">
              <value>
                <![CDATA[[TestResult name=AddValidEmailButWrongPasswordPasswordAr status=SUCCESS method=AsalaLoginTest.AddValidEmailButWrongPasswordPasswordAr()[pri:13, instance:asala.test.AsalaLoginTest@4883b407] output={null}]]]>
              </value>
            </param>
          </params>
          <reporter-output>
          </reporter-output>
        </test-method> <!-- screenShootsOnFailure -->
        <test-method status="PASS" signature="AddValidEmailAndPasswordInActiveUSerAr()[pri:14, instance:asala.test.AsalaLoginTest@4883b407]" name="AddValidEmailAndPasswordInActiveUSerAr" duration-ms="1229" started-at="2018-10-30T16:17:50Z" finished-at="2018-10-30T16:17:51Z">
          <reporter-output>
          </reporter-output>
        </test-method> <!-- AddValidEmailAndPasswordInActiveUSerAr -->
        <test-method status="PASS" signature="screenShootsOnFailure(org.testng.ITestResult)[pri:0, instance:asala.test.AsalaLoginTest@4883b407]" name="screenShootsOnFailure" is-config="true" duration-ms="1" started-at="2018-10-30T16:17:51Z" finished-at="2018-10-30T16:17:51Z">
          <params>
            <param index="0">
              <value>
                <![CDATA[[TestResult name=AddValidEmailAndPasswordInActiveUSerAr status=SUCCESS method=AsalaLoginTest.AddValidEmailAndPasswordInActiveUSerAr()[pri:14, instance:asala.test.AsalaLoginTest@4883b407] output={null}]]]>
              </value>
            </param>
          </params>
          <reporter-output>
          </reporter-output>
        </test-method> <!-- screenShootsOnFailure -->
        <test-method status="PASS" signature="AddValidEmailAndPasswordActiveUSerSuperAdmin()[pri:15, instance:asala.test.AsalaLoginTest@4883b407]" name="AddValidEmailAndPasswordActiveUSerSuperAdmin" duration-ms="16897" started-at="2018-10-30T16:17:51Z" finished-at="2018-10-30T16:18:08Z">
          <reporter-output>
          </reporter-output>
        </test-method> <!-- AddValidEmailAndPasswordActiveUSerSuperAdmin -->
        <test-method status="PASS" signature="screenShootsOnFailure(org.testng.ITestResult)[pri:0, instance:asala.test.AsalaLoginTest@4883b407]" name="screenShootsOnFailure" is-config="true" duration-ms="1" started-at="2018-10-30T16:18:08Z" finished-at="2018-10-30T16:18:08Z">
          <params>
            <param index="0">
              <value>
                <![CDATA[[TestResult name=AddValidEmailAndPasswordActiveUSerSuperAdmin status=SUCCESS method=AsalaLoginTest.AddValidEmailAndPasswordActiveUSerSuperAdmin()[pri:15, instance:asala.test.AsalaLoginTest@4883b407] output={null}]]]>
              </value>
            </param>
          </params>
          <reporter-output>
          </reporter-output>
        </test-method> <!-- screenShootsOnFailure -->
        <test-method status="PASS" signature="AddValidEmailAndPasswordActiveUSerMallAdmin()[pri:16, instance:asala.test.AsalaLoginTest@4883b407]" name="AddValidEmailAndPasswordActiveUSerMallAdmin" duration-ms="850" started-at="2018-10-30T16:18:08Z" finished-at="2018-10-30T16:18:09Z">
          <reporter-output>
          </reporter-output>
        </test-method> <!-- AddValidEmailAndPasswordActiveUSerMallAdmin -->
        <test-method status="PASS" signature="screenShootsOnFailure(org.testng.ITestResult)[pri:0, instance:asala.test.AsalaLoginTest@4883b407]" name="screenShootsOnFailure" is-config="true" duration-ms="1" started-at="2018-10-30T16:18:09Z" finished-at="2018-10-30T16:18:09Z">
          <params>
            <param index="0">
              <value>
                <![CDATA[[TestResult name=AddValidEmailAndPasswordActiveUSerMallAdmin status=SUCCESS method=AsalaLoginTest.AddValidEmailAndPasswordActiveUSerMallAdmin()[pri:16, instance:asala.test.AsalaLoginTest@4883b407] output={null}]]]>
              </value>
            </param>
          </params>
          <reporter-output>
          </reporter-output>
        </test-method> <!-- screenShootsOnFailure -->
        <test-method status="PASS" signature="AddValidEmailAndPasswordActiveUSerStoreAdmin()[pri:17, instance:asala.test.AsalaLoginTest@4883b407]" name="AddValidEmailAndPasswordActiveUSerStoreAdmin" duration-ms="247" started-at="2018-10-30T16:18:09Z" finished-at="2018-10-30T16:18:09Z">
          <reporter-output>
          </reporter-output>
        </test-method> <!-- AddValidEmailAndPasswordActiveUSerStoreAdmin -->
        <test-method status="PASS" signature="screenShootsOnFailure(org.testng.ITestResult)[pri:0, instance:asala.test.AsalaLoginTest@4883b407]" name="screenShootsOnFailure" is-config="true" duration-ms="0" started-at="2018-10-30T16:18:09Z" finished-at="2018-10-30T16:18:09Z">
          <params>
            <param index="0">
              <value>
                <![CDATA[[TestResult name=AddValidEmailAndPasswordActiveUSerStoreAdmin status=SUCCESS method=AsalaLoginTest.AddValidEmailAndPasswordActiveUSerStoreAdmin()[pri:17, instance:asala.test.AsalaLoginTest@4883b407] output={null}]]]>
              </value>
            </param>
          </params>
          <reporter-output>
          </reporter-output>
        </test-method> <!-- screenShootsOnFailure -->
        <test-method status="PASS" signature="stopDriver()[pri:0, instance:asala.test.AsalaLoginTest@4883b407]" name="stopDriver" is-config="true" duration-ms="75" started-at="2018-10-30T16:18:09Z" finished-at="2018-10-30T16:18:09Z">
          <reporter-output>
          </reporter-output>
        </test-method> <!-- stopDriver -->
      </class> <!-- asala.test.AsalaLoginTest -->
    </test> <!-- Default test -->
  </suite> <!-- Default suite -->
</testng-results>
