<?xml version="1.0" encoding="UTF-8"?>
<testng-results skipped="0" failed="0" ignored="0" total="17" passed="17">
  <reporter-output>
  </reporter-output>
  <suite name="Asala Dashboard Regression Suite" duration-ms="22909" started-at="2018-10-18T13:53:18Z" finished-at="2018-10-18T13:53:41Z">
    <groups>
    </groups>
    <test name="Regression Test" duration-ms="22909" started-at="2018-10-18T13:53:18Z" finished-at="2018-10-18T13:53:41Z">
      <class name="asala.test.AsalaLoginTest">
        <test-method status="PASS" signature="startDriver(java.lang.String)[pri:0, instance:asala.test.AsalaLoginTest@4bec1f0c]" name="startDriver" is-config="true" duration-ms="11269" started-at="2018-10-18T13:53:07Z" finished-at="2018-10-18T13:53:18Z">
          <params>
            <param index="0">
              <value>
                <![CDATA[firefox]]>
              </value>
            </param>
          </params>
          <reporter-output>
          </reporter-output>
        </test-method> <!-- startDriver -->
        <test-method status="PASS" signature="AddEmailEmptyAndPassword()[pri:1, instance:asala.test.AsalaLoginTest@4bec1f0c]" name="AddEmailEmptyAndPassword" duration-ms="427" started-at="2018-10-18T13:53:18Z" finished-at="2018-10-18T13:53:19Z">
          <reporter-output>
          </reporter-output>
        </test-method> <!-- AddEmailEmptyAndPassword -->
        <test-method status="PASS" signature="screenShootsOnFailure(org.testng.ITestResult)[pri:0, instance:asala.test.AsalaLoginTest@4bec1f0c]" name="screenShootsOnFailure" is-config="true" duration-ms="0" started-at="2018-10-18T13:53:19Z" finished-at="2018-10-18T13:53:19Z">
          <params>
            <param index="0">
              <value>
                <![CDATA[[TestResult name=AddEmailEmptyAndPassword status=SUCCESS method=AsalaLoginTest.AddEmailEmptyAndPassword()[pri:1, instance:asala.test.AsalaLoginTest@4bec1f0c] output={null}]]]>
              </value>
            </param>
          </params>
          <reporter-output>
          </reporter-output>
        </test-method> <!-- screenShootsOnFailure -->
        <test-method status="PASS" signature="AddEmailEmptyWrongFormat()[pri:2, instance:asala.test.AsalaLoginTest@4bec1f0c]" name="AddEmailEmptyWrongFormat" duration-ms="340" started-at="2018-10-18T13:53:19Z" finished-at="2018-10-18T13:53:19Z">
          <reporter-output>
          </reporter-output>
        </test-method> <!-- AddEmailEmptyWrongFormat -->
        <test-method status="PASS" signature="screenShootsOnFailure(org.testng.ITestResult)[pri:0, instance:asala.test.AsalaLoginTest@4bec1f0c]" name="screenShootsOnFailure" is-config="true" duration-ms="1" started-at="2018-10-18T13:53:19Z" finished-at="2018-10-18T13:53:19Z">
          <params>
            <param index="0">
              <value>
                <![CDATA[[TestResult name=AddEmailEmptyWrongFormat status=SUCCESS method=AsalaLoginTest.AddEmailEmptyWrongFormat()[pri:2, instance:asala.test.AsalaLoginTest@4bec1f0c] output={null}]]]>
              </value>
            </param>
          </params>
          <reporter-output>
          </reporter-output>
        </test-method> <!-- screenShootsOnFailure -->
        <test-method status="PASS" signature="AddEmailEmptyButAddPasword()[pri:3, instance:asala.test.AsalaLoginTest@4bec1f0c]" name="AddEmailEmptyButAddPasword" duration-ms="364" started-at="2018-10-18T13:53:19Z" finished-at="2018-10-18T13:53:20Z">
          <reporter-output>
          </reporter-output>
        </test-method> <!-- AddEmailEmptyButAddPasword -->
        <test-method status="PASS" signature="screenShootsOnFailure(org.testng.ITestResult)[pri:0, instance:asala.test.AsalaLoginTest@4bec1f0c]" name="screenShootsOnFailure" is-config="true" duration-ms="0" started-at="2018-10-18T13:53:20Z" finished-at="2018-10-18T13:53:20Z">
          <params>
            <param index="0">
              <value>
                <![CDATA[[TestResult name=AddEmailEmptyButAddPasword status=SUCCESS method=AsalaLoginTest.AddEmailEmptyButAddPasword()[pri:3, instance:asala.test.AsalaLoginTest@4bec1f0c] output={null}]]]>
              </value>
            </param>
          </params>
          <reporter-output>
          </reporter-output>
        </test-method> <!-- screenShootsOnFailure -->
        <test-method status="PASS" signature="AddEmailButAddPaswordEmpty()[pri:4, instance:asala.test.AsalaLoginTest@4bec1f0c]" name="AddEmailButAddPaswordEmpty" duration-ms="367" started-at="2018-10-18T13:53:20Z" finished-at="2018-10-18T13:53:20Z">
          <reporter-output>
          </reporter-output>
        </test-method> <!-- AddEmailButAddPaswordEmpty -->
        <test-method status="PASS" signature="screenShootsOnFailure(org.testng.ITestResult)[pri:0, instance:asala.test.AsalaLoginTest@4bec1f0c]" name="screenShootsOnFailure" is-config="true" duration-ms="0" started-at="2018-10-18T13:53:20Z" finished-at="2018-10-18T13:53:20Z">
          <params>
            <param index="0">
              <value>
                <![CDATA[[TestResult name=AddEmailButAddPaswordEmpty status=SUCCESS method=AsalaLoginTest.AddEmailButAddPaswordEmpty()[pri:4, instance:asala.test.AsalaLoginTest@4bec1f0c] output={null}]]]>
              </value>
            </param>
          </params>
          <reporter-output>
          </reporter-output>
        </test-method> <!-- screenShootsOnFailure -->
        <test-method status="PASS" signature="AddWrongEmailButVaildPassword()[pri:5, instance:asala.test.AsalaLoginTest@4bec1f0c]" name="AddWrongEmailButVaildPassword" duration-ms="341" started-at="2018-10-18T13:53:20Z" finished-at="2018-10-18T13:53:20Z">
          <reporter-output>
          </reporter-output>
        </test-method> <!-- AddWrongEmailButVaildPassword -->
        <test-method status="PASS" signature="screenShootsOnFailure(org.testng.ITestResult)[pri:0, instance:asala.test.AsalaLoginTest@4bec1f0c]" name="screenShootsOnFailure" is-config="true" duration-ms="0" started-at="2018-10-18T13:53:20Z" finished-at="2018-10-18T13:53:20Z">
          <params>
            <param index="0">
              <value>
                <![CDATA[[TestResult name=AddWrongEmailButVaildPassword status=SUCCESS method=AsalaLoginTest.AddWrongEmailButVaildPassword()[pri:5, instance:asala.test.AsalaLoginTest@4bec1f0c] output={null}]]]>
              </value>
            </param>
          </params>
          <reporter-output>
          </reporter-output>
        </test-method> <!-- screenShootsOnFailure -->
        <test-method status="PASS" signature="AddValidEmailButWrongPasswordPassword()[pri:6, instance:asala.test.AsalaLoginTest@4bec1f0c]" name="AddValidEmailButWrongPasswordPassword" duration-ms="582" started-at="2018-10-18T13:53:20Z" finished-at="2018-10-18T13:53:21Z">
          <reporter-output>
          </reporter-output>
        </test-method> <!-- AddValidEmailButWrongPasswordPassword -->
        <test-method status="PASS" signature="screenShootsOnFailure(org.testng.ITestResult)[pri:0, instance:asala.test.AsalaLoginTest@4bec1f0c]" name="screenShootsOnFailure" is-config="true" duration-ms="0" started-at="2018-10-18T13:53:21Z" finished-at="2018-10-18T13:53:21Z">
          <params>
            <param index="0">
              <value>
                <![CDATA[[TestResult name=AddValidEmailButWrongPasswordPassword status=SUCCESS method=AsalaLoginTest.AddValidEmailButWrongPasswordPassword()[pri:6, instance:asala.test.AsalaLoginTest@4bec1f0c] output={null}]]]>
              </value>
            </param>
          </params>
          <reporter-output>
          </reporter-output>
        </test-method> <!-- screenShootsOnFailure -->
        <test-method status="PASS" signature="AddValidEmailAndPasswordInActiveUSer()[pri:7, instance:asala.test.AsalaLoginTest@4bec1f0c]" name="AddValidEmailAndPasswordInActiveUSer" duration-ms="3359" started-at="2018-10-18T13:53:21Z" finished-at="2018-10-18T13:53:24Z">
          <reporter-output>
          </reporter-output>
        </test-method> <!-- AddValidEmailAndPasswordInActiveUSer -->
        <test-method status="PASS" signature="screenShootsOnFailure(org.testng.ITestResult)[pri:0, instance:asala.test.AsalaLoginTest@4bec1f0c]" name="screenShootsOnFailure" is-config="true" duration-ms="0" started-at="2018-10-18T13:53:24Z" finished-at="2018-10-18T13:53:24Z">
          <params>
            <param index="0">
              <value>
                <![CDATA[[TestResult name=AddValidEmailAndPasswordInActiveUSer status=SUCCESS method=AsalaLoginTest.AddValidEmailAndPasswordInActiveUSer()[pri:7, instance:asala.test.AsalaLoginTest@4bec1f0c] output={null}]]]>
              </value>
            </param>
          </params>
          <reporter-output>
          </reporter-output>
        </test-method> <!-- screenShootsOnFailure -->
        <test-method status="PASS" signature="AddEmailEmptyAndPasswordAr()[pri:8, instance:asala.test.AsalaLoginTest@4bec1f0c]" name="AddEmailEmptyAndPasswordAr" duration-ms="2617" started-at="2018-10-18T13:53:24Z" finished-at="2018-10-18T13:53:27Z">
          <reporter-output>
          </reporter-output>
        </test-method> <!-- AddEmailEmptyAndPasswordAr -->
        <test-method status="PASS" signature="screenShootsOnFailure(org.testng.ITestResult)[pri:0, instance:asala.test.AsalaLoginTest@4bec1f0c]" name="screenShootsOnFailure" is-config="true" duration-ms="0" started-at="2018-10-18T13:53:27Z" finished-at="2018-10-18T13:53:27Z">
          <params>
            <param index="0">
              <value>
                <![CDATA[[TestResult name=AddEmailEmptyAndPasswordAr status=SUCCESS method=AsalaLoginTest.AddEmailEmptyAndPasswordAr()[pri:8, instance:asala.test.AsalaLoginTest@4bec1f0c] output={null}]]]>
              </value>
            </param>
          </params>
          <reporter-output>
          </reporter-output>
        </test-method> <!-- screenShootsOnFailure -->
        <test-method status="PASS" signature="AddEmailEmptyWrongFormatAr()[pri:9, instance:asala.test.AsalaLoginTest@4bec1f0c]" name="AddEmailEmptyWrongFormatAr" duration-ms="580" started-at="2018-10-18T13:53:27Z" finished-at="2018-10-18T13:53:27Z">
          <reporter-output>
          </reporter-output>
        </test-method> <!-- AddEmailEmptyWrongFormatAr -->
        <test-method status="PASS" signature="screenShootsOnFailure(org.testng.ITestResult)[pri:0, instance:asala.test.AsalaLoginTest@4bec1f0c]" name="screenShootsOnFailure" is-config="true" duration-ms="0" started-at="2018-10-18T13:53:27Z" finished-at="2018-10-18T13:53:27Z">
          <params>
            <param index="0">
              <value>
                <![CDATA[[TestResult name=AddEmailEmptyWrongFormatAr status=SUCCESS method=AsalaLoginTest.AddEmailEmptyWrongFormatAr()[pri:9, instance:asala.test.AsalaLoginTest@4bec1f0c] output={null}]]]>
              </value>
            </param>
          </params>
          <reporter-output>
          </reporter-output>
        </test-method> <!-- screenShootsOnFailure -->
        <test-method status="PASS" signature="AddEmailEmptyButAddPaswordAr()[pri:10, instance:asala.test.AsalaLoginTest@4bec1f0c]" name="AddEmailEmptyButAddPaswordAr" duration-ms="333" started-at="2018-10-18T13:53:27Z" finished-at="2018-10-18T13:53:28Z">
          <reporter-output>
          </reporter-output>
        </test-method> <!-- AddEmailEmptyButAddPaswordAr -->
        <test-method status="PASS" signature="screenShootsOnFailure(org.testng.ITestResult)[pri:0, instance:asala.test.AsalaLoginTest@4bec1f0c]" name="screenShootsOnFailure" is-config="true" duration-ms="0" started-at="2018-10-18T13:53:28Z" finished-at="2018-10-18T13:53:28Z">
          <params>
            <param index="0">
              <value>
                <![CDATA[[TestResult name=AddEmailEmptyButAddPaswordAr status=SUCCESS method=AsalaLoginTest.AddEmailEmptyButAddPaswordAr()[pri:10, instance:asala.test.AsalaLoginTest@4bec1f0c] output={null}]]]>
              </value>
            </param>
          </params>
          <reporter-output>
          </reporter-output>
        </test-method> <!-- screenShootsOnFailure -->
        <test-method status="PASS" signature="AddEmailButAddPaswordEmptyAr()[pri:11, instance:asala.test.AsalaLoginTest@4bec1f0c]" name="AddEmailButAddPaswordEmptyAr" duration-ms="365" started-at="2018-10-18T13:53:28Z" finished-at="2018-10-18T13:53:28Z">
          <reporter-output>
          </reporter-output>
        </test-method> <!-- AddEmailButAddPaswordEmptyAr -->
        <test-method status="PASS" signature="screenShootsOnFailure(org.testng.ITestResult)[pri:0, instance:asala.test.AsalaLoginTest@4bec1f0c]" name="screenShootsOnFailure" is-config="true" duration-ms="1" started-at="2018-10-18T13:53:28Z" finished-at="2018-10-18T13:53:28Z">
          <params>
            <param index="0">
              <value>
                <![CDATA[[TestResult name=AddEmailButAddPaswordEmptyAr status=SUCCESS method=AsalaLoginTest.AddEmailButAddPaswordEmptyAr()[pri:11, instance:asala.test.AsalaLoginTest@4bec1f0c] output={null}]]]>
              </value>
            </param>
          </params>
          <reporter-output>
          </reporter-output>
        </test-method> <!-- screenShootsOnFailure -->
        <test-method status="PASS" signature="AddWrongEmailButVaildPasswordAr()[pri:12, instance:asala.test.AsalaLoginTest@4bec1f0c]" name="AddWrongEmailButVaildPasswordAr" duration-ms="362" started-at="2018-10-18T13:53:28Z" finished-at="2018-10-18T13:53:29Z">
          <reporter-output>
          </reporter-output>
        </test-method> <!-- AddWrongEmailButVaildPasswordAr -->
        <test-method status="PASS" signature="screenShootsOnFailure(org.testng.ITestResult)[pri:0, instance:asala.test.AsalaLoginTest@4bec1f0c]" name="screenShootsOnFailure" is-config="true" duration-ms="0" started-at="2018-10-18T13:53:29Z" finished-at="2018-10-18T13:53:29Z">
          <params>
            <param index="0">
              <value>
                <![CDATA[[TestResult name=AddWrongEmailButVaildPasswordAr status=SUCCESS method=AsalaLoginTest.AddWrongEmailButVaildPasswordAr()[pri:12, instance:asala.test.AsalaLoginTest@4bec1f0c] output={null}]]]>
              </value>
            </param>
          </params>
          <reporter-output>
          </reporter-output>
        </test-method> <!-- screenShootsOnFailure -->
        <test-method status="PASS" signature="AddValidEmailButWrongPasswordPasswordAr()[pri:13, instance:asala.test.AsalaLoginTest@4bec1f0c]" name="AddValidEmailButWrongPasswordPasswordAr" duration-ms="793" started-at="2018-10-18T13:53:29Z" finished-at="2018-10-18T13:53:29Z">
          <reporter-output>
          </reporter-output>
        </test-method> <!-- AddValidEmailButWrongPasswordPasswordAr -->
        <test-method status="PASS" signature="AddValidEmailAndPasswordInActiveUSerAr()[pri:14, instance:asala.test.AsalaLoginTest@4bec1f0c]" name="AddValidEmailAndPasswordInActiveUSerAr" duration-ms="1384" started-at="2018-10-18T13:53:29Z" finished-at="2018-10-18T13:53:31Z">
          <reporter-output>
          </reporter-output>
        </test-method> <!-- AddValidEmailAndPasswordInActiveUSerAr -->
        <test-method status="PASS" signature="screenShootsOnFailure(org.testng.ITestResult)[pri:0, instance:asala.test.AsalaLoginTest@4bec1f0c]" name="screenShootsOnFailure" is-config="true" duration-ms="0" started-at="2018-10-18T13:53:29Z" finished-at="2018-10-18T13:53:29Z">
          <params>
            <param index="0">
              <value>
                <![CDATA[[TestResult name=AddValidEmailButWrongPasswordPasswordAr status=SUCCESS method=AsalaLoginTest.AddValidEmailButWrongPasswordPasswordAr()[pri:13, instance:asala.test.AsalaLoginTest@4bec1f0c] output={null}]]]>
              </value>
            </param>
          </params>
          <reporter-output>
          </reporter-output>
        </test-method> <!-- screenShootsOnFailure -->
        <test-method status="PASS" signature="screenShootsOnFailure(org.testng.ITestResult)[pri:0, instance:asala.test.AsalaLoginTest@4bec1f0c]" name="screenShootsOnFailure" is-config="true" duration-ms="0" started-at="2018-10-18T13:53:31Z" finished-at="2018-10-18T13:53:31Z">
          <params>
            <param index="0">
              <value>
                <![CDATA[[TestResult name=AddValidEmailAndPasswordInActiveUSerAr status=SUCCESS method=AsalaLoginTest.AddValidEmailAndPasswordInActiveUSerAr()[pri:14, instance:asala.test.AsalaLoginTest@4bec1f0c] output={null}]]]>
              </value>
            </param>
          </params>
          <reporter-output>
          </reporter-output>
        </test-method> <!-- screenShootsOnFailure -->
        <test-method status="PASS" signature="AddValidEmailAndPasswordActiveUSerSuperAdmin()[pri:15, instance:asala.test.AsalaLoginTest@4bec1f0c]" name="AddValidEmailAndPasswordActiveUSerSuperAdmin" duration-ms="4387" started-at="2018-10-18T13:53:31Z" finished-at="2018-10-18T13:53:35Z">
          <reporter-output>
          </reporter-output>
        </test-method> <!-- AddValidEmailAndPasswordActiveUSerSuperAdmin -->
        <test-method status="PASS" signature="screenShootsOnFailure(org.testng.ITestResult)[pri:0, instance:asala.test.AsalaLoginTest@4bec1f0c]" name="screenShootsOnFailure" is-config="true" duration-ms="0" started-at="2018-10-18T13:53:35Z" finished-at="2018-10-18T13:53:35Z">
          <params>
            <param index="0">
              <value>
                <![CDATA[[TestResult name=AddValidEmailAndPasswordActiveUSerSuperAdmin status=SUCCESS method=AsalaLoginTest.AddValidEmailAndPasswordActiveUSerSuperAdmin()[pri:15, instance:asala.test.AsalaLoginTest@4bec1f0c] output={null}]]]>
              </value>
            </param>
          </params>
          <reporter-output>
          </reporter-output>
        </test-method> <!-- screenShootsOnFailure -->
        <test-method status="PASS" signature="AddValidEmailAndPasswordActiveUSerMallAdmin()[pri:16, instance:asala.test.AsalaLoginTest@4bec1f0c]" name="AddValidEmailAndPasswordActiveUSerMallAdmin" duration-ms="5881" started-at="2018-10-18T13:53:35Z" finished-at="2018-10-18T13:53:41Z">
          <reporter-output>
          </reporter-output>
        </test-method> <!-- AddValidEmailAndPasswordActiveUSerMallAdmin -->
        <test-method status="PASS" signature="screenShootsOnFailure(org.testng.ITestResult)[pri:0, instance:asala.test.AsalaLoginTest@4bec1f0c]" name="screenShootsOnFailure" is-config="true" duration-ms="1" started-at="2018-10-18T13:53:41Z" finished-at="2018-10-18T13:53:41Z">
          <params>
            <param index="0">
              <value>
                <![CDATA[[TestResult name=AddValidEmailAndPasswordActiveUSerMallAdmin status=SUCCESS method=AsalaLoginTest.AddValidEmailAndPasswordActiveUSerMallAdmin()[pri:16, instance:asala.test.AsalaLoginTest@4bec1f0c] output={null}]]]>
              </value>
            </param>
          </params>
          <reporter-output>
          </reporter-output>
        </test-method> <!-- screenShootsOnFailure -->
        <test-method status="PASS" signature="AddValidEmailAndPasswordActiveUSerStoreAdmin()[pri:17, instance:asala.test.AsalaLoginTest@4bec1f0c]" name="AddValidEmailAndPasswordActiveUSerStoreAdmin" duration-ms="357" started-at="2018-10-18T13:53:41Z" finished-at="2018-10-18T13:53:41Z">
          <reporter-output>
          </reporter-output>
        </test-method> <!-- AddValidEmailAndPasswordActiveUSerStoreAdmin -->
        <test-method status="PASS" signature="screenShootsOnFailure(org.testng.ITestResult)[pri:0, instance:asala.test.AsalaLoginTest@4bec1f0c]" name="screenShootsOnFailure" is-config="true" duration-ms="1" started-at="2018-10-18T13:53:41Z" finished-at="2018-10-18T13:53:41Z">
          <params>
            <param index="0">
              <value>
                <![CDATA[[TestResult name=AddValidEmailAndPasswordActiveUSerStoreAdmin status=SUCCESS method=AsalaLoginTest.AddValidEmailAndPasswordActiveUSerStoreAdmin()[pri:17, instance:asala.test.AsalaLoginTest@4bec1f0c] output={null}]]]>
              </value>
            </param>
          </params>
          <reporter-output>
          </reporter-output>
        </test-method> <!-- screenShootsOnFailure -->
        <test-method status="PASS" signature="stopDriver()[pri:0, instance:asala.test.AsalaLoginTest@4bec1f0c]" name="stopDriver" is-config="true" duration-ms="1267" started-at="2018-10-18T13:53:41Z" finished-at="2018-10-18T13:53:43Z">
          <reporter-output>
          </reporter-output>
        </test-method> <!-- stopDriver -->
      </class> <!-- asala.test.AsalaLoginTest -->
    </test> <!-- Regression Test -->
  </suite> <!-- Asala Dashboard Regression Suite -->
</testng-results>
