<?xml version="1.0" encoding="UTF-8"?>
<testng-results skipped="0" failed="0" ignored="0" total="1" passed="1">
  <reporter-output>
  </reporter-output>
  <suite name="Default suite" duration-ms="3078" started-at="2018-10-10T14:14:10Z" finished-at="2018-10-10T14:14:13Z">
    <groups>
    </groups>
    <test name="Default test" duration-ms="3078" started-at="2018-10-10T14:14:10Z" finished-at="2018-10-10T14:14:13Z">
      <class name="asala.test.AsalaTestBase">
        <test-method status="PASS" signature="startDriver(java.lang.String)[pri:0, instance:asala.test.AsalaTestBase@4883b407]" name="startDriver" is-config="true" duration-ms="3695" started-at="2018-10-10T14:14:06Z" finished-at="2018-10-10T14:14:10Z">
          <params>
            <param index="0">
              <value>
                <![CDATA[chrome]]>
              </value>
            </param>
          </params>
          <reporter-output>
          </reporter-output>
        </test-method> <!-- startDriver -->
        <test-method status="PASS" signature="startDriver(java.lang.String)[pri:0, instance:asala.test.AsalaTestBase@4883b407]" name="startDriver" duration-ms="3065" started-at="2018-10-10T14:14:10Z" finished-at="2018-10-10T14:14:13Z">
          <params>
            <param index="0">
              <value>
                <![CDATA[chrome]]>
              </value>
            </param>
          </params>
          <reporter-output>
          </reporter-output>
        </test-method> <!-- startDriver -->
        <test-method status="PASS" signature="screenShootsOnFailure(org.testng.ITestResult)[pri:0, instance:asala.test.AsalaTestBase@4883b407]" name="screenShootsOnFailure" is-config="true" duration-ms="0" started-at="2018-10-10T14:14:13Z" finished-at="2018-10-10T14:14:13Z">
          <params>
            <param index="0">
              <value>
                <![CDATA[[TestResult name=startDriver status=SUCCESS method=AsalaTestBase.startDriver(java.lang.String)[pri:0, instance:asala.test.AsalaTestBase@4883b407] output={null}]]]>
              </value>
            </param>
          </params>
          <reporter-output>
          </reporter-output>
        </test-method> <!-- screenShootsOnFailure -->
        <test-method status="PASS" signature="stopDriver()[pri:0, instance:asala.test.AsalaTestBase@4883b407]" name="stopDriver" is-config="true" duration-ms="69" started-at="2018-10-10T14:14:13Z" finished-at="2018-10-10T14:14:13Z">
          <reporter-output>
          </reporter-output>
        </test-method> <!-- stopDriver -->
      </class> <!-- asala.test.AsalaTestBase -->
    </test> <!-- Default test -->
  </suite> <!-- Default suite -->
</testng-results>
