<?xml version="1.0" encoding="UTF-8"?>
<testng-results skipped="0" failed="3" ignored="0" total="13" passed="10">
  <reporter-output>
  </reporter-output>
  <suite name="Default suite" duration-ms="43502" started-at="2018-10-30T18:57:33Z" finished-at="2018-10-30T18:58:16Z">
    <groups>
    </groups>
    <test name="Default test" duration-ms="43502" started-at="2018-10-30T18:57:33Z" finished-at="2018-10-30T18:58:16Z">
      <class name="asala.test.AsalaAddNewCategoryTest">
        <test-method status="PASS" signature="startDriver(java.lang.String)[pri:0, instance:asala.test.AsalaAddNewCategoryTest@4883b407]" name="startDriver" is-config="true" duration-ms="6182" started-at="2018-10-30T18:57:27Z" finished-at="2018-10-30T18:57:33Z">
          <params>
            <param index="0">
              <value>
                <![CDATA[firefox]]>
              </value>
            </param>
          </params>
          <reporter-output>
          </reporter-output>
        </test-method> <!-- startDriver -->
        <test-method status="PASS" signature="MakeLoginAndSelectMallAsSuuperAdmin()[pri:1, instance:asala.test.AsalaAddNewCategoryTest@4883b407]" name="MakeLoginAndSelectMallAsSuuperAdmin" duration-ms="1730" started-at="2018-10-30T18:57:33Z" finished-at="2018-10-30T18:57:35Z">
          <reporter-output>
          </reporter-output>
        </test-method> <!-- MakeLoginAndSelectMallAsSuuperAdmin -->
        <test-method status="PASS" signature="screenShootsOnFailure(org.testng.ITestResult)[pri:0, instance:asala.test.AsalaAddNewCategoryTest@4883b407]" name="screenShootsOnFailure" is-config="true" duration-ms="1" started-at="2018-10-30T18:57:35Z" finished-at="2018-10-30T18:57:35Z">
          <params>
            <param index="0">
              <value>
                <![CDATA[[TestResult name=MakeLoginAndSelectMallAsSuuperAdmin status=SUCCESS method=AsalaAddNewCategoryTest.MakeLoginAndSelectMallAsSuuperAdmin()[pri:1, instance:asala.test.AsalaAddNewCategoryTest@4883b407] output={null}]]]>
              </value>
            </param>
          </params>
          <reporter-output>
          </reporter-output>
        </test-method> <!-- screenShootsOnFailure -->
        <test-method status="PASS" signature="UserAddNameEnEmptyAndNameArEmpty()[pri:2, instance:asala.test.AsalaAddNewCategoryTest@4883b407]" name="UserAddNameEnEmptyAndNameArEmpty" duration-ms="303" started-at="2018-10-30T18:57:35Z" finished-at="2018-10-30T18:57:35Z">
          <reporter-output>
          </reporter-output>
        </test-method> <!-- UserAddNameEnEmptyAndNameArEmpty -->
        <test-method status="PASS" signature="screenShootsOnFailure(org.testng.ITestResult)[pri:0, instance:asala.test.AsalaAddNewCategoryTest@4883b407]" name="screenShootsOnFailure" is-config="true" duration-ms="2" started-at="2018-10-30T18:57:35Z" finished-at="2018-10-30T18:57:35Z">
          <params>
            <param index="0">
              <value>
                <![CDATA[[TestResult name=UserAddNameEnEmptyAndNameArEmpty status=SUCCESS method=AsalaAddNewCategoryTest.UserAddNameEnEmptyAndNameArEmpty()[pri:2, instance:asala.test.AsalaAddNewCategoryTest@4883b407] output={null}]]]>
              </value>
            </param>
          </params>
          <reporter-output>
          </reporter-output>
        </test-method> <!-- screenShootsOnFailure -->
        <test-method status="PASS" signature="UserAddNameEnAndNameArLessThanThreecharacter()[pri:3, instance:asala.test.AsalaAddNewCategoryTest@4883b407]" name="UserAddNameEnAndNameArLessThanThreecharacter" duration-ms="305" started-at="2018-10-30T18:57:35Z" finished-at="2018-10-30T18:57:35Z">
          <reporter-output>
          </reporter-output>
        </test-method> <!-- UserAddNameEnAndNameArLessThanThreecharacter -->
        <test-method status="FAIL" signature="UserAddNameEnAndNameArMoreThanMaxcharacter()[pri:4, instance:asala.test.AsalaAddNewCategoryTest@4883b407]" name="UserAddNameEnAndNameArMoreThanMaxcharacter" duration-ms="3547" started-at="2018-10-30T18:57:35Z" finished-at="2018-10-30T18:57:39Z">
          <exception class="java.lang.AssertionError">
            <message>
              <![CDATA[expected [true] but found [false]]]>
            </message>
            <full-stacktrace>
              <![CDATA[java.lang.AssertionError: expected [true] but found [false]
at org.testng.Assert.fail(Assert.java:96)
at org.testng.Assert.failNotEquals(Assert.java:776)
at org.testng.Assert.assertTrue(Assert.java:44)
at org.testng.Assert.assertTrue(Assert.java:54)
at asala.test.AsalaAddNewCategoryTest.UserAddNameEnAndNameArMoreThanMaxcharacter(AsalaAddNewCategoryTest.java:68)
at sun.reflect.NativeMethodAccessorImpl.invoke0(Native Method)
at sun.reflect.NativeMethodAccessorImpl.invoke(NativeMethodAccessorImpl.java:62)
at sun.reflect.DelegatingMethodAccessorImpl.invoke(DelegatingMethodAccessorImpl.java:43)
at java.lang.reflect.Method.invoke(Method.java:498)
at org.testng.internal.MethodInvocationHelper.invokeMethod(MethodInvocationHelper.java:124)
at org.testng.internal.Invoker.invokeMethod(Invoker.java:583)
at org.testng.internal.Invoker.invokeTestMethod(Invoker.java:719)
at org.testng.internal.Invoker.invokeTestMethods(Invoker.java:989)
at org.testng.internal.TestMethodWorker.invokeTestMethods(TestMethodWorker.java:125)
at org.testng.internal.TestMethodWorker.run(TestMethodWorker.java:109)
at org.testng.TestRunner.privateRun(TestRunner.java:648)
at org.testng.TestRunner.run(TestRunner.java:505)
at org.testng.SuiteRunner.runTest(SuiteRunner.java:455)
at org.testng.SuiteRunner.runSequentially(SuiteRunner.java:450)
at org.testng.SuiteRunner.privateRun(SuiteRunner.java:415)
at org.testng.SuiteRunner.run(SuiteRunner.java:364)
at org.testng.SuiteRunnerWorker.runSuite(SuiteRunnerWorker.java:52)
at org.testng.SuiteRunnerWorker.run(SuiteRunnerWorker.java:84)
at org.testng.TestNG.runSuitesSequentially(TestNG.java:1208)
at org.testng.TestNG.runSuitesLocally(TestNG.java:1137)
at org.testng.TestNG.runSuites(TestNG.java:1049)
at org.testng.TestNG.run(TestNG.java:1017)
at org.testng.remote.AbstractRemoteTestNG.run(AbstractRemoteTestNG.java:114)
at org.testng.remote.RemoteTestNG.initAndRun(RemoteTestNG.java:251)
at org.testng.remote.RemoteTestNG.main(RemoteTestNG.java:77)
]]>
            </full-stacktrace>
          </exception> <!-- java.lang.AssertionError -->
          <reporter-output>
          </reporter-output>
        </test-method> <!-- UserAddNameEnAndNameArMoreThanMaxcharacter -->
        <test-method status="PASS" signature="screenShootsOnFailure(org.testng.ITestResult)[pri:0, instance:asala.test.AsalaAddNewCategoryTest@4883b407]" name="screenShootsOnFailure" is-config="true" duration-ms="0" started-at="2018-10-30T18:57:35Z" finished-at="2018-10-30T18:57:35Z">
          <params>
            <param index="0">
              <value>
                <![CDATA[[TestResult name=UserAddNameEnAndNameArLessThanThreecharacter status=SUCCESS method=AsalaAddNewCategoryTest.UserAddNameEnAndNameArLessThanThreecharacter()[pri:3, instance:asala.test.AsalaAddNewCategoryTest@4883b407] output={null}]]]>
              </value>
            </param>
          </params>
          <reporter-output>
          </reporter-output>
        </test-method> <!-- screenShootsOnFailure -->
        <test-method status="PASS" signature="screenShootsOnFailure(org.testng.ITestResult)[pri:0, instance:asala.test.AsalaAddNewCategoryTest@4883b407]" name="screenShootsOnFailure" is-config="true" duration-ms="125" started-at="2018-10-30T18:57:39Z" finished-at="2018-10-30T18:57:39Z">
          <params>
            <param index="0">
              <value>
                <![CDATA[[TestResult name=UserAddNameEnAndNameArMoreThanMaxcharacter status=FAILURE method=AsalaAddNewCategoryTest.UserAddNameEnAndNameArMoreThanMaxcharacter()[pri:4, instance:asala.test.AsalaAddNewCategoryTest@4883b407] output={null}]]]>
              </value>
            </param>
          </params>
          <reporter-output>
          </reporter-output>
        </test-method> <!-- screenShootsOnFailure -->
        <test-method status="PASS" signature="UserAddNameEnAndNameArEmpty()[pri:5, instance:asala.test.AsalaAddNewCategoryTest@4883b407]" name="UserAddNameEnAndNameArEmpty" duration-ms="347" started-at="2018-10-30T18:57:39Z" finished-at="2018-10-30T18:57:39Z">
          <reporter-output>
          </reporter-output>
        </test-method> <!-- UserAddNameEnAndNameArEmpty -->
        <test-method status="PASS" signature="screenShootsOnFailure(org.testng.ITestResult)[pri:0, instance:asala.test.AsalaAddNewCategoryTest@4883b407]" name="screenShootsOnFailure" is-config="true" duration-ms="0" started-at="2018-10-30T18:57:39Z" finished-at="2018-10-30T18:57:39Z">
          <params>
            <param index="0">
              <value>
                <![CDATA[[TestResult name=UserAddNameEnAndNameArEmpty status=SUCCESS method=AsalaAddNewCategoryTest.UserAddNameEnAndNameArEmpty()[pri:5, instance:asala.test.AsalaAddNewCategoryTest@4883b407] output={null}]]]>
              </value>
            </param>
          </params>
          <reporter-output>
          </reporter-output>
        </test-method> <!-- screenShootsOnFailure -->
        <test-method status="PASS" signature="UserAddNameEnAndNameArSpace()[pri:6, instance:asala.test.AsalaAddNewCategoryTest@4883b407]" name="UserAddNameEnAndNameArSpace" duration-ms="352" started-at="2018-10-30T18:57:39Z" finished-at="2018-10-30T18:57:40Z">
          <reporter-output>
          </reporter-output>
        </test-method> <!-- UserAddNameEnAndNameArSpace -->
        <test-method status="PASS" signature="UserAddNameEnAndName()[pri:7, instance:asala.test.AsalaAddNewCategoryTest@4883b407]" name="UserAddNameEnAndName" duration-ms="8300" started-at="2018-10-30T18:57:40Z" finished-at="2018-10-30T18:57:48Z">
          <reporter-output>
          </reporter-output>
        </test-method> <!-- UserAddNameEnAndName -->
        <test-method status="PASS" signature="screenShootsOnFailure(org.testng.ITestResult)[pri:0, instance:asala.test.AsalaAddNewCategoryTest@4883b407]" name="screenShootsOnFailure" is-config="true" duration-ms="0" started-at="2018-10-30T18:57:40Z" finished-at="2018-10-30T18:57:40Z">
          <params>
            <param index="0">
              <value>
                <![CDATA[[TestResult name=UserAddNameEnAndNameArSpace status=SUCCESS method=AsalaAddNewCategoryTest.UserAddNameEnAndNameArSpace()[pri:6, instance:asala.test.AsalaAddNewCategoryTest@4883b407] output={null}]]]>
              </value>
            </param>
          </params>
          <reporter-output>
          </reporter-output>
        </test-method> <!-- screenShootsOnFailure -->
        <test-method status="PASS" signature="screenShootsOnFailure(org.testng.ITestResult)[pri:0, instance:asala.test.AsalaAddNewCategoryTest@4883b407]" name="screenShootsOnFailure" is-config="true" duration-ms="1" started-at="2018-10-30T18:57:48Z" finished-at="2018-10-30T18:57:48Z">
          <params>
            <param index="0">
              <value>
                <![CDATA[[TestResult name=UserAddNameEnAndName status=SUCCESS method=AsalaAddNewCategoryTest.UserAddNameEnAndName()[pri:7, instance:asala.test.AsalaAddNewCategoryTest@4883b407] output={null}]]]>
              </value>
            </param>
          </params>
          <reporter-output>
          </reporter-output>
        </test-method> <!-- screenShootsOnFailure -->
        <test-method status="PASS" signature="UserAddNameEnEmptyAndNameArEmptyAr()[pri:8, instance:asala.test.AsalaAddNewCategoryTest@4883b407]" name="UserAddNameEnEmptyAndNameArEmptyAr" duration-ms="4840" started-at="2018-10-30T18:57:48Z" finished-at="2018-10-30T18:57:53Z">
          <reporter-output>
          </reporter-output>
        </test-method> <!-- UserAddNameEnEmptyAndNameArEmptyAr -->
        <test-method status="PASS" signature="screenShootsOnFailure(org.testng.ITestResult)[pri:0, instance:asala.test.AsalaAddNewCategoryTest@4883b407]" name="screenShootsOnFailure" is-config="true" duration-ms="1" started-at="2018-10-30T18:57:53Z" finished-at="2018-10-30T18:57:53Z">
          <params>
            <param index="0">
              <value>
                <![CDATA[[TestResult name=UserAddNameEnEmptyAndNameArEmptyAr status=SUCCESS method=AsalaAddNewCategoryTest.UserAddNameEnEmptyAndNameArEmptyAr()[pri:8, instance:asala.test.AsalaAddNewCategoryTest@4883b407] output={null}]]]>
              </value>
            </param>
          </params>
          <reporter-output>
          </reporter-output>
        </test-method> <!-- screenShootsOnFailure -->
        <test-method status="PASS" signature="UserAddNameEnAndNameArLessThanThreecharacterAr()[pri:9, instance:asala.test.AsalaAddNewCategoryTest@4883b407]" name="UserAddNameEnAndNameArLessThanThreecharacterAr" duration-ms="317" started-at="2018-10-30T18:57:53Z" finished-at="2018-10-30T18:57:53Z">
          <reporter-output>
          </reporter-output>
        </test-method> <!-- UserAddNameEnAndNameArLessThanThreecharacterAr -->
        <test-method status="PASS" signature="screenShootsOnFailure(org.testng.ITestResult)[pri:0, instance:asala.test.AsalaAddNewCategoryTest@4883b407]" name="screenShootsOnFailure" is-config="true" duration-ms="1" started-at="2018-10-30T18:57:53Z" finished-at="2018-10-30T18:57:53Z">
          <params>
            <param index="0">
              <value>
                <![CDATA[[TestResult name=UserAddNameEnAndNameArLessThanThreecharacterAr status=SUCCESS method=AsalaAddNewCategoryTest.UserAddNameEnAndNameArLessThanThreecharacterAr()[pri:9, instance:asala.test.AsalaAddNewCategoryTest@4883b407] output={null}]]]>
              </value>
            </param>
          </params>
          <reporter-output>
          </reporter-output>
        </test-method> <!-- screenShootsOnFailure -->
        <test-method status="FAIL" signature="UserAddNameEnAndNameArMoreThanMaxcharacterAr()[pri:10, instance:asala.test.AsalaAddNewCategoryTest@4883b407]" name="UserAddNameEnAndNameArMoreThanMaxcharacterAr" duration-ms="3575" started-at="2018-10-30T18:57:53Z" finished-at="2018-10-30T18:57:57Z">
          <exception class="java.lang.AssertionError">
            <message>
              <![CDATA[expected [true] but found [false]]]>
            </message>
            <full-stacktrace>
              <![CDATA[java.lang.AssertionError: expected [true] but found [false]
at org.testng.Assert.fail(Assert.java:96)
at org.testng.Assert.failNotEquals(Assert.java:776)
at org.testng.Assert.assertTrue(Assert.java:44)
at org.testng.Assert.assertTrue(Assert.java:54)
at asala.test.AsalaAddNewCategoryTest.UserAddNameEnAndNameArMoreThanMaxcharacterAr(AsalaAddNewCategoryTest.java:138)
at sun.reflect.NativeMethodAccessorImpl.invoke0(Native Method)
at sun.reflect.NativeMethodAccessorImpl.invoke(NativeMethodAccessorImpl.java:62)
at sun.reflect.DelegatingMethodAccessorImpl.invoke(DelegatingMethodAccessorImpl.java:43)
at java.lang.reflect.Method.invoke(Method.java:498)
at org.testng.internal.MethodInvocationHelper.invokeMethod(MethodInvocationHelper.java:124)
at org.testng.internal.Invoker.invokeMethod(Invoker.java:583)
at org.testng.internal.Invoker.invokeTestMethod(Invoker.java:719)
at org.testng.internal.Invoker.invokeTestMethods(Invoker.java:989)
at org.testng.internal.TestMethodWorker.invokeTestMethods(TestMethodWorker.java:125)
at org.testng.internal.TestMethodWorker.run(TestMethodWorker.java:109)
at org.testng.TestRunner.privateRun(TestRunner.java:648)
at org.testng.TestRunner.run(TestRunner.java:505)
at org.testng.SuiteRunner.runTest(SuiteRunner.java:455)
at org.testng.SuiteRunner.runSequentially(SuiteRunner.java:450)
at org.testng.SuiteRunner.privateRun(SuiteRunner.java:415)
at org.testng.SuiteRunner.run(SuiteRunner.java:364)
at org.testng.SuiteRunnerWorker.runSuite(SuiteRunnerWorker.java:52)
at org.testng.SuiteRunnerWorker.run(SuiteRunnerWorker.java:84)
at org.testng.TestNG.runSuitesSequentially(TestNG.java:1208)
at org.testng.TestNG.runSuitesLocally(TestNG.java:1137)
at org.testng.TestNG.runSuites(TestNG.java:1049)
at org.testng.TestNG.run(TestNG.java:1017)
at org.testng.remote.AbstractRemoteTestNG.run(AbstractRemoteTestNG.java:114)
at org.testng.remote.RemoteTestNG.initAndRun(RemoteTestNG.java:251)
at org.testng.remote.RemoteTestNG.main(RemoteTestNG.java:77)
]]>
            </full-stacktrace>
          </exception> <!-- java.lang.AssertionError -->
          <reporter-output>
          </reporter-output>
        </test-method> <!-- UserAddNameEnAndNameArMoreThanMaxcharacterAr -->
        <test-method status="PASS" signature="screenShootsOnFailure(org.testng.ITestResult)[pri:0, instance:asala.test.AsalaAddNewCategoryTest@4883b407]" name="screenShootsOnFailure" is-config="true" duration-ms="148" started-at="2018-10-30T18:57:57Z" finished-at="2018-10-30T18:57:57Z">
          <params>
            <param index="0">
              <value>
                <![CDATA[[TestResult name=UserAddNameEnAndNameArMoreThanMaxcharacterAr status=FAILURE method=AsalaAddNewCategoryTest.UserAddNameEnAndNameArMoreThanMaxcharacterAr()[pri:10, instance:asala.test.AsalaAddNewCategoryTest@4883b407] output={null}]]]>
              </value>
            </param>
          </params>
          <reporter-output>
          </reporter-output>
        </test-method> <!-- screenShootsOnFailure -->
        <test-method status="PASS" signature="UserAddNameEnAndNameArEmptyAr()[pri:11, instance:asala.test.AsalaAddNewCategoryTest@4883b407]" name="UserAddNameEnAndNameArEmptyAr" duration-ms="3131" started-at="2018-10-30T18:57:57Z" finished-at="2018-10-30T18:58:00Z">
          <reporter-output>
          </reporter-output>
        </test-method> <!-- UserAddNameEnAndNameArEmptyAr -->
        <test-method status="PASS" signature="screenShootsOnFailure(org.testng.ITestResult)[pri:0, instance:asala.test.AsalaAddNewCategoryTest@4883b407]" name="screenShootsOnFailure" is-config="true" duration-ms="1" started-at="2018-10-30T18:58:00Z" finished-at="2018-10-30T18:58:00Z">
          <params>
            <param index="0">
              <value>
                <![CDATA[[TestResult name=UserAddNameEnAndNameArEmptyAr status=SUCCESS method=AsalaAddNewCategoryTest.UserAddNameEnAndNameArEmptyAr()[pri:11, instance:asala.test.AsalaAddNewCategoryTest@4883b407] output={null}]]]>
              </value>
            </param>
          </params>
          <reporter-output>
          </reporter-output>
        </test-method> <!-- screenShootsOnFailure -->
        <test-method status="PASS" signature="UserAddNameEnAndNameArSpaceAr()[pri:12, instance:asala.test.AsalaAddNewCategoryTest@4883b407]" name="UserAddNameEnAndNameArSpaceAr" duration-ms="358" started-at="2018-10-30T18:58:00Z" finished-at="2018-10-30T18:58:00Z">
          <reporter-output>
          </reporter-output>
        </test-method> <!-- UserAddNameEnAndNameArSpaceAr -->
        <test-method status="PASS" signature="screenShootsOnFailure(org.testng.ITestResult)[pri:0, instance:asala.test.AsalaAddNewCategoryTest@4883b407]" name="screenShootsOnFailure" is-config="true" duration-ms="0" started-at="2018-10-30T18:58:00Z" finished-at="2018-10-30T18:58:00Z">
          <params>
            <param index="0">
              <value>
                <![CDATA[[TestResult name=UserAddNameEnAndNameArSpaceAr status=SUCCESS method=AsalaAddNewCategoryTest.UserAddNameEnAndNameArSpaceAr()[pri:12, instance:asala.test.AsalaAddNewCategoryTest@4883b407] output={null}]]]>
              </value>
            </param>
          </params>
          <reporter-output>
          </reporter-output>
        </test-method> <!-- screenShootsOnFailure -->
        <test-method status="FAIL" signature="UserAddNameEnAndNameAr()[pri:13, instance:asala.test.AsalaAddNewCategoryTest@4883b407]" name="UserAddNameEnAndNameAr" duration-ms="15935" started-at="2018-10-30T18:58:00Z" finished-at="2018-10-30T18:58:16Z">
          <exception class="org.openqa.selenium.NoSuchElementException">
            <message>
              <![CDATA[Unable to locate element: #success\-msg
For documentation on this error, please visit: http://seleniumhq.org/exceptions/no_such_element.html
Build info: version: '3.14.0', revision: 'aacccce0', time: '2018-08-02T20:19:58.91Z'
System info: host: 'Be-Max', ip: '127.0.1.1', os.name: 'Linux', os.arch: 'amd64', os.version: '4.15.0-38-generic', java.version: '1.8.0_181'
Driver info: org.openqa.selenium.firefox.FirefoxDriver
Capabilities {acceptInsecureCerts: true, browserName: firefox, browserVersion: 63.0, javascriptEnabled: true, moz:accessibilityChecks: false, moz:geckodriverVersion: 0.23.0, moz:headless: false, moz:processID: 14250, moz:profile: /tmp/rust_mozprofile.VeAecG..., moz:useNonSpecCompliantPointerOrigin: false, moz:webdriverClick: true, pageLoadStrategy: normal, platform: LINUX, platformName: LINUX, platformVersion: 4.15.0-38-generic, rotatable: false, setWindowRect: true, timeouts: {implicit: 0, pageLoad: 300000, script: 30000}, unhandledPromptBehavior: dismiss and notify}
Session ID: 7d277bab-f4bd-4070-a0da-3b6942ea699b
*** Element info: {Using=id, value=success-msg}]]>
            </message>
            <full-stacktrace>
              <![CDATA[org.openqa.selenium.NoSuchElementException: Unable to locate element: #success\-msg
For documentation on this error, please visit: http://seleniumhq.org/exceptions/no_such_element.html
Build info: version: '3.14.0', revision: 'aacccce0', time: '2018-08-02T20:19:58.91Z'
System info: host: 'Be-Max', ip: '127.0.1.1', os.name: 'Linux', os.arch: 'amd64', os.version: '4.15.0-38-generic', java.version: '1.8.0_181'
Driver info: org.openqa.selenium.firefox.FirefoxDriver
Capabilities {acceptInsecureCerts: true, browserName: firefox, browserVersion: 63.0, javascriptEnabled: true, moz:accessibilityChecks: false, moz:geckodriverVersion: 0.23.0, moz:headless: false, moz:processID: 14250, moz:profile: /tmp/rust_mozprofile.VeAecG..., moz:useNonSpecCompliantPointerOrigin: false, moz:webdriverClick: true, pageLoadStrategy: normal, platform: LINUX, platformName: LINUX, platformVersion: 4.15.0-38-generic, rotatable: false, setWindowRect: true, timeouts: {implicit: 0, pageLoad: 300000, script: 30000}, unhandledPromptBehavior: dismiss and notify}
Session ID: 7d277bab-f4bd-4070-a0da-3b6942ea699b
*** Element info: {Using=id, value=success-msg}
at sun.reflect.NativeConstructorAccessorImpl.newInstance0(Native Method)
at sun.reflect.NativeConstructorAccessorImpl.newInstance(NativeConstructorAccessorImpl.java:62)
at sun.reflect.DelegatingConstructorAccessorImpl.newInstance(DelegatingConstructorAccessorImpl.java:45)
at java.lang.reflect.Constructor.newInstance(Constructor.java:423)
at org.openqa.selenium.remote.http.W3CHttpResponseCodec.createException(W3CHttpResponseCodec.java:187)
at org.openqa.selenium.remote.http.W3CHttpResponseCodec.decode(W3CHttpResponseCodec.java:122)
at org.openqa.selenium.remote.http.W3CHttpResponseCodec.decode(W3CHttpResponseCodec.java:49)
at org.openqa.selenium.remote.HttpCommandExecutor.execute(HttpCommandExecutor.java:158)
at org.openqa.selenium.remote.service.DriverCommandExecutor.execute(DriverCommandExecutor.java:83)
at org.openqa.selenium.remote.RemoteWebDriver.execute(RemoteWebDriver.java:548)
at org.openqa.selenium.remote.RemoteWebDriver.findElement(RemoteWebDriver.java:322)
at org.openqa.selenium.remote.RemoteWebDriver.findElementById(RemoteWebDriver.java:368)
at org.openqa.selenium.By$ById.findElement(By.java:188)
at org.openqa.selenium.remote.RemoteWebDriver.findElement(RemoteWebDriver.java:314)
at org.openqa.selenium.support.pagefactory.DefaultElementLocator.findElement(DefaultElementLocator.java:69)
at org.openqa.selenium.support.pagefactory.internal.LocatingElementHandler.invoke(LocatingElementHandler.java:38)
at com.sun.proxy.$Proxy12.getText(Unknown Source)
at asala.test.AsalaAddNewCategoryTest.UserAddNameEnAndNameAr(AsalaAddNewCategoryTest.java:173)
at sun.reflect.NativeMethodAccessorImpl.invoke0(Native Method)
at sun.reflect.NativeMethodAccessorImpl.invoke(NativeMethodAccessorImpl.java:62)
at sun.reflect.DelegatingMethodAccessorImpl.invoke(DelegatingMethodAccessorImpl.java:43)
at java.lang.reflect.Method.invoke(Method.java:498)
at org.testng.internal.MethodInvocationHelper.invokeMethod(MethodInvocationHelper.java:124)
at org.testng.internal.Invoker.invokeMethod(Invoker.java:583)
at org.testng.internal.Invoker.invokeTestMethod(Invoker.java:719)
at org.testng.internal.Invoker.invokeTestMethods(Invoker.java:989)
at org.testng.internal.TestMethodWorker.invokeTestMethods(TestMethodWorker.java:125)
at org.testng.internal.TestMethodWorker.run(TestMethodWorker.java:109)
at org.testng.TestRunner.privateRun(TestRunner.java:648)
at org.testng.TestRunner.run(TestRunner.java:505)
at org.testng.SuiteRunner.runTest(SuiteRunner.java:455)
at org.testng.SuiteRunner.runSequentially(SuiteRunner.java:450)
at org.testng.SuiteRunner.privateRun(SuiteRunner.java:415)
at org.testng.SuiteRunner.run(SuiteRunner.java:364)
at org.testng.SuiteRunnerWorker.runSuite(SuiteRunnerWorker.java:52)
at org.testng.SuiteRunnerWorker.run(SuiteRunnerWorker.java:84)
at org.testng.TestNG.runSuitesSequentially(TestNG.java:1208)
at org.testng.TestNG.runSuitesLocally(TestNG.java:1137)
at org.testng.TestNG.runSuites(TestNG.java:1049)
at org.testng.TestNG.run(TestNG.java:1017)
at org.testng.remote.AbstractRemoteTestNG.run(AbstractRemoteTestNG.java:114)
at org.testng.remote.RemoteTestNG.initAndRun(RemoteTestNG.java:251)
at org.testng.remote.RemoteTestNG.main(RemoteTestNG.java:77)
]]>
            </full-stacktrace>
          </exception> <!-- org.openqa.selenium.NoSuchElementException -->
          <reporter-output>
          </reporter-output>
        </test-method> <!-- UserAddNameEnAndNameAr -->
        <test-method status="PASS" signature="screenShootsOnFailure(org.testng.ITestResult)[pri:0, instance:asala.test.AsalaAddNewCategoryTest@4883b407]" name="screenShootsOnFailure" is-config="true" duration-ms="152" started-at="2018-10-30T18:58:16Z" finished-at="2018-10-30T18:58:16Z">
          <params>
            <param index="0">
              <value>
                <![CDATA[[TestResult name=UserAddNameEnAndNameAr status=FAILURE method=AsalaAddNewCategoryTest.UserAddNameEnAndNameAr()[pri:13, instance:asala.test.AsalaAddNewCategoryTest@4883b407] output={null}]]]>
              </value>
            </param>
          </params>
          <reporter-output>
          </reporter-output>
        </test-method> <!-- screenShootsOnFailure -->
        <test-method status="PASS" signature="stopDriver()[pri:0, instance:asala.test.AsalaAddNewCategoryTest@4883b407]" name="stopDriver" is-config="true" duration-ms="736" started-at="2018-10-30T18:58:16Z" finished-at="2018-10-30T18:58:17Z">
          <reporter-output>
          </reporter-output>
        </test-method> <!-- stopDriver -->
      </class> <!-- asala.test.AsalaAddNewCategoryTest -->
    </test> <!-- Default test -->
  </suite> <!-- Default suite -->
</testng-results>
