<?xml version="1.0" encoding="UTF-8"?>
<testng-results skipped="0" failed="4" ignored="0" total="11" passed="7">
  <reporter-output>
  </reporter-output>
  <suite name="Default suite" duration-ms="47646" started-at="2018-10-31T12:32:10Z" finished-at="2018-10-31T12:32:57Z">
    <groups>
    </groups>
    <test name="Default test" duration-ms="47646" started-at="2018-10-31T12:32:10Z" finished-at="2018-10-31T12:32:57Z">
      <class name="asala.test.AsalaEditCategoryTest">
        <test-method status="PASS" signature="startDriver(java.lang.String)[pri:0, instance:asala.test.AsalaEditCategoryTest@4883b407]" name="startDriver" is-config="true" duration-ms="8791" started-at="2018-10-31T12:32:01Z" finished-at="2018-10-31T12:32:10Z">
          <params>
            <param index="0">
              <value>
                <![CDATA[firefox]]>
              </value>
            </param>
          </params>
          <reporter-output>
          </reporter-output>
        </test-method> <!-- startDriver -->
        <test-method status="PASS" signature="MakeLoginAndSelectMallAsSuuperAdmin()[pri:1, instance:asala.test.AsalaEditCategoryTest@4883b407]" name="MakeLoginAndSelectMallAsSuuperAdmin" duration-ms="1488" started-at="2018-10-31T12:32:10Z" finished-at="2018-10-31T12:32:11Z">
          <reporter-output>
          </reporter-output>
        </test-method> <!-- MakeLoginAndSelectMallAsSuuperAdmin -->
        <test-method status="PASS" signature="screenShootsOnFailure(org.testng.ITestResult)[pri:0, instance:asala.test.AsalaEditCategoryTest@4883b407]" name="screenShootsOnFailure" is-config="true" duration-ms="1" started-at="2018-10-31T12:32:11Z" finished-at="2018-10-31T12:32:11Z">
          <params>
            <param index="0">
              <value>
                <![CDATA[[TestResult name=MakeLoginAndSelectMallAsSuuperAdmin status=SUCCESS method=AsalaEditCategoryTest.MakeLoginAndSelectMallAsSuuperAdmin()[pri:1, instance:asala.test.AsalaEditCategoryTest@4883b407] output={null}]]]>
              </value>
            </param>
          </params>
          <reporter-output>
          </reporter-output>
        </test-method> <!-- screenShootsOnFailure -->
        <test-method status="FAIL" signature="cleraNameEnAndAr()[pri:2, instance:asala.test.AsalaEditCategoryTest@4883b407]" name="cleraNameEnAndAr" duration-ms="6290" started-at="2018-10-31T12:32:11Z" finished-at="2018-10-31T12:32:17Z">
          <exception class="java.lang.AssertionError">
            <message>
              <![CDATA[expected [true] but found [false]]]>
            </message>
            <full-stacktrace>
              <![CDATA[java.lang.AssertionError: expected [true] but found [false]
at org.testng.Assert.fail(Assert.java:96)
at org.testng.Assert.failNotEquals(Assert.java:776)
at org.testng.Assert.assertTrue(Assert.java:44)
at org.testng.Assert.assertTrue(Assert.java:54)
at asala.test.AsalaEditCategoryTest.cleraNameEnAndAr(AsalaEditCategoryTest.java:45)
at sun.reflect.NativeMethodAccessorImpl.invoke0(Native Method)
at sun.reflect.NativeMethodAccessorImpl.invoke(NativeMethodAccessorImpl.java:62)
at sun.reflect.DelegatingMethodAccessorImpl.invoke(DelegatingMethodAccessorImpl.java:43)
at java.lang.reflect.Method.invoke(Method.java:498)
at org.testng.internal.MethodInvocationHelper.invokeMethod(MethodInvocationHelper.java:124)
at org.testng.internal.Invoker.invokeMethod(Invoker.java:583)
at org.testng.internal.Invoker.invokeTestMethod(Invoker.java:719)
at org.testng.internal.Invoker.invokeTestMethods(Invoker.java:989)
at org.testng.internal.TestMethodWorker.invokeTestMethods(TestMethodWorker.java:125)
at org.testng.internal.TestMethodWorker.run(TestMethodWorker.java:109)
at org.testng.TestRunner.privateRun(TestRunner.java:648)
at org.testng.TestRunner.run(TestRunner.java:505)
at org.testng.SuiteRunner.runTest(SuiteRunner.java:455)
at org.testng.SuiteRunner.runSequentially(SuiteRunner.java:450)
at org.testng.SuiteRunner.privateRun(SuiteRunner.java:415)
at org.testng.SuiteRunner.run(SuiteRunner.java:364)
at org.testng.SuiteRunnerWorker.runSuite(SuiteRunnerWorker.java:52)
at org.testng.SuiteRunnerWorker.run(SuiteRunnerWorker.java:84)
at org.testng.TestNG.runSuitesSequentially(TestNG.java:1208)
at org.testng.TestNG.runSuitesLocally(TestNG.java:1137)
at org.testng.TestNG.runSuites(TestNG.java:1049)
at org.testng.TestNG.run(TestNG.java:1017)
at org.testng.remote.AbstractRemoteTestNG.run(AbstractRemoteTestNG.java:114)
at org.testng.remote.RemoteTestNG.initAndRun(RemoteTestNG.java:251)
at org.testng.remote.RemoteTestNG.main(RemoteTestNG.java:77)
]]>
            </full-stacktrace>
          </exception> <!-- java.lang.AssertionError -->
          <reporter-output>
          </reporter-output>
        </test-method> <!-- cleraNameEnAndAr -->
        <test-method status="PASS" signature="screenShootsOnFailure(org.testng.ITestResult)[pri:0, instance:asala.test.AsalaEditCategoryTest@4883b407]" name="screenShootsOnFailure" is-config="true" duration-ms="79" started-at="2018-10-31T12:32:17Z" finished-at="2018-10-31T12:32:17Z">
          <params>
            <param index="0">
              <value>
                <![CDATA[[TestResult name=cleraNameEnAndAr status=FAILURE method=AsalaEditCategoryTest.cleraNameEnAndAr()[pri:2, instance:asala.test.AsalaEditCategoryTest@4883b407] output={null}]]]>
              </value>
            </param>
          </params>
          <reporter-output>
          </reporter-output>
        </test-method> <!-- screenShootsOnFailure -->
        <test-method status="PASS" signature="UserAddNameEnAndNameArLessThanThreecharacter()[pri:3, instance:asala.test.AsalaEditCategoryTest@4883b407]" name="UserAddNameEnAndNameArLessThanThreecharacter" duration-ms="372" started-at="2018-10-31T12:32:17Z" finished-at="2018-10-31T12:32:18Z">
          <reporter-output>
          </reporter-output>
        </test-method> <!-- UserAddNameEnAndNameArLessThanThreecharacter -->
        <test-method status="PASS" signature="screenShootsOnFailure(org.testng.ITestResult)[pri:0, instance:asala.test.AsalaEditCategoryTest@4883b407]" name="screenShootsOnFailure" is-config="true" duration-ms="0" started-at="2018-10-31T12:32:18Z" finished-at="2018-10-31T12:32:18Z">
          <params>
            <param index="0">
              <value>
                <![CDATA[[TestResult name=UserAddNameEnAndNameArLessThanThreecharacter status=SUCCESS method=AsalaEditCategoryTest.UserAddNameEnAndNameArLessThanThreecharacter()[pri:3, instance:asala.test.AsalaEditCategoryTest@4883b407] output={null}]]]>
              </value>
            </param>
          </params>
          <reporter-output>
          </reporter-output>
        </test-method> <!-- screenShootsOnFailure -->
        <test-method status="FAIL" signature="UserAddNameEnAndNameArMoreThanMaxcharacter()[pri:4, instance:asala.test.AsalaEditCategoryTest@4883b407]" name="UserAddNameEnAndNameArMoreThanMaxcharacter" duration-ms="16002" started-at="2018-10-31T12:32:18Z" finished-at="2018-10-31T12:32:34Z">
          <exception class="java.lang.AssertionError">
            <message>
              <![CDATA[expected [true] but found [false]]]>
            </message>
            <full-stacktrace>
              <![CDATA[java.lang.AssertionError: expected [true] but found [false]
at org.testng.Assert.fail(Assert.java:96)
at org.testng.Assert.failNotEquals(Assert.java:776)
at org.testng.Assert.assertTrue(Assert.java:44)
at org.testng.Assert.assertTrue(Assert.java:54)
at asala.test.AsalaEditCategoryTest.UserAddNameEnAndNameArMoreThanMaxcharacter(AsalaEditCategoryTest.java:76)
at sun.reflect.NativeMethodAccessorImpl.invoke0(Native Method)
at sun.reflect.NativeMethodAccessorImpl.invoke(NativeMethodAccessorImpl.java:62)
at sun.reflect.DelegatingMethodAccessorImpl.invoke(DelegatingMethodAccessorImpl.java:43)
at java.lang.reflect.Method.invoke(Method.java:498)
at org.testng.internal.MethodInvocationHelper.invokeMethod(MethodInvocationHelper.java:124)
at org.testng.internal.Invoker.invokeMethod(Invoker.java:583)
at org.testng.internal.Invoker.invokeTestMethod(Invoker.java:719)
at org.testng.internal.Invoker.invokeTestMethods(Invoker.java:989)
at org.testng.internal.TestMethodWorker.invokeTestMethods(TestMethodWorker.java:125)
at org.testng.internal.TestMethodWorker.run(TestMethodWorker.java:109)
at org.testng.TestRunner.privateRun(TestRunner.java:648)
at org.testng.TestRunner.run(TestRunner.java:505)
at org.testng.SuiteRunner.runTest(SuiteRunner.java:455)
at org.testng.SuiteRunner.runSequentially(SuiteRunner.java:450)
at org.testng.SuiteRunner.privateRun(SuiteRunner.java:415)
at org.testng.SuiteRunner.run(SuiteRunner.java:364)
at org.testng.SuiteRunnerWorker.runSuite(SuiteRunnerWorker.java:52)
at org.testng.SuiteRunnerWorker.run(SuiteRunnerWorker.java:84)
at org.testng.TestNG.runSuitesSequentially(TestNG.java:1208)
at org.testng.TestNG.runSuitesLocally(TestNG.java:1137)
at org.testng.TestNG.runSuites(TestNG.java:1049)
at org.testng.TestNG.run(TestNG.java:1017)
at org.testng.remote.AbstractRemoteTestNG.run(AbstractRemoteTestNG.java:114)
at org.testng.remote.RemoteTestNG.initAndRun(RemoteTestNG.java:251)
at org.testng.remote.RemoteTestNG.main(RemoteTestNG.java:77)
]]>
            </full-stacktrace>
          </exception> <!-- java.lang.AssertionError -->
          <reporter-output>
          </reporter-output>
        </test-method> <!-- UserAddNameEnAndNameArMoreThanMaxcharacter -->
        <test-method status="PASS" signature="screenShootsOnFailure(org.testng.ITestResult)[pri:0, instance:asala.test.AsalaEditCategoryTest@4883b407]" name="screenShootsOnFailure" is-config="true" duration-ms="121" started-at="2018-10-31T12:32:34Z" finished-at="2018-10-31T12:32:34Z">
          <params>
            <param index="0">
              <value>
                <![CDATA[[TestResult name=UserAddNameEnAndNameArMoreThanMaxcharacter status=FAILURE method=AsalaEditCategoryTest.UserAddNameEnAndNameArMoreThanMaxcharacter()[pri:4, instance:asala.test.AsalaEditCategoryTest@4883b407] output={null}]]]>
              </value>
            </param>
          </params>
          <reporter-output>
          </reporter-output>
        </test-method> <!-- screenShootsOnFailure -->
        <test-method status="PASS" signature="UserAddNameEnAndNameArEmpty()[pri:5, instance:asala.test.AsalaEditCategoryTest@4883b407]" name="UserAddNameEnAndNameArEmpty" duration-ms="800" started-at="2018-10-31T12:32:34Z" finished-at="2018-10-31T12:32:35Z">
          <reporter-output>
          </reporter-output>
        </test-method> <!-- UserAddNameEnAndNameArEmpty -->
        <test-method status="PASS" signature="screenShootsOnFailure(org.testng.ITestResult)[pri:0, instance:asala.test.AsalaEditCategoryTest@4883b407]" name="screenShootsOnFailure" is-config="true" duration-ms="1" started-at="2018-10-31T12:32:35Z" finished-at="2018-10-31T12:32:35Z">
          <params>
            <param index="0">
              <value>
                <![CDATA[[TestResult name=UserAddNameEnAndNameArEmpty status=SUCCESS method=AsalaEditCategoryTest.UserAddNameEnAndNameArEmpty()[pri:5, instance:asala.test.AsalaEditCategoryTest@4883b407] output={null}]]]>
              </value>
            </param>
          </params>
          <reporter-output>
          </reporter-output>
        </test-method> <!-- screenShootsOnFailure -->
        <test-method status="PASS" signature="UserAddNameEnEmptyAndNameAr()[pri:6, instance:asala.test.AsalaEditCategoryTest@4883b407]" name="UserAddNameEnEmptyAndNameAr" duration-ms="502" started-at="2018-10-31T12:32:35Z" finished-at="2018-10-31T12:32:35Z">
          <reporter-output>
          </reporter-output>
        </test-method> <!-- UserAddNameEnEmptyAndNameAr -->
        <test-method status="PASS" signature="UserAddNameEnAndNameArSpace()[pri:7, instance:asala.test.AsalaEditCategoryTest@4883b407]" name="UserAddNameEnAndNameArSpace" duration-ms="820" started-at="2018-10-31T12:32:35Z" finished-at="2018-10-31T12:32:36Z">
          <reporter-output>
          </reporter-output>
        </test-method> <!-- UserAddNameEnAndNameArSpace -->
        <test-method status="PASS" signature="screenShootsOnFailure(org.testng.ITestResult)[pri:0, instance:asala.test.AsalaEditCategoryTest@4883b407]" name="screenShootsOnFailure" is-config="true" duration-ms="0" started-at="2018-10-31T12:32:35Z" finished-at="2018-10-31T12:32:35Z">
          <params>
            <param index="0">
              <value>
                <![CDATA[[TestResult name=UserAddNameEnEmptyAndNameAr status=SUCCESS method=AsalaEditCategoryTest.UserAddNameEnEmptyAndNameAr()[pri:6, instance:asala.test.AsalaEditCategoryTest@4883b407] output={null}]]]>
              </value>
            </param>
          </params>
          <reporter-output>
          </reporter-output>
        </test-method> <!-- screenShootsOnFailure -->
        <test-method status="PASS" signature="screenShootsOnFailure(org.testng.ITestResult)[pri:0, instance:asala.test.AsalaEditCategoryTest@4883b407]" name="screenShootsOnFailure" is-config="true" duration-ms="0" started-at="2018-10-31T12:32:36Z" finished-at="2018-10-31T12:32:36Z">
          <params>
            <param index="0">
              <value>
                <![CDATA[[TestResult name=UserAddNameEnAndNameArSpace status=SUCCESS method=AsalaEditCategoryTest.UserAddNameEnAndNameArSpace()[pri:7, instance:asala.test.AsalaEditCategoryTest@4883b407] output={null}]]]>
              </value>
            </param>
          </params>
          <reporter-output>
          </reporter-output>
        </test-method> <!-- screenShootsOnFailure -->
        <test-method status="PASS" signature="UserAddNameEnEmptyAndNameArEmptyAr()[pri:8, instance:asala.test.AsalaEditCategoryTest@4883b407]" name="UserAddNameEnEmptyAndNameArEmptyAr" duration-ms="1243" started-at="2018-10-31T12:32:36Z" finished-at="2018-10-31T12:32:37Z">
          <reporter-output>
          </reporter-output>
        </test-method> <!-- UserAddNameEnEmptyAndNameArEmptyAr -->
        <test-method status="PASS" signature="screenShootsOnFailure(org.testng.ITestResult)[pri:0, instance:asala.test.AsalaEditCategoryTest@4883b407]" name="screenShootsOnFailure" is-config="true" duration-ms="0" started-at="2018-10-31T12:32:37Z" finished-at="2018-10-31T12:32:37Z">
          <params>
            <param index="0">
              <value>
                <![CDATA[[TestResult name=UserAddNameEnEmptyAndNameArEmptyAr status=SUCCESS method=AsalaEditCategoryTest.UserAddNameEnEmptyAndNameArEmptyAr()[pri:8, instance:asala.test.AsalaEditCategoryTest@4883b407] output={null}]]]>
              </value>
            </param>
          </params>
          <reporter-output>
          </reporter-output>
        </test-method> <!-- screenShootsOnFailure -->
        <test-method status="PASS" signature="UserAddNameEnAndNameArLessThanThreecharacterAr()[pri:9, instance:asala.test.AsalaEditCategoryTest@4883b407]" name="UserAddNameEnAndNameArLessThanThreecharacterAr" duration-ms="509" started-at="2018-10-31T12:32:37Z" finished-at="2018-10-31T12:32:38Z">
          <reporter-output>
          </reporter-output>
        </test-method> <!-- UserAddNameEnAndNameArLessThanThreecharacterAr -->
        <test-method status="FAIL" signature="UserAddNameEnAndNameArMoreThanMaxcharacterAr()[pri:10, instance:asala.test.AsalaEditCategoryTest@4883b407]" name="UserAddNameEnAndNameArMoreThanMaxcharacterAr" duration-ms="7870" started-at="2018-10-31T12:32:38Z" finished-at="2018-10-31T12:32:46Z">
          <exception class="java.lang.AssertionError">
            <message>
              <![CDATA[expected [true] but found [false]]]>
            </message>
            <full-stacktrace>
              <![CDATA[java.lang.AssertionError: expected [true] but found [false]
at org.testng.Assert.fail(Assert.java:96)
at org.testng.Assert.failNotEquals(Assert.java:776)
at org.testng.Assert.assertTrue(Assert.java:44)
at org.testng.Assert.assertTrue(Assert.java:54)
at asala.test.AsalaEditCategoryTest.UserAddNameEnAndNameArMoreThanMaxcharacterAr(AsalaEditCategoryTest.java:144)
at sun.reflect.NativeMethodAccessorImpl.invoke0(Native Method)
at sun.reflect.NativeMethodAccessorImpl.invoke(NativeMethodAccessorImpl.java:62)
at sun.reflect.DelegatingMethodAccessorImpl.invoke(DelegatingMethodAccessorImpl.java:43)
at java.lang.reflect.Method.invoke(Method.java:498)
at org.testng.internal.MethodInvocationHelper.invokeMethod(MethodInvocationHelper.java:124)
at org.testng.internal.Invoker.invokeMethod(Invoker.java:583)
at org.testng.internal.Invoker.invokeTestMethod(Invoker.java:719)
at org.testng.internal.Invoker.invokeTestMethods(Invoker.java:989)
at org.testng.internal.TestMethodWorker.invokeTestMethods(TestMethodWorker.java:125)
at org.testng.internal.TestMethodWorker.run(TestMethodWorker.java:109)
at org.testng.TestRunner.privateRun(TestRunner.java:648)
at org.testng.TestRunner.run(TestRunner.java:505)
at org.testng.SuiteRunner.runTest(SuiteRunner.java:455)
at org.testng.SuiteRunner.runSequentially(SuiteRunner.java:450)
at org.testng.SuiteRunner.privateRun(SuiteRunner.java:415)
at org.testng.SuiteRunner.run(SuiteRunner.java:364)
at org.testng.SuiteRunnerWorker.runSuite(SuiteRunnerWorker.java:52)
at org.testng.SuiteRunnerWorker.run(SuiteRunnerWorker.java:84)
at org.testng.TestNG.runSuitesSequentially(TestNG.java:1208)
at org.testng.TestNG.runSuitesLocally(TestNG.java:1137)
at org.testng.TestNG.runSuites(TestNG.java:1049)
at org.testng.TestNG.run(TestNG.java:1017)
at org.testng.remote.AbstractRemoteTestNG.run(AbstractRemoteTestNG.java:114)
at org.testng.remote.RemoteTestNG.initAndRun(RemoteTestNG.java:251)
at org.testng.remote.RemoteTestNG.main(RemoteTestNG.java:77)
]]>
            </full-stacktrace>
          </exception> <!-- java.lang.AssertionError -->
          <reporter-output>
          </reporter-output>
        </test-method> <!-- UserAddNameEnAndNameArMoreThanMaxcharacterAr -->
        <test-method status="PASS" signature="screenShootsOnFailure(org.testng.ITestResult)[pri:0, instance:asala.test.AsalaEditCategoryTest@4883b407]" name="screenShootsOnFailure" is-config="true" duration-ms="0" started-at="2018-10-31T12:32:38Z" finished-at="2018-10-31T12:32:38Z">
          <params>
            <param index="0">
              <value>
                <![CDATA[[TestResult name=UserAddNameEnAndNameArLessThanThreecharacterAr status=SUCCESS method=AsalaEditCategoryTest.UserAddNameEnAndNameArLessThanThreecharacterAr()[pri:9, instance:asala.test.AsalaEditCategoryTest@4883b407] output={null}]]]>
              </value>
            </param>
          </params>
          <reporter-output>
          </reporter-output>
        </test-method> <!-- screenShootsOnFailure -->
        <test-method status="PASS" signature="screenShootsOnFailure(org.testng.ITestResult)[pri:0, instance:asala.test.AsalaEditCategoryTest@4883b407]" name="screenShootsOnFailure" is-config="true" duration-ms="112" started-at="2018-10-31T12:32:46Z" finished-at="2018-10-31T12:32:46Z">
          <params>
            <param index="0">
              <value>
                <![CDATA[[TestResult name=UserAddNameEnAndNameArMoreThanMaxcharacterAr status=FAILURE method=AsalaEditCategoryTest.UserAddNameEnAndNameArMoreThanMaxcharacterAr()[pri:10, instance:asala.test.AsalaEditCategoryTest@4883b407] output={null}]]]>
              </value>
            </param>
          </params>
          <reporter-output>
          </reporter-output>
        </test-method> <!-- screenShootsOnFailure -->
        <test-method status="FAIL" signature="UserAddNameEnAndNameAr()[pri:11, instance:asala.test.AsalaEditCategoryTest@4883b407]" name="UserAddNameEnAndNameAr" duration-ms="11291" started-at="2018-10-31T12:32:46Z" finished-at="2018-10-31T12:32:57Z">
          <exception class="org.openqa.selenium.NoSuchElementException">
            <message>
              <![CDATA[Unable to locate element: #success\-msg
For documentation on this error, please visit: http://seleniumhq.org/exceptions/no_such_element.html
Build info: version: '3.14.0', revision: 'aacccce0', time: '2018-08-02T20:19:58.91Z'
System info: host: 'Be-Max', ip: '127.0.1.1', os.name: 'Linux', os.arch: 'amd64', os.version: '4.15.0-38-generic', java.version: '1.8.0_181'
Driver info: org.openqa.selenium.firefox.FirefoxDriver
Capabilities {acceptInsecureCerts: true, browserName: firefox, browserVersion: 63.0, javascriptEnabled: true, moz:accessibilityChecks: false, moz:geckodriverVersion: 0.23.0, moz:headless: false, moz:processID: 9067, moz:profile: /tmp/rust_mozprofile.IQ2WuK..., moz:useNonSpecCompliantPointerOrigin: false, moz:webdriverClick: true, pageLoadStrategy: normal, platform: LINUX, platformName: LINUX, platformVersion: 4.15.0-38-generic, rotatable: false, setWindowRect: true, timeouts: {implicit: 0, pageLoad: 300000, script: 30000}, unhandledPromptBehavior: dismiss and notify}
Session ID: 1e979184-2be6-4dd0-93fb-f7f1eadc7da2
*** Element info: {Using=id, value=success-msg}]]>
            </message>
            <full-stacktrace>
              <![CDATA[org.openqa.selenium.NoSuchElementException: Unable to locate element: #success\-msg
For documentation on this error, please visit: http://seleniumhq.org/exceptions/no_such_element.html
Build info: version: '3.14.0', revision: 'aacccce0', time: '2018-08-02T20:19:58.91Z'
System info: host: 'Be-Max', ip: '127.0.1.1', os.name: 'Linux', os.arch: 'amd64', os.version: '4.15.0-38-generic', java.version: '1.8.0_181'
Driver info: org.openqa.selenium.firefox.FirefoxDriver
Capabilities {acceptInsecureCerts: true, browserName: firefox, browserVersion: 63.0, javascriptEnabled: true, moz:accessibilityChecks: false, moz:geckodriverVersion: 0.23.0, moz:headless: false, moz:processID: 9067, moz:profile: /tmp/rust_mozprofile.IQ2WuK..., moz:useNonSpecCompliantPointerOrigin: false, moz:webdriverClick: true, pageLoadStrategy: normal, platform: LINUX, platformName: LINUX, platformVersion: 4.15.0-38-generic, rotatable: false, setWindowRect: true, timeouts: {implicit: 0, pageLoad: 300000, script: 30000}, unhandledPromptBehavior: dismiss and notify}
Session ID: 1e979184-2be6-4dd0-93fb-f7f1eadc7da2
*** Element info: {Using=id, value=success-msg}
at sun.reflect.NativeConstructorAccessorImpl.newInstance0(Native Method)
at sun.reflect.NativeConstructorAccessorImpl.newInstance(NativeConstructorAccessorImpl.java:62)
at sun.reflect.DelegatingConstructorAccessorImpl.newInstance(DelegatingConstructorAccessorImpl.java:45)
at java.lang.reflect.Constructor.newInstance(Constructor.java:423)
at org.openqa.selenium.remote.http.W3CHttpResponseCodec.createException(W3CHttpResponseCodec.java:187)
at org.openqa.selenium.remote.http.W3CHttpResponseCodec.decode(W3CHttpResponseCodec.java:122)
at org.openqa.selenium.remote.http.W3CHttpResponseCodec.decode(W3CHttpResponseCodec.java:49)
at org.openqa.selenium.remote.HttpCommandExecutor.execute(HttpCommandExecutor.java:158)
at org.openqa.selenium.remote.service.DriverCommandExecutor.execute(DriverCommandExecutor.java:83)
at org.openqa.selenium.remote.RemoteWebDriver.execute(RemoteWebDriver.java:548)
at org.openqa.selenium.remote.RemoteWebDriver.findElement(RemoteWebDriver.java:322)
at org.openqa.selenium.remote.RemoteWebDriver.findElementById(RemoteWebDriver.java:368)
at org.openqa.selenium.By$ById.findElement(By.java:188)
at org.openqa.selenium.remote.RemoteWebDriver.findElement(RemoteWebDriver.java:314)
at org.openqa.selenium.support.pagefactory.DefaultElementLocator.findElement(DefaultElementLocator.java:69)
at org.openqa.selenium.support.pagefactory.internal.LocatingElementHandler.invoke(LocatingElementHandler.java:38)
at com.sun.proxy.$Proxy12.getText(Unknown Source)
at asala.test.AsalaEditCategoryTest.UserAddNameEnAndNameAr(AsalaEditCategoryTest.java:155)
at sun.reflect.NativeMethodAccessorImpl.invoke0(Native Method)
at sun.reflect.NativeMethodAccessorImpl.invoke(NativeMethodAccessorImpl.java:62)
at sun.reflect.DelegatingMethodAccessorImpl.invoke(DelegatingMethodAccessorImpl.java:43)
at java.lang.reflect.Method.invoke(Method.java:498)
at org.testng.internal.MethodInvocationHelper.invokeMethod(MethodInvocationHelper.java:124)
at org.testng.internal.Invoker.invokeMethod(Invoker.java:583)
at org.testng.internal.Invoker.invokeTestMethod(Invoker.java:719)
at org.testng.internal.Invoker.invokeTestMethods(Invoker.java:989)
at org.testng.internal.TestMethodWorker.invokeTestMethods(TestMethodWorker.java:125)
at org.testng.internal.TestMethodWorker.run(TestMethodWorker.java:109)
at org.testng.TestRunner.privateRun(TestRunner.java:648)
at org.testng.TestRunner.run(TestRunner.java:505)
at org.testng.SuiteRunner.runTest(SuiteRunner.java:455)
at org.testng.SuiteRunner.runSequentially(SuiteRunner.java:450)
at org.testng.SuiteRunner.privateRun(SuiteRunner.java:415)
at org.testng.SuiteRunner.run(SuiteRunner.java:364)
at org.testng.SuiteRunnerWorker.runSuite(SuiteRunnerWorker.java:52)
at org.testng.SuiteRunnerWorker.run(SuiteRunnerWorker.java:84)
at org.testng.TestNG.runSuitesSequentially(TestNG.java:1208)
at org.testng.TestNG.runSuitesLocally(TestNG.java:1137)
at org.testng.TestNG.runSuites(TestNG.java:1049)
at org.testng.TestNG.run(TestNG.java:1017)
at org.testng.remote.AbstractRemoteTestNG.run(AbstractRemoteTestNG.java:114)
at org.testng.remote.RemoteTestNG.initAndRun(RemoteTestNG.java:251)
at org.testng.remote.RemoteTestNG.main(RemoteTestNG.java:77)
]]>
            </full-stacktrace>
          </exception> <!-- org.openqa.selenium.NoSuchElementException -->
          <reporter-output>
          </reporter-output>
        </test-method> <!-- UserAddNameEnAndNameAr -->
        <test-method status="PASS" signature="screenShootsOnFailure(org.testng.ITestResult)[pri:0, instance:asala.test.AsalaEditCategoryTest@4883b407]" name="screenShootsOnFailure" is-config="true" duration-ms="116" started-at="2018-10-31T12:32:57Z" finished-at="2018-10-31T12:32:57Z">
          <params>
            <param index="0">
              <value>
                <![CDATA[[TestResult name=UserAddNameEnAndNameAr status=FAILURE method=AsalaEditCategoryTest.UserAddNameEnAndNameAr()[pri:11, instance:asala.test.AsalaEditCategoryTest@4883b407] output={null}]]]>
              </value>
            </param>
          </params>
          <reporter-output>
          </reporter-output>
        </test-method> <!-- screenShootsOnFailure -->
        <test-method status="PASS" signature="stopDriver()[pri:0, instance:asala.test.AsalaEditCategoryTest@4883b407]" name="stopDriver" is-config="true" duration-ms="835" started-at="2018-10-31T12:32:57Z" finished-at="2018-10-31T12:32:58Z">
          <reporter-output>
          </reporter-output>
        </test-method> <!-- stopDriver -->
      </class> <!-- asala.test.AsalaEditCategoryTest -->
    </test> <!-- Default test -->
  </suite> <!-- Default suite -->
</testng-results>
