<?xml version="1.0" encoding="UTF-8"?>
<testng-results skipped="0" failed="1" ignored="0" total="9" passed="8">
  <reporter-output>
  </reporter-output>
  <suite name="Default suite" duration-ms="6114" started-at="2018-10-17T16:20:55Z" finished-at="2018-10-17T16:21:01Z">
    <groups>
    </groups>
    <test name="Default test" duration-ms="6114" started-at="2018-10-17T16:20:55Z" finished-at="2018-10-17T16:21:01Z">
      <class name="asala.test.AsalaEditAccountTest">
        <test-method status="PASS" signature="startDriver(java.lang.String)[pri:0, instance:asala.test.AsalaEditAccountTest@4883b407]" name="startDriver" is-config="true" duration-ms="6138" started-at="2018-10-17T16:20:49Z" finished-at="2018-10-17T16:20:55Z">
          <params>
            <param index="0">
              <value>
                <![CDATA[firefox]]>
              </value>
            </param>
          </params>
          <reporter-output>
          </reporter-output>
        </test-method> <!-- startDriver -->
        <test-method status="PASS" signature="MakeLogin()[pri:1, instance:asala.test.AsalaEditAccountTest@4883b407]" name="MakeLogin" duration-ms="1455" started-at="2018-10-17T16:20:55Z" finished-at="2018-10-17T16:20:57Z">
          <reporter-output>
          </reporter-output>
        </test-method> <!-- MakeLogin -->
        <test-method status="PASS" signature="screenShootsOnFailure(org.testng.ITestResult)[pri:0, instance:asala.test.AsalaEditAccountTest@4883b407]" name="screenShootsOnFailure" is-config="true" duration-ms="1" started-at="2018-10-17T16:20:57Z" finished-at="2018-10-17T16:20:57Z">
          <params>
            <param index="0">
              <value>
                <![CDATA[[TestResult name=MakeLogin status=SUCCESS method=AsalaEditAccountTest.MakeLogin()[pri:1, instance:asala.test.AsalaEditAccountTest@4883b407] output={null}]]]>
              </value>
            </param>
          </params>
          <reporter-output>
          </reporter-output>
        </test-method> <!-- screenShootsOnFailure -->
        <test-method status="PASS" signature="UserAddNameFiledEmpty()[pri:2, instance:asala.test.AsalaEditAccountTest@4883b407]" name="UserAddNameFiledEmpty" duration-ms="263" started-at="2018-10-17T16:20:57Z" finished-at="2018-10-17T16:20:57Z">
          <reporter-output>
          </reporter-output>
        </test-method> <!-- UserAddNameFiledEmpty -->
        <test-method status="PASS" signature="UserAddNameFiledMore30Char()[pri:3, instance:asala.test.AsalaEditAccountTest@4883b407]" name="UserAddNameFiledMore30Char" duration-ms="326" started-at="2018-10-17T16:20:57Z" finished-at="2018-10-17T16:20:57Z">
          <reporter-output>
          </reporter-output>
        </test-method> <!-- UserAddNameFiledMore30Char -->
        <test-method status="PASS" signature="screenShootsOnFailure(org.testng.ITestResult)[pri:0, instance:asala.test.AsalaEditAccountTest@4883b407]" name="screenShootsOnFailure" is-config="true" duration-ms="0" started-at="2018-10-17T16:20:57Z" finished-at="2018-10-17T16:20:57Z">
          <params>
            <param index="0">
              <value>
                <![CDATA[[TestResult name=UserAddNameFiledEmpty status=SUCCESS method=AsalaEditAccountTest.UserAddNameFiledEmpty()[pri:2, instance:asala.test.AsalaEditAccountTest@4883b407] output={null}]]]>
              </value>
            </param>
          </params>
          <reporter-output>
          </reporter-output>
        </test-method> <!-- screenShootsOnFailure -->
        <test-method status="PASS" signature="screenShootsOnFailure(org.testng.ITestResult)[pri:0, instance:asala.test.AsalaEditAccountTest@4883b407]" name="screenShootsOnFailure" is-config="true" duration-ms="0" started-at="2018-10-17T16:20:57Z" finished-at="2018-10-17T16:20:57Z">
          <params>
            <param index="0">
              <value>
                <![CDATA[[TestResult name=UserAddNameFiledMore30Char status=SUCCESS method=AsalaEditAccountTest.UserAddNameFiledMore30Char()[pri:3, instance:asala.test.AsalaEditAccountTest@4883b407] output={null}]]]>
              </value>
            </param>
          </params>
          <reporter-output>
          </reporter-output>
        </test-method> <!-- screenShootsOnFailure -->
        <test-method status="PASS" signature="UserAddNameFiledLess3Char()[pri:4, instance:asala.test.AsalaEditAccountTest@4883b407]" name="UserAddNameFiledLess3Char" duration-ms="308" started-at="2018-10-17T16:20:57Z" finished-at="2018-10-17T16:20:58Z">
          <reporter-output>
          </reporter-output>
        </test-method> <!-- UserAddNameFiledLess3Char -->
        <test-method status="PASS" signature="UserAddNameFiledsuccess()[pri:5, instance:asala.test.AsalaEditAccountTest@4883b407]" name="UserAddNameFiledsuccess" duration-ms="306" started-at="2018-10-17T16:20:58Z" finished-at="2018-10-17T16:20:58Z">
          <reporter-output>
          </reporter-output>
        </test-method> <!-- UserAddNameFiledsuccess -->
        <test-method status="PASS" signature="screenShootsOnFailure(org.testng.ITestResult)[pri:0, instance:asala.test.AsalaEditAccountTest@4883b407]" name="screenShootsOnFailure" is-config="true" duration-ms="0" started-at="2018-10-17T16:20:58Z" finished-at="2018-10-17T16:20:58Z">
          <params>
            <param index="0">
              <value>
                <![CDATA[[TestResult name=UserAddNameFiledLess3Char status=SUCCESS method=AsalaEditAccountTest.UserAddNameFiledLess3Char()[pri:4, instance:asala.test.AsalaEditAccountTest@4883b407] output={null}]]]>
              </value>
            </param>
          </params>
          <reporter-output>
          </reporter-output>
        </test-method> <!-- screenShootsOnFailure -->
        <test-method status="PASS" signature="screenShootsOnFailure(org.testng.ITestResult)[pri:0, instance:asala.test.AsalaEditAccountTest@4883b407]" name="screenShootsOnFailure" is-config="true" duration-ms="1" started-at="2018-10-17T16:20:58Z" finished-at="2018-10-17T16:20:58Z">
          <params>
            <param index="0">
              <value>
                <![CDATA[[TestResult name=UserAddNameFiledsuccess status=SUCCESS method=AsalaEditAccountTest.UserAddNameFiledsuccess()[pri:5, instance:asala.test.AsalaEditAccountTest@4883b407] output={null}]]]>
              </value>
            </param>
          </params>
          <reporter-output>
          </reporter-output>
        </test-method> <!-- screenShootsOnFailure -->
        <test-method status="PASS" signature="UserAddEmptyEmail()[pri:6, instance:asala.test.AsalaEditAccountTest@4883b407]" name="UserAddEmptyEmail" duration-ms="2302" started-at="2018-10-17T16:20:58Z" finished-at="2018-10-17T16:21:00Z">
          <reporter-output>
          </reporter-output>
        </test-method> <!-- UserAddEmptyEmail -->
        <test-method status="PASS" signature="screenShootsOnFailure(org.testng.ITestResult)[pri:0, instance:asala.test.AsalaEditAccountTest@4883b407]" name="screenShootsOnFailure" is-config="true" duration-ms="0" started-at="2018-10-17T16:21:00Z" finished-at="2018-10-17T16:21:00Z">
          <params>
            <param index="0">
              <value>
                <![CDATA[[TestResult name=UserAddEmptyEmail status=SUCCESS method=AsalaEditAccountTest.UserAddEmptyEmail()[pri:6, instance:asala.test.AsalaEditAccountTest@4883b407] output={null}]]]>
              </value>
            </param>
          </params>
          <reporter-output>
          </reporter-output>
        </test-method> <!-- screenShootsOnFailure -->
        <test-method status="PASS" signature="UserAddWrongEmail()[pri:7, instance:asala.test.AsalaEditAccountTest@4883b407]" name="UserAddWrongEmail" duration-ms="279" started-at="2018-10-17T16:21:00Z" finished-at="2018-10-17T16:21:00Z">
          <reporter-output>
          </reporter-output>
        </test-method> <!-- UserAddWrongEmail -->
        <test-method status="PASS" signature="screenShootsOnFailure(org.testng.ITestResult)[pri:0, instance:asala.test.AsalaEditAccountTest@4883b407]" name="screenShootsOnFailure" is-config="true" duration-ms="1" started-at="2018-10-17T16:21:00Z" finished-at="2018-10-17T16:21:00Z">
          <params>
            <param index="0">
              <value>
                <![CDATA[[TestResult name=UserAddWrongEmail status=SUCCESS method=AsalaEditAccountTest.UserAddWrongEmail()[pri:7, instance:asala.test.AsalaEditAccountTest@4883b407] output={null}]]]>
              </value>
            </param>
          </params>
          <reporter-output>
          </reporter-output>
        </test-method> <!-- screenShootsOnFailure -->
        <test-method status="PASS" signature="UserAddValidEmail()[pri:8, instance:asala.test.AsalaEditAccountTest@4883b407]" name="UserAddValidEmail" duration-ms="372" started-at="2018-10-17T16:21:00Z" finished-at="2018-10-17T16:21:01Z">
          <reporter-output>
          </reporter-output>
        </test-method> <!-- UserAddValidEmail -->
        <test-method status="PASS" signature="screenShootsOnFailure(org.testng.ITestResult)[pri:0, instance:asala.test.AsalaEditAccountTest@4883b407]" name="screenShootsOnFailure" is-config="true" duration-ms="1" started-at="2018-10-17T16:21:01Z" finished-at="2018-10-17T16:21:01Z">
          <params>
            <param index="0">
              <value>
                <![CDATA[[TestResult name=UserAddValidEmail status=SUCCESS method=AsalaEditAccountTest.UserAddValidEmail()[pri:8, instance:asala.test.AsalaEditAccountTest@4883b407] output={null}]]]>
              </value>
            </param>
          </params>
          <reporter-output>
          </reporter-output>
        </test-method> <!-- screenShootsOnFailure -->
        <test-method status="FAIL" signature="UserAddOldPasswordWrong()[pri:9, instance:asala.test.AsalaEditAccountTest@4883b407]" name="UserAddOldPasswordWrong" duration-ms="389" started-at="2018-10-17T16:21:01Z" finished-at="2018-10-17T16:21:01Z">
          <exception class="java.lang.AssertionError">
            <message>
              <![CDATA[expected [true] but found [false]]]>
            </message>
            <full-stacktrace>
              <![CDATA[java.lang.AssertionError: expected [true] but found [false]
at org.testng.Assert.fail(Assert.java:96)
at org.testng.Assert.failNotEquals(Assert.java:776)
at org.testng.Assert.assertTrue(Assert.java:44)
at org.testng.Assert.assertTrue(Assert.java:54)
at asala.test.AsalaEditAccountTest.UserAddOldPasswordWrong(AsalaEditAccountTest.java:92)
at sun.reflect.NativeMethodAccessorImpl.invoke0(Native Method)
at sun.reflect.NativeMethodAccessorImpl.invoke(NativeMethodAccessorImpl.java:62)
at sun.reflect.DelegatingMethodAccessorImpl.invoke(DelegatingMethodAccessorImpl.java:43)
at java.lang.reflect.Method.invoke(Method.java:498)
at org.testng.internal.MethodInvocationHelper.invokeMethod(MethodInvocationHelper.java:124)
at org.testng.internal.Invoker.invokeMethod(Invoker.java:583)
at org.testng.internal.Invoker.invokeTestMethod(Invoker.java:719)
at org.testng.internal.Invoker.invokeTestMethods(Invoker.java:989)
at org.testng.internal.TestMethodWorker.invokeTestMethods(TestMethodWorker.java:125)
at org.testng.internal.TestMethodWorker.run(TestMethodWorker.java:109)
at org.testng.TestRunner.privateRun(TestRunner.java:648)
at org.testng.TestRunner.run(TestRunner.java:505)
at org.testng.SuiteRunner.runTest(SuiteRunner.java:455)
at org.testng.SuiteRunner.runSequentially(SuiteRunner.java:450)
at org.testng.SuiteRunner.privateRun(SuiteRunner.java:415)
at org.testng.SuiteRunner.run(SuiteRunner.java:364)
at org.testng.SuiteRunnerWorker.runSuite(SuiteRunnerWorker.java:52)
at org.testng.SuiteRunnerWorker.run(SuiteRunnerWorker.java:84)
at org.testng.TestNG.runSuitesSequentially(TestNG.java:1208)
at org.testng.TestNG.runSuitesLocally(TestNG.java:1137)
at org.testng.TestNG.runSuites(TestNG.java:1049)
at org.testng.TestNG.run(TestNG.java:1017)
at org.testng.remote.AbstractRemoteTestNG.run(AbstractRemoteTestNG.java:114)
at org.testng.remote.RemoteTestNG.initAndRun(RemoteTestNG.java:251)
at org.testng.remote.RemoteTestNG.main(RemoteTestNG.java:77)
]]>
            </full-stacktrace>
          </exception> <!-- java.lang.AssertionError -->
          <reporter-output>
          </reporter-output>
        </test-method> <!-- UserAddOldPasswordWrong -->
        <test-method status="PASS" signature="screenShootsOnFailure(org.testng.ITestResult)[pri:0, instance:asala.test.AsalaEditAccountTest@4883b407]" name="screenShootsOnFailure" is-config="true" duration-ms="76" started-at="2018-10-17T16:21:01Z" finished-at="2018-10-17T16:21:01Z">
          <params>
            <param index="0">
              <value>
                <![CDATA[[TestResult name=UserAddOldPasswordWrong status=FAILURE method=AsalaEditAccountTest.UserAddOldPasswordWrong()[pri:9, instance:asala.test.AsalaEditAccountTest@4883b407] output={null}]]]>
              </value>
            </param>
          </params>
          <reporter-output>
          </reporter-output>
        </test-method> <!-- screenShootsOnFailure -->
        <test-method status="PASS" signature="stopDriver()[pri:0, instance:asala.test.AsalaEditAccountTest@4883b407]" name="stopDriver" is-config="true" duration-ms="3842" started-at="2018-10-17T16:21:01Z" finished-at="2018-10-17T16:21:05Z">
          <reporter-output>
          </reporter-output>
        </test-method> <!-- stopDriver -->
      </class> <!-- asala.test.AsalaEditAccountTest -->
    </test> <!-- Default test -->
  </suite> <!-- Default suite -->
</testng-results>
