<?xml version="1.0" encoding="UTF-8"?>
<testng-results skipped="0" failed="3" ignored="0" total="14" passed="11">
  <reporter-output>
  </reporter-output>
  <suite name="Default suite" duration-ms="41638" started-at="2018-10-30T22:16:28Z" finished-at="2018-10-30T22:17:09Z">
    <groups>
    </groups>
    <test name="Default test" duration-ms="41638" started-at="2018-10-30T22:16:28Z" finished-at="2018-10-30T22:17:09Z">
      <class name="asala.test.AsalaAddNewCategoryTest">
        <test-method status="PASS" signature="startDriver(java.lang.String)[pri:0, instance:asala.test.AsalaAddNewCategoryTest@3159c4b8]" name="startDriver" is-config="true" duration-ms="8756" started-at="2018-10-30T22:16:19Z" finished-at="2018-10-30T22:16:28Z">
          <params>
            <param index="0">
              <value>
                <![CDATA[firefox]]>
              </value>
            </param>
          </params>
          <reporter-output>
          </reporter-output>
        </test-method> <!-- startDriver -->
        <test-method status="PASS" signature="MakeLoginAndSelectMallAsSuuperAdmin()[pri:1, instance:asala.test.AsalaAddNewCategoryTest@3159c4b8]" name="MakeLoginAndSelectMallAsSuuperAdmin" duration-ms="2223" started-at="2018-10-30T22:16:28Z" finished-at="2018-10-30T22:16:30Z">
          <reporter-output>
          </reporter-output>
        </test-method> <!-- MakeLoginAndSelectMallAsSuuperAdmin -->
        <test-method status="PASS" signature="screenShootsOnFailure(org.testng.ITestResult)[pri:0, instance:asala.test.AsalaAddNewCategoryTest@3159c4b8]" name="screenShootsOnFailure" is-config="true" duration-ms="2" started-at="2018-10-30T22:16:30Z" finished-at="2018-10-30T22:16:30Z">
          <params>
            <param index="0">
              <value>
                <![CDATA[[TestResult name=MakeLoginAndSelectMallAsSuuperAdmin status=SUCCESS method=AsalaAddNewCategoryTest.MakeLoginAndSelectMallAsSuuperAdmin()[pri:1, instance:asala.test.AsalaAddNewCategoryTest@3159c4b8] output={null}]]]>
              </value>
            </param>
          </params>
          <reporter-output>
          </reporter-output>
        </test-method> <!-- screenShootsOnFailure -->
        <test-method status="PASS" signature="UserAddNameEnEmptyAndNameArEmpty()[pri:2, instance:asala.test.AsalaAddNewCategoryTest@3159c4b8]" name="UserAddNameEnEmptyAndNameArEmpty" duration-ms="391" started-at="2018-10-30T22:16:30Z" finished-at="2018-10-30T22:16:30Z">
          <reporter-output>
          </reporter-output>
        </test-method> <!-- UserAddNameEnEmptyAndNameArEmpty -->
        <test-method status="PASS" signature="screenShootsOnFailure(org.testng.ITestResult)[pri:0, instance:asala.test.AsalaAddNewCategoryTest@3159c4b8]" name="screenShootsOnFailure" is-config="true" duration-ms="0" started-at="2018-10-30T22:16:30Z" finished-at="2018-10-30T22:16:30Z">
          <params>
            <param index="0">
              <value>
                <![CDATA[[TestResult name=UserAddNameEnEmptyAndNameArEmpty status=SUCCESS method=AsalaAddNewCategoryTest.UserAddNameEnEmptyAndNameArEmpty()[pri:2, instance:asala.test.AsalaAddNewCategoryTest@3159c4b8] output={null}]]]>
              </value>
            </param>
          </params>
          <reporter-output>
          </reporter-output>
        </test-method> <!-- screenShootsOnFailure -->
        <test-method status="PASS" signature="UserAddNameEnAndNameArLessThanThreecharacter()[pri:3, instance:asala.test.AsalaAddNewCategoryTest@3159c4b8]" name="UserAddNameEnAndNameArLessThanThreecharacter" duration-ms="412" started-at="2018-10-30T22:16:30Z" finished-at="2018-10-30T22:16:31Z">
          <reporter-output>
          </reporter-output>
        </test-method> <!-- UserAddNameEnAndNameArLessThanThreecharacter -->
        <test-method status="PASS" signature="screenShootsOnFailure(org.testng.ITestResult)[pri:0, instance:asala.test.AsalaAddNewCategoryTest@3159c4b8]" name="screenShootsOnFailure" is-config="true" duration-ms="0" started-at="2018-10-30T22:16:31Z" finished-at="2018-10-30T22:16:31Z">
          <params>
            <param index="0">
              <value>
                <![CDATA[[TestResult name=UserAddNameEnAndNameArLessThanThreecharacter status=SUCCESS method=AsalaAddNewCategoryTest.UserAddNameEnAndNameArLessThanThreecharacter()[pri:3, instance:asala.test.AsalaAddNewCategoryTest@3159c4b8] output={null}]]]>
              </value>
            </param>
          </params>
          <reporter-output>
          </reporter-output>
        </test-method> <!-- screenShootsOnFailure -->
        <test-method status="FAIL" signature="UserAddNameEnAndNameArMoreThanMaxcharacter()[pri:4, instance:asala.test.AsalaAddNewCategoryTest@3159c4b8]" name="UserAddNameEnAndNameArMoreThanMaxcharacter" duration-ms="5973" started-at="2018-10-30T22:16:31Z" finished-at="2018-10-30T22:16:37Z">
          <exception class="java.lang.AssertionError">
            <message>
              <![CDATA[expected [true] but found [false]]]>
            </message>
            <full-stacktrace>
              <![CDATA[java.lang.AssertionError: expected [true] but found [false]
at org.testng.Assert.fail(Assert.java:96)
at org.testng.Assert.failNotEquals(Assert.java:776)
at org.testng.Assert.assertTrue(Assert.java:44)
at org.testng.Assert.assertTrue(Assert.java:54)
at asala.test.AsalaAddNewCategoryTest.UserAddNameEnAndNameArMoreThanMaxcharacter(AsalaAddNewCategoryTest.java:70)
at sun.reflect.NativeMethodAccessorImpl.invoke0(Native Method)
at sun.reflect.NativeMethodAccessorImpl.invoke(NativeMethodAccessorImpl.java:62)
at sun.reflect.DelegatingMethodAccessorImpl.invoke(DelegatingMethodAccessorImpl.java:43)
at java.lang.reflect.Method.invoke(Method.java:498)
at org.testng.internal.MethodInvocationHelper.invokeMethod(MethodInvocationHelper.java:124)
at org.testng.internal.Invoker.invokeMethod(Invoker.java:583)
at org.testng.internal.Invoker.invokeTestMethod(Invoker.java:719)
at org.testng.internal.Invoker.invokeTestMethods(Invoker.java:989)
at org.testng.internal.TestMethodWorker.invokeTestMethods(TestMethodWorker.java:125)
at org.testng.internal.TestMethodWorker.run(TestMethodWorker.java:109)
at org.testng.TestRunner.privateRun(TestRunner.java:648)
at org.testng.TestRunner.run(TestRunner.java:505)
at org.testng.SuiteRunner.runTest(SuiteRunner.java:455)
at org.testng.SuiteRunner.runSequentially(SuiteRunner.java:450)
at org.testng.SuiteRunner.privateRun(SuiteRunner.java:415)
at org.testng.SuiteRunner.run(SuiteRunner.java:364)
at org.testng.SuiteRunnerWorker.runSuite(SuiteRunnerWorker.java:52)
at org.testng.SuiteRunnerWorker.run(SuiteRunnerWorker.java:84)
at org.testng.TestNG.runSuitesSequentially(TestNG.java:1208)
at org.testng.TestNG.runSuitesLocally(TestNG.java:1137)
at org.testng.TestNG.runSuites(TestNG.java:1049)
at org.testng.TestNG.run(TestNG.java:1017)
at org.testng.remote.AbstractRemoteTestNG.run(AbstractRemoteTestNG.java:114)
at org.testng.remote.RemoteTestNG.initAndRun(RemoteTestNG.java:251)
at org.testng.remote.RemoteTestNG.main(RemoteTestNG.java:77)
]]>
            </full-stacktrace>
          </exception> <!-- java.lang.AssertionError -->
          <reporter-output>
          </reporter-output>
        </test-method> <!-- UserAddNameEnAndNameArMoreThanMaxcharacter -->
        <test-method status="PASS" signature="screenShootsOnFailure(org.testng.ITestResult)[pri:0, instance:asala.test.AsalaAddNewCategoryTest@3159c4b8]" name="screenShootsOnFailure" is-config="true" duration-ms="140" started-at="2018-10-30T22:16:37Z" finished-at="2018-10-30T22:16:37Z">
          <params>
            <param index="0">
              <value>
                <![CDATA[[TestResult name=UserAddNameEnAndNameArMoreThanMaxcharacter status=FAILURE method=AsalaAddNewCategoryTest.UserAddNameEnAndNameArMoreThanMaxcharacter()[pri:4, instance:asala.test.AsalaAddNewCategoryTest@3159c4b8] output={null}]]]>
              </value>
            </param>
          </params>
          <reporter-output>
          </reporter-output>
        </test-method> <!-- screenShootsOnFailure -->
        <test-method status="PASS" signature="UserAddNameEnAndNameArEmpty()[pri:5, instance:asala.test.AsalaAddNewCategoryTest@3159c4b8]" name="UserAddNameEnAndNameArEmpty" duration-ms="438" started-at="2018-10-30T22:16:37Z" finished-at="2018-10-30T22:16:37Z">
          <reporter-output>
          </reporter-output>
        </test-method> <!-- UserAddNameEnAndNameArEmpty -->
        <test-method status="PASS" signature="screenShootsOnFailure(org.testng.ITestResult)[pri:0, instance:asala.test.AsalaAddNewCategoryTest@3159c4b8]" name="screenShootsOnFailure" is-config="true" duration-ms="0" started-at="2018-10-30T22:16:37Z" finished-at="2018-10-30T22:16:37Z">
          <params>
            <param index="0">
              <value>
                <![CDATA[[TestResult name=UserAddNameEnAndNameArEmpty status=SUCCESS method=AsalaAddNewCategoryTest.UserAddNameEnAndNameArEmpty()[pri:5, instance:asala.test.AsalaAddNewCategoryTest@3159c4b8] output={null}]]]>
              </value>
            </param>
          </params>
          <reporter-output>
          </reporter-output>
        </test-method> <!-- screenShootsOnFailure -->
        <test-method status="FAIL" signature="UserAddNameEnEmptyAndNameAr()[pri:6, instance:asala.test.AsalaAddNewCategoryTest@3159c4b8]" name="UserAddNameEnEmptyAndNameAr" duration-ms="354" started-at="2018-10-30T22:16:37Z" finished-at="2018-10-30T22:16:38Z">
          <exception class="java.lang.AssertionError">
            <message>
              <![CDATA[expected [true] but found [false]]]>
            </message>
            <full-stacktrace>
              <![CDATA[java.lang.AssertionError: expected [true] but found [false]
at org.testng.Assert.fail(Assert.java:96)
at org.testng.Assert.failNotEquals(Assert.java:776)
at org.testng.Assert.assertTrue(Assert.java:44)
at org.testng.Assert.assertTrue(Assert.java:54)
at asala.test.AsalaAddNewCategoryTest.UserAddNameEnEmptyAndNameAr(AsalaAddNewCategoryTest.java:92)
at sun.reflect.NativeMethodAccessorImpl.invoke0(Native Method)
at sun.reflect.NativeMethodAccessorImpl.invoke(NativeMethodAccessorImpl.java:62)
at sun.reflect.DelegatingMethodAccessorImpl.invoke(DelegatingMethodAccessorImpl.java:43)
at java.lang.reflect.Method.invoke(Method.java:498)
at org.testng.internal.MethodInvocationHelper.invokeMethod(MethodInvocationHelper.java:124)
at org.testng.internal.Invoker.invokeMethod(Invoker.java:583)
at org.testng.internal.Invoker.invokeTestMethod(Invoker.java:719)
at org.testng.internal.Invoker.invokeTestMethods(Invoker.java:989)
at org.testng.internal.TestMethodWorker.invokeTestMethods(TestMethodWorker.java:125)
at org.testng.internal.TestMethodWorker.run(TestMethodWorker.java:109)
at org.testng.TestRunner.privateRun(TestRunner.java:648)
at org.testng.TestRunner.run(TestRunner.java:505)
at org.testng.SuiteRunner.runTest(SuiteRunner.java:455)
at org.testng.SuiteRunner.runSequentially(SuiteRunner.java:450)
at org.testng.SuiteRunner.privateRun(SuiteRunner.java:415)
at org.testng.SuiteRunner.run(SuiteRunner.java:364)
at org.testng.SuiteRunnerWorker.runSuite(SuiteRunnerWorker.java:52)
at org.testng.SuiteRunnerWorker.run(SuiteRunnerWorker.java:84)
at org.testng.TestNG.runSuitesSequentially(TestNG.java:1208)
at org.testng.TestNG.runSuitesLocally(TestNG.java:1137)
at org.testng.TestNG.runSuites(TestNG.java:1049)
at org.testng.TestNG.run(TestNG.java:1017)
at org.testng.remote.AbstractRemoteTestNG.run(AbstractRemoteTestNG.java:114)
at org.testng.remote.RemoteTestNG.initAndRun(RemoteTestNG.java:251)
at org.testng.remote.RemoteTestNG.main(RemoteTestNG.java:77)
]]>
            </full-stacktrace>
          </exception> <!-- java.lang.AssertionError -->
          <reporter-output>
          </reporter-output>
        </test-method> <!-- UserAddNameEnEmptyAndNameAr -->
        <test-method status="PASS" signature="screenShootsOnFailure(org.testng.ITestResult)[pri:0, instance:asala.test.AsalaAddNewCategoryTest@3159c4b8]" name="screenShootsOnFailure" is-config="true" duration-ms="181" started-at="2018-10-30T22:16:38Z" finished-at="2018-10-30T22:16:38Z">
          <params>
            <param index="0">
              <value>
                <![CDATA[[TestResult name=UserAddNameEnEmptyAndNameAr status=FAILURE method=AsalaAddNewCategoryTest.UserAddNameEnEmptyAndNameAr()[pri:6, instance:asala.test.AsalaAddNewCategoryTest@3159c4b8] output={null}]]]>
              </value>
            </param>
          </params>
          <reporter-output>
          </reporter-output>
        </test-method> <!-- screenShootsOnFailure -->
        <test-method status="PASS" signature="UserAddNameEnAndNameArSpace()[pri:7, instance:asala.test.AsalaAddNewCategoryTest@3159c4b8]" name="UserAddNameEnAndNameArSpace" duration-ms="442" started-at="2018-10-30T22:16:38Z" finished-at="2018-10-30T22:16:38Z">
          <reporter-output>
          </reporter-output>
        </test-method> <!-- UserAddNameEnAndNameArSpace -->
        <test-method status="PASS" signature="screenShootsOnFailure(org.testng.ITestResult)[pri:0, instance:asala.test.AsalaAddNewCategoryTest@3159c4b8]" name="screenShootsOnFailure" is-config="true" duration-ms="1" started-at="2018-10-30T22:16:38Z" finished-at="2018-10-30T22:16:38Z">
          <params>
            <param index="0">
              <value>
                <![CDATA[[TestResult name=UserAddNameEnAndNameArSpace status=SUCCESS method=AsalaAddNewCategoryTest.UserAddNameEnAndNameArSpace()[pri:7, instance:asala.test.AsalaAddNewCategoryTest@3159c4b8] output={null}]]]>
              </value>
            </param>
          </params>
          <reporter-output>
          </reporter-output>
        </test-method> <!-- screenShootsOnFailure -->
        <test-method status="PASS" signature="UserAddNameEnAndName()[pri:8, instance:asala.test.AsalaAddNewCategoryTest@3159c4b8]" name="UserAddNameEnAndName" duration-ms="11195" started-at="2018-10-30T22:16:38Z" finished-at="2018-10-30T22:16:50Z">
          <reporter-output>
          </reporter-output>
        </test-method> <!-- UserAddNameEnAndName -->
        <test-method status="PASS" signature="UserAddNameEnEmptyAndNameArEmptyAr()[pri:9, instance:asala.test.AsalaAddNewCategoryTest@3159c4b8]" name="UserAddNameEnEmptyAndNameArEmptyAr" duration-ms="3150" started-at="2018-10-30T22:16:50Z" finished-at="2018-10-30T22:16:53Z">
          <reporter-output>
          </reporter-output>
        </test-method> <!-- UserAddNameEnEmptyAndNameArEmptyAr -->
        <test-method status="PASS" signature="screenShootsOnFailure(org.testng.ITestResult)[pri:0, instance:asala.test.AsalaAddNewCategoryTest@3159c4b8]" name="screenShootsOnFailure" is-config="true" duration-ms="0" started-at="2018-10-30T22:16:50Z" finished-at="2018-10-30T22:16:50Z">
          <params>
            <param index="0">
              <value>
                <![CDATA[[TestResult name=UserAddNameEnAndName status=SUCCESS method=AsalaAddNewCategoryTest.UserAddNameEnAndName()[pri:8, instance:asala.test.AsalaAddNewCategoryTest@3159c4b8] output={null}]]]>
              </value>
            </param>
          </params>
          <reporter-output>
          </reporter-output>
        </test-method> <!-- screenShootsOnFailure -->
        <test-method status="PASS" signature="screenShootsOnFailure(org.testng.ITestResult)[pri:0, instance:asala.test.AsalaAddNewCategoryTest@3159c4b8]" name="screenShootsOnFailure" is-config="true" duration-ms="1" started-at="2018-10-30T22:16:53Z" finished-at="2018-10-30T22:16:53Z">
          <params>
            <param index="0">
              <value>
                <![CDATA[[TestResult name=UserAddNameEnEmptyAndNameArEmptyAr status=SUCCESS method=AsalaAddNewCategoryTest.UserAddNameEnEmptyAndNameArEmptyAr()[pri:9, instance:asala.test.AsalaAddNewCategoryTest@3159c4b8] output={null}]]]>
              </value>
            </param>
          </params>
          <reporter-output>
          </reporter-output>
        </test-method> <!-- screenShootsOnFailure -->
        <test-method status="PASS" signature="UserAddNameEnAndNameArLessThanThreecharacterAr()[pri:10, instance:asala.test.AsalaAddNewCategoryTest@3159c4b8]" name="UserAddNameEnAndNameArLessThanThreecharacterAr" duration-ms="393" started-at="2018-10-30T22:16:53Z" finished-at="2018-10-30T22:16:53Z">
          <reporter-output>
          </reporter-output>
        </test-method> <!-- UserAddNameEnAndNameArLessThanThreecharacterAr -->
        <test-method status="PASS" signature="screenShootsOnFailure(org.testng.ITestResult)[pri:0, instance:asala.test.AsalaAddNewCategoryTest@3159c4b8]" name="screenShootsOnFailure" is-config="true" duration-ms="0" started-at="2018-10-30T22:16:53Z" finished-at="2018-10-30T22:16:53Z">
          <params>
            <param index="0">
              <value>
                <![CDATA[[TestResult name=UserAddNameEnAndNameArLessThanThreecharacterAr status=SUCCESS method=AsalaAddNewCategoryTest.UserAddNameEnAndNameArLessThanThreecharacterAr()[pri:10, instance:asala.test.AsalaAddNewCategoryTest@3159c4b8] output={null}]]]>
              </value>
            </param>
          </params>
          <reporter-output>
          </reporter-output>
        </test-method> <!-- screenShootsOnFailure -->
        <test-method status="FAIL" signature="UserAddNameEnAndNameArMoreThanMaxcharacterAr()[pri:11, instance:asala.test.AsalaAddNewCategoryTest@3159c4b8]" name="UserAddNameEnAndNameArMoreThanMaxcharacterAr" duration-ms="6862" started-at="2018-10-30T22:16:53Z" finished-at="2018-10-30T22:17:00Z">
          <exception class="java.lang.AssertionError">
            <message>
              <![CDATA[expected [true] but found [false]]]>
            </message>
            <full-stacktrace>
              <![CDATA[java.lang.AssertionError: expected [true] but found [false]
at org.testng.Assert.fail(Assert.java:96)
at org.testng.Assert.failNotEquals(Assert.java:776)
at org.testng.Assert.assertTrue(Assert.java:44)
at org.testng.Assert.assertTrue(Assert.java:54)
at asala.test.AsalaAddNewCategoryTest.UserAddNameEnAndNameArMoreThanMaxcharacterAr(AsalaAddNewCategoryTest.java:148)
at sun.reflect.NativeMethodAccessorImpl.invoke0(Native Method)
at sun.reflect.NativeMethodAccessorImpl.invoke(NativeMethodAccessorImpl.java:62)
at sun.reflect.DelegatingMethodAccessorImpl.invoke(DelegatingMethodAccessorImpl.java:43)
at java.lang.reflect.Method.invoke(Method.java:498)
at org.testng.internal.MethodInvocationHelper.invokeMethod(MethodInvocationHelper.java:124)
at org.testng.internal.Invoker.invokeMethod(Invoker.java:583)
at org.testng.internal.Invoker.invokeTestMethod(Invoker.java:719)
at org.testng.internal.Invoker.invokeTestMethods(Invoker.java:989)
at org.testng.internal.TestMethodWorker.invokeTestMethods(TestMethodWorker.java:125)
at org.testng.internal.TestMethodWorker.run(TestMethodWorker.java:109)
at org.testng.TestRunner.privateRun(TestRunner.java:648)
at org.testng.TestRunner.run(TestRunner.java:505)
at org.testng.SuiteRunner.runTest(SuiteRunner.java:455)
at org.testng.SuiteRunner.runSequentially(SuiteRunner.java:450)
at org.testng.SuiteRunner.privateRun(SuiteRunner.java:415)
at org.testng.SuiteRunner.run(SuiteRunner.java:364)
at org.testng.SuiteRunnerWorker.runSuite(SuiteRunnerWorker.java:52)
at org.testng.SuiteRunnerWorker.run(SuiteRunnerWorker.java:84)
at org.testng.TestNG.runSuitesSequentially(TestNG.java:1208)
at org.testng.TestNG.runSuitesLocally(TestNG.java:1137)
at org.testng.TestNG.runSuites(TestNG.java:1049)
at org.testng.TestNG.run(TestNG.java:1017)
at org.testng.remote.AbstractRemoteTestNG.run(AbstractRemoteTestNG.java:114)
at org.testng.remote.RemoteTestNG.initAndRun(RemoteTestNG.java:251)
at org.testng.remote.RemoteTestNG.main(RemoteTestNG.java:77)
]]>
            </full-stacktrace>
          </exception> <!-- java.lang.AssertionError -->
          <reporter-output>
          </reporter-output>
        </test-method> <!-- UserAddNameEnAndNameArMoreThanMaxcharacterAr -->
        <test-method status="PASS" signature="screenShootsOnFailure(org.testng.ITestResult)[pri:0, instance:asala.test.AsalaAddNewCategoryTest@3159c4b8]" name="screenShootsOnFailure" is-config="true" duration-ms="158" started-at="2018-10-30T22:17:00Z" finished-at="2018-10-30T22:17:00Z">
          <params>
            <param index="0">
              <value>
                <![CDATA[[TestResult name=UserAddNameEnAndNameArMoreThanMaxcharacterAr status=FAILURE method=AsalaAddNewCategoryTest.UserAddNameEnAndNameArMoreThanMaxcharacterAr()[pri:11, instance:asala.test.AsalaAddNewCategoryTest@3159c4b8] output={null}]]]>
              </value>
            </param>
          </params>
          <reporter-output>
          </reporter-output>
        </test-method> <!-- screenShootsOnFailure -->
        <test-method status="PASS" signature="UserAddNameEnAndNameArEmptyAr()[pri:12, instance:asala.test.AsalaAddNewCategoryTest@3159c4b8]" name="UserAddNameEnAndNameArEmptyAr" duration-ms="4089" started-at="2018-10-30T22:17:00Z" finished-at="2018-10-30T22:17:04Z">
          <reporter-output>
          </reporter-output>
        </test-method> <!-- UserAddNameEnAndNameArEmptyAr -->
        <test-method status="PASS" signature="UserAddNameEnAndNameArSpaceAr()[pri:13, instance:asala.test.AsalaAddNewCategoryTest@3159c4b8]" name="UserAddNameEnAndNameArSpaceAr" duration-ms="458" started-at="2018-10-30T22:17:04Z" finished-at="2018-10-30T22:17:05Z">
          <reporter-output>
          </reporter-output>
        </test-method> <!-- UserAddNameEnAndNameArSpaceAr -->
        <test-method status="PASS" signature="screenShootsOnFailure(org.testng.ITestResult)[pri:0, instance:asala.test.AsalaAddNewCategoryTest@3159c4b8]" name="screenShootsOnFailure" is-config="true" duration-ms="0" started-at="2018-10-30T22:17:04Z" finished-at="2018-10-30T22:17:04Z">
          <params>
            <param index="0">
              <value>
                <![CDATA[[TestResult name=UserAddNameEnAndNameArEmptyAr status=SUCCESS method=AsalaAddNewCategoryTest.UserAddNameEnAndNameArEmptyAr()[pri:12, instance:asala.test.AsalaAddNewCategoryTest@3159c4b8] output={null}]]]>
              </value>
            </param>
          </params>
          <reporter-output>
          </reporter-output>
        </test-method> <!-- screenShootsOnFailure -->
        <test-method status="PASS" signature="screenShootsOnFailure(org.testng.ITestResult)[pri:0, instance:asala.test.AsalaAddNewCategoryTest@3159c4b8]" name="screenShootsOnFailure" is-config="true" duration-ms="1" started-at="2018-10-30T22:17:05Z" finished-at="2018-10-30T22:17:05Z">
          <params>
            <param index="0">
              <value>
                <![CDATA[[TestResult name=UserAddNameEnAndNameArSpaceAr status=SUCCESS method=AsalaAddNewCategoryTest.UserAddNameEnAndNameArSpaceAr()[pri:13, instance:asala.test.AsalaAddNewCategoryTest@3159c4b8] output={null}]]]>
              </value>
            </param>
          </params>
          <reporter-output>
          </reporter-output>
        </test-method> <!-- screenShootsOnFailure -->
        <test-method status="PASS" signature="UserAddNameEnAndNameAr()[pri:14, instance:asala.test.AsalaAddNewCategoryTest@3159c4b8]" name="UserAddNameEnAndNameAr" duration-ms="4701" started-at="2018-10-30T22:17:05Z" finished-at="2018-10-30T22:17:09Z">
          <reporter-output>
          </reporter-output>
        </test-method> <!-- UserAddNameEnAndNameAr -->
        <test-method status="PASS" signature="screenShootsOnFailure(org.testng.ITestResult)[pri:0, instance:asala.test.AsalaAddNewCategoryTest@3159c4b8]" name="screenShootsOnFailure" is-config="true" duration-ms="1" started-at="2018-10-30T22:17:09Z" finished-at="2018-10-30T22:17:09Z">
          <params>
            <param index="0">
              <value>
                <![CDATA[[TestResult name=UserAddNameEnAndNameAr status=SUCCESS method=AsalaAddNewCategoryTest.UserAddNameEnAndNameAr()[pri:14, instance:asala.test.AsalaAddNewCategoryTest@3159c4b8] output={null}]]]>
              </value>
            </param>
          </params>
          <reporter-output>
          </reporter-output>
        </test-method> <!-- screenShootsOnFailure -->
        <test-method status="PASS" signature="stopDriver()[pri:0, instance:asala.test.AsalaAddNewCategoryTest@3159c4b8]" name="stopDriver" is-config="true" duration-ms="4784" started-at="2018-10-30T22:17:09Z" finished-at="2018-10-30T22:17:14Z">
          <reporter-output>
          </reporter-output>
        </test-method> <!-- stopDriver -->
      </class> <!-- asala.test.AsalaAddNewCategoryTest -->
    </test> <!-- Default test -->
  </suite> <!-- Default suite -->
</testng-results>
