<?xml version="1.0" encoding="UTF-8"?>
<testng-results skipped="0" failed="1" ignored="0" total="2" passed="1">
  <reporter-output>
  </reporter-output>
  <suite name="Default suite" duration-ms="6151" started-at="2018-11-01T18:20:03Z" finished-at="2018-11-01T18:20:10Z">
    <groups>
    </groups>
    <test name="Default test" duration-ms="6151" started-at="2018-11-01T18:20:03Z" finished-at="2018-11-01T18:20:10Z">
      <class name="asala.test.AsalaMangeCategoriesTest">
        <test-method status="PASS" signature="startDriver(java.lang.String)[pri:0, instance:asala.test.AsalaMangeCategoriesTest@69ea3742]" name="startDriver" is-config="true" duration-ms="9136" started-at="2018-11-01T18:19:54Z" finished-at="2018-11-01T18:20:03Z">
          <params>
            <param index="0">
              <value>
                <![CDATA[firefox]]>
              </value>
            </param>
          </params>
          <reporter-output>
          </reporter-output>
        </test-method> <!-- startDriver -->
        <test-method status="PASS" signature="MakeLoginAndSelectMallAsSuuperAdmin()[pri:1, instance:asala.test.AsalaMangeCategoriesTest@69ea3742]" name="MakeLoginAndSelectMallAsSuuperAdmin" duration-ms="1674" started-at="2018-11-01T18:20:03Z" finished-at="2018-11-01T18:20:05Z">
          <reporter-output>
          </reporter-output>
        </test-method> <!-- MakeLoginAndSelectMallAsSuuperAdmin -->
        <test-method status="PASS" signature="screenShootsOnFailure(org.testng.ITestResult)[pri:0, instance:asala.test.AsalaMangeCategoriesTest@69ea3742]" name="screenShootsOnFailure" is-config="true" duration-ms="3" started-at="2018-11-01T18:20:05Z" finished-at="2018-11-01T18:20:05Z">
          <params>
            <param index="0">
              <value>
                <![CDATA[[TestResult name=MakeLoginAndSelectMallAsSuuperAdmin status=SUCCESS method=AsalaMangeCategoriesTest.MakeLoginAndSelectMallAsSuuperAdmin()[pri:1, instance:asala.test.AsalaMangeCategoriesTest@69ea3742] output={null}]]]>
              </value>
            </param>
          </params>
          <reporter-output>
          </reporter-output>
        </test-method> <!-- screenShootsOnFailure -->
        <test-method status="FAIL" signature="DeleteCategory()[pri:2, instance:asala.test.AsalaMangeCategoriesTest@69ea3742]" name="DeleteCategory" duration-ms="4300" started-at="2018-11-01T18:20:05Z" finished-at="2018-11-01T18:20:09Z">
          <exception class="org.openqa.selenium.ElementClickInterceptedException">
            <message>
              <![CDATA[Element <button id="delete-60" class="btn btn-danger btn-flat delete-btn"> is not clickable at point (1681.566650390625,499.6000061035156) because another element <div class="modal-backdrop fade"> obscures it
Build info: version: '3.12.0', revision: '7c6e0b3', time: '2018-05-08T14:04:26.12Z'
System info: host: 'Be-Max', ip: '127.0.1.1', os.name: 'Linux', os.arch: 'amd64', os.version: '4.15.0-38-generic', java.version: '1.8.0_181'
Driver info: org.openqa.selenium.firefox.FirefoxDriver
Capabilities {acceptInsecureCerts: true, browserName: firefox, browserVersion: 63.0, javascriptEnabled: true, moz:accessibilityChecks: false, moz:geckodriverVersion: 0.23.0, moz:headless: false, moz:processID: 28412, moz:profile: /tmp/rust_mozprofile.Tc5HjB..., moz:useNonSpecCompliantPointerOrigin: false, moz:webdriverClick: true, pageLoadStrategy: normal, platform: LINUX, platformName: LINUX, platformVersion: 4.15.0-38-generic, rotatable: false, setWindowRect: true, timeouts: {implicit: 0, pageLoad: 300000, script: 30000}, unhandledPromptBehavior: dismiss and notify}
Session ID: 13bf3cf3-cc2b-48db-ae47-d849b7ba4f43]]>
            </message>
            <full-stacktrace>
              <![CDATA[org.openqa.selenium.ElementClickInterceptedException: Element <button id="delete-60" class="btn btn-danger btn-flat delete-btn"> is not clickable at point (1681.566650390625,499.6000061035156) because another element <div class="modal-backdrop fade"> obscures it
Build info: version: '3.12.0', revision: '7c6e0b3', time: '2018-05-08T14:04:26.12Z'
System info: host: 'Be-Max', ip: '127.0.1.1', os.name: 'Linux', os.arch: 'amd64', os.version: '4.15.0-38-generic', java.version: '1.8.0_181'
Driver info: org.openqa.selenium.firefox.FirefoxDriver
Capabilities {acceptInsecureCerts: true, browserName: firefox, browserVersion: 63.0, javascriptEnabled: true, moz:accessibilityChecks: false, moz:geckodriverVersion: 0.23.0, moz:headless: false, moz:processID: 28412, moz:profile: /tmp/rust_mozprofile.Tc5HjB..., moz:useNonSpecCompliantPointerOrigin: false, moz:webdriverClick: true, pageLoadStrategy: normal, platform: LINUX, platformName: LINUX, platformVersion: 4.15.0-38-generic, rotatable: false, setWindowRect: true, timeouts: {implicit: 0, pageLoad: 300000, script: 30000}, unhandledPromptBehavior: dismiss and notify}
Session ID: 13bf3cf3-cc2b-48db-ae47-d849b7ba4f43
at sun.reflect.NativeConstructorAccessorImpl.newInstance0(Native Method)
at sun.reflect.NativeConstructorAccessorImpl.newInstance(NativeConstructorAccessorImpl.java:62)
at sun.reflect.DelegatingConstructorAccessorImpl.newInstance(DelegatingConstructorAccessorImpl.java:45)
at java.lang.reflect.Constructor.newInstance(Constructor.java:423)
at org.openqa.selenium.remote.http.W3CHttpResponseCodec.createException(W3CHttpResponseCodec.java:187)
at org.openqa.selenium.remote.http.W3CHttpResponseCodec.decode(W3CHttpResponseCodec.java:122)
at org.openqa.selenium.remote.http.W3CHttpResponseCodec.decode(W3CHttpResponseCodec.java:49)
at org.openqa.selenium.remote.HttpCommandExecutor.execute(HttpCommandExecutor.java:158)
at org.openqa.selenium.remote.service.DriverCommandExecutor.execute(DriverCommandExecutor.java:83)
at org.openqa.selenium.remote.RemoteWebDriver.execute(RemoteWebDriver.java:543)
at org.openqa.selenium.remote.RemoteWebElement.execute(RemoteWebElement.java:276)
at org.openqa.selenium.remote.RemoteWebElement.click(RemoteWebElement.java:83)
at sun.reflect.NativeMethodAccessorImpl.invoke0(Native Method)
at sun.reflect.NativeMethodAccessorImpl.invoke(NativeMethodAccessorImpl.java:62)
at sun.reflect.DelegatingMethodAccessorImpl.invoke(DelegatingMethodAccessorImpl.java:43)
at java.lang.reflect.Method.invoke(Method.java:498)
at org.openqa.selenium.support.pagefactory.internal.LocatingElementHandler.invoke(LocatingElementHandler.java:51)
at com.sun.proxy.$Proxy11.click(Unknown Source)
at asala.pages.AsalaPageBase.clickButton(AsalaPageBase.java:25)
at asala.pages.AsalaMangeCategoriesPage.ClickDeleteArCategory(AsalaMangeCategoriesPage.java:50)
at asala.test.AsalaMangeCategoriesTest.DeleteCategory(AsalaMangeCategoriesTest.java:41)
at sun.reflect.NativeMethodAccessorImpl.invoke0(Native Method)
at sun.reflect.NativeMethodAccessorImpl.invoke(NativeMethodAccessorImpl.java:62)
at sun.reflect.DelegatingMethodAccessorImpl.invoke(DelegatingMethodAccessorImpl.java:43)
at java.lang.reflect.Method.invoke(Method.java:498)
at org.testng.internal.MethodInvocationHelper.invokeMethod(MethodInvocationHelper.java:124)
at org.testng.internal.Invoker.invokeMethod(Invoker.java:583)
at org.testng.internal.Invoker.invokeTestMethod(Invoker.java:719)
at org.testng.internal.Invoker.invokeTestMethods(Invoker.java:989)
at org.testng.internal.TestMethodWorker.invokeTestMethods(TestMethodWorker.java:125)
at org.testng.internal.TestMethodWorker.run(TestMethodWorker.java:109)
at org.testng.TestRunner.privateRun(TestRunner.java:648)
at org.testng.TestRunner.run(TestRunner.java:505)
at org.testng.SuiteRunner.runTest(SuiteRunner.java:455)
at org.testng.SuiteRunner.runSequentially(SuiteRunner.java:450)
at org.testng.SuiteRunner.privateRun(SuiteRunner.java:415)
at org.testng.SuiteRunner.run(SuiteRunner.java:364)
at org.testng.SuiteRunnerWorker.runSuite(SuiteRunnerWorker.java:52)
at org.testng.SuiteRunnerWorker.run(SuiteRunnerWorker.java:84)
at org.testng.TestNG.runSuitesSequentially(TestNG.java:1208)
at org.testng.TestNG.runSuitesLocally(TestNG.java:1137)
at org.testng.TestNG.runSuites(TestNG.java:1049)
at org.testng.TestNG.run(TestNG.java:1017)
at org.testng.remote.AbstractRemoteTestNG.run(AbstractRemoteTestNG.java:114)
at org.testng.remote.RemoteTestNG.initAndRun(RemoteTestNG.java:251)
at org.testng.remote.RemoteTestNG.main(RemoteTestNG.java:77)
]]>
            </full-stacktrace>
          </exception> <!-- org.openqa.selenium.ElementClickInterceptedException -->
          <reporter-output>
          </reporter-output>
        </test-method> <!-- DeleteCategory -->
        <test-method status="PASS" signature="screenShootsOnFailure(org.testng.ITestResult)[pri:0, instance:asala.test.AsalaMangeCategoriesTest@69ea3742]" name="screenShootsOnFailure" is-config="true" duration-ms="127" started-at="2018-11-01T18:20:09Z" finished-at="2018-11-01T18:20:10Z">
          <params>
            <param index="0">
              <value>
                <![CDATA[[TestResult name=DeleteCategory status=FAILURE method=AsalaMangeCategoriesTest.DeleteCategory()[pri:2, instance:asala.test.AsalaMangeCategoriesTest@69ea3742] output={null}]]]>
              </value>
            </param>
          </params>
          <reporter-output>
          </reporter-output>
        </test-method> <!-- screenShootsOnFailure -->
      </class> <!-- asala.test.AsalaMangeCategoriesTest -->
    </test> <!-- Default test -->
  </suite> <!-- Default suite -->
</testng-results>
