<?xml version="1.0" encoding="UTF-8"?>
<testng-results skipped="0" failed="0" ignored="0" total="15" passed="15">
  <reporter-output>
  </reporter-output>
  <suite name="Default suite" duration-ms="5133" started-at="2018-10-15T15:37:29Z" finished-at="2018-10-15T15:37:34Z">
    <groups>
    </groups>
    <test name="Default test" duration-ms="5133" started-at="2018-10-15T15:37:29Z" finished-at="2018-10-15T15:37:34Z">
      <class name="asala.test.AsalaLoginTest">
        <test-method status="PASS" signature="startDriver(java.lang.String)[pri:0, instance:asala.test.AsalaLoginTest@4883b407]" name="startDriver" is-config="true" duration-ms="15215" started-at="2018-10-15T15:37:14Z" finished-at="2018-10-15T15:37:29Z">
          <params>
            <param index="0">
              <value>
                <![CDATA[firefox]]>
              </value>
            </param>
          </params>
          <reporter-output>
          </reporter-output>
        </test-method> <!-- startDriver -->
        <test-method status="PASS" signature="AddEmailEmptyAndPassword()[pri:1, instance:asala.test.AsalaLoginTest@4883b407]" name="AddEmailEmptyAndPassword" duration-ms="359" started-at="2018-10-15T15:37:29Z" finished-at="2018-10-15T15:37:29Z">
          <reporter-output>
          </reporter-output>
        </test-method> <!-- AddEmailEmptyAndPassword -->
        <test-method status="PASS" signature="screenShootsOnFailure(org.testng.ITestResult)[pri:0, instance:asala.test.AsalaLoginTest@4883b407]" name="screenShootsOnFailure" is-config="true" duration-ms="1" started-at="2018-10-15T15:37:29Z" finished-at="2018-10-15T15:37:29Z">
          <params>
            <param index="0">
              <value>
                <![CDATA[[TestResult name=AddEmailEmptyAndPassword status=SUCCESS method=AsalaLoginTest.AddEmailEmptyAndPassword()[pri:1, instance:asala.test.AsalaLoginTest@4883b407] output={null}]]]>
              </value>
            </param>
          </params>
          <reporter-output>
          </reporter-output>
        </test-method> <!-- screenShootsOnFailure -->
        <test-method status="PASS" signature="AddEmailEmptyWrongFormat()[pri:2, instance:asala.test.AsalaLoginTest@4883b407]" name="AddEmailEmptyWrongFormat" duration-ms="307" started-at="2018-10-15T15:37:29Z" finished-at="2018-10-15T15:37:30Z">
          <reporter-output>
          </reporter-output>
        </test-method> <!-- AddEmailEmptyWrongFormat -->
        <test-method status="PASS" signature="screenShootsOnFailure(org.testng.ITestResult)[pri:0, instance:asala.test.AsalaLoginTest@4883b407]" name="screenShootsOnFailure" is-config="true" duration-ms="1" started-at="2018-10-15T15:37:30Z" finished-at="2018-10-15T15:37:30Z">
          <params>
            <param index="0">
              <value>
                <![CDATA[[TestResult name=AddEmailEmptyWrongFormat status=SUCCESS method=AsalaLoginTest.AddEmailEmptyWrongFormat()[pri:2, instance:asala.test.AsalaLoginTest@4883b407] output={null}]]]>
              </value>
            </param>
          </params>
          <reporter-output>
          </reporter-output>
        </test-method> <!-- screenShootsOnFailure -->
        <test-method status="PASS" signature="AddEmailEmptyButAddPasword()[pri:3, instance:asala.test.AsalaLoginTest@4883b407]" name="AddEmailEmptyButAddPasword" duration-ms="314" started-at="2018-10-15T15:37:30Z" finished-at="2018-10-15T15:37:30Z">
          <reporter-output>
          </reporter-output>
        </test-method> <!-- AddEmailEmptyButAddPasword -->
        <test-method status="PASS" signature="screenShootsOnFailure(org.testng.ITestResult)[pri:0, instance:asala.test.AsalaLoginTest@4883b407]" name="screenShootsOnFailure" is-config="true" duration-ms="0" started-at="2018-10-15T15:37:30Z" finished-at="2018-10-15T15:37:30Z">
          <params>
            <param index="0">
              <value>
                <![CDATA[[TestResult name=AddEmailEmptyButAddPasword status=SUCCESS method=AsalaLoginTest.AddEmailEmptyButAddPasword()[pri:3, instance:asala.test.AsalaLoginTest@4883b407] output={null}]]]>
              </value>
            </param>
          </params>
          <reporter-output>
          </reporter-output>
        </test-method> <!-- screenShootsOnFailure -->
        <test-method status="PASS" signature="AddEmailButAddPaswordEmpty()[pri:4, instance:asala.test.AsalaLoginTest@4883b407]" name="AddEmailButAddPaswordEmpty" duration-ms="334" started-at="2018-10-15T15:37:30Z" finished-at="2018-10-15T15:37:30Z">
          <reporter-output>
          </reporter-output>
        </test-method> <!-- AddEmailButAddPaswordEmpty -->
        <test-method status="PASS" signature="screenShootsOnFailure(org.testng.ITestResult)[pri:0, instance:asala.test.AsalaLoginTest@4883b407]" name="screenShootsOnFailure" is-config="true" duration-ms="0" started-at="2018-10-15T15:37:30Z" finished-at="2018-10-15T15:37:30Z">
          <params>
            <param index="0">
              <value>
                <![CDATA[[TestResult name=AddEmailButAddPaswordEmpty status=SUCCESS method=AsalaLoginTest.AddEmailButAddPaswordEmpty()[pri:4, instance:asala.test.AsalaLoginTest@4883b407] output={null}]]]>
              </value>
            </param>
          </params>
          <reporter-output>
          </reporter-output>
        </test-method> <!-- screenShootsOnFailure -->
        <test-method status="PASS" signature="AddWrongEmailButVaildPassword()[pri:5, instance:asala.test.AsalaLoginTest@4883b407]" name="AddWrongEmailButVaildPassword" duration-ms="298" started-at="2018-10-15T15:37:30Z" finished-at="2018-10-15T15:37:31Z">
          <reporter-output>
          </reporter-output>
        </test-method> <!-- AddWrongEmailButVaildPassword -->
        <test-method status="PASS" signature="screenShootsOnFailure(org.testng.ITestResult)[pri:0, instance:asala.test.AsalaLoginTest@4883b407]" name="screenShootsOnFailure" is-config="true" duration-ms="1" started-at="2018-10-15T15:37:31Z" finished-at="2018-10-15T15:37:31Z">
          <params>
            <param index="0">
              <value>
                <![CDATA[[TestResult name=AddWrongEmailButVaildPassword status=SUCCESS method=AsalaLoginTest.AddWrongEmailButVaildPassword()[pri:5, instance:asala.test.AsalaLoginTest@4883b407] output={null}]]]>
              </value>
            </param>
          </params>
          <reporter-output>
          </reporter-output>
        </test-method> <!-- screenShootsOnFailure -->
        <test-method status="PASS" signature="AddValidEmailButWrongPasswordPassword()[pri:6, instance:asala.test.AsalaLoginTest@4883b407]" name="AddValidEmailButWrongPasswordPassword" duration-ms="309" started-at="2018-10-15T15:37:31Z" finished-at="2018-10-15T15:37:31Z">
          <reporter-output>
          </reporter-output>
        </test-method> <!-- AddValidEmailButWrongPasswordPassword -->
        <test-method status="PASS" signature="screenShootsOnFailure(org.testng.ITestResult)[pri:0, instance:asala.test.AsalaLoginTest@4883b407]" name="screenShootsOnFailure" is-config="true" duration-ms="0" started-at="2018-10-15T15:37:31Z" finished-at="2018-10-15T15:37:31Z">
          <params>
            <param index="0">
              <value>
                <![CDATA[[TestResult name=AddValidEmailButWrongPasswordPassword status=SUCCESS method=AsalaLoginTest.AddValidEmailButWrongPasswordPassword()[pri:6, instance:asala.test.AsalaLoginTest@4883b407] output={null}]]]>
              </value>
            </param>
          </params>
          <reporter-output>
          </reporter-output>
        </test-method> <!-- screenShootsOnFailure -->
        <test-method status="PASS" signature="AddValidEmailAndPasswordInActiveUSer()[pri:7, instance:asala.test.AsalaLoginTest@4883b407]" name="AddValidEmailAndPasswordInActiveUSer" duration-ms="291" started-at="2018-10-15T15:37:31Z" finished-at="2018-10-15T15:37:31Z">
          <reporter-output>
          </reporter-output>
        </test-method> <!-- AddValidEmailAndPasswordInActiveUSer -->
        <test-method status="PASS" signature="screenShootsOnFailure(org.testng.ITestResult)[pri:0, instance:asala.test.AsalaLoginTest@4883b407]" name="screenShootsOnFailure" is-config="true" duration-ms="0" started-at="2018-10-15T15:37:31Z" finished-at="2018-10-15T15:37:31Z">
          <params>
            <param index="0">
              <value>
                <![CDATA[[TestResult name=AddValidEmailAndPasswordInActiveUSer status=SUCCESS method=AsalaLoginTest.AddValidEmailAndPasswordInActiveUSer()[pri:7, instance:asala.test.AsalaLoginTest@4883b407] output={null}]]]>
              </value>
            </param>
          </params>
          <reporter-output>
          </reporter-output>
        </test-method> <!-- screenShootsOnFailure -->
        <test-method status="PASS" signature="AddEmailEmptyAndPasswordAr()[pri:8, instance:asala.test.AsalaLoginTest@4883b407]" name="AddEmailEmptyAndPasswordAr" duration-ms="495" started-at="2018-10-15T15:37:31Z" finished-at="2018-10-15T15:37:32Z">
          <reporter-output>
          </reporter-output>
        </test-method> <!-- AddEmailEmptyAndPasswordAr -->
        <test-method status="PASS" signature="screenShootsOnFailure(org.testng.ITestResult)[pri:0, instance:asala.test.AsalaLoginTest@4883b407]" name="screenShootsOnFailure" is-config="true" duration-ms="0" started-at="2018-10-15T15:37:32Z" finished-at="2018-10-15T15:37:32Z">
          <params>
            <param index="0">
              <value>
                <![CDATA[[TestResult name=AddEmailEmptyAndPasswordAr status=SUCCESS method=AsalaLoginTest.AddEmailEmptyAndPasswordAr()[pri:8, instance:asala.test.AsalaLoginTest@4883b407] output={null}]]]>
              </value>
            </param>
          </params>
          <reporter-output>
          </reporter-output>
        </test-method> <!-- screenShootsOnFailure -->
        <test-method status="PASS" signature="AddEmailEmptyWrongFormatAr()[pri:9, instance:asala.test.AsalaLoginTest@4883b407]" name="AddEmailEmptyWrongFormatAr" duration-ms="510" started-at="2018-10-15T15:37:32Z" finished-at="2018-10-15T15:37:32Z">
          <reporter-output>
          </reporter-output>
        </test-method> <!-- AddEmailEmptyWrongFormatAr -->
        <test-method status="PASS" signature="screenShootsOnFailure(org.testng.ITestResult)[pri:0, instance:asala.test.AsalaLoginTest@4883b407]" name="screenShootsOnFailure" is-config="true" duration-ms="0" started-at="2018-10-15T15:37:32Z" finished-at="2018-10-15T15:37:32Z">
          <params>
            <param index="0">
              <value>
                <![CDATA[[TestResult name=AddEmailEmptyWrongFormatAr status=SUCCESS method=AsalaLoginTest.AddEmailEmptyWrongFormatAr()[pri:9, instance:asala.test.AsalaLoginTest@4883b407] output={null}]]]>
              </value>
            </param>
          </params>
          <reporter-output>
          </reporter-output>
        </test-method> <!-- screenShootsOnFailure -->
        <test-method status="PASS" signature="AddEmailEmptyButAddPaswordAr()[pri:10, instance:asala.test.AsalaLoginTest@4883b407]" name="AddEmailEmptyButAddPaswordAr" duration-ms="282" started-at="2018-10-15T15:37:32Z" finished-at="2018-10-15T15:37:33Z">
          <reporter-output>
          </reporter-output>
        </test-method> <!-- AddEmailEmptyButAddPaswordAr -->
        <test-method status="PASS" signature="screenShootsOnFailure(org.testng.ITestResult)[pri:0, instance:asala.test.AsalaLoginTest@4883b407]" name="screenShootsOnFailure" is-config="true" duration-ms="0" started-at="2018-10-15T15:37:33Z" finished-at="2018-10-15T15:37:33Z">
          <params>
            <param index="0">
              <value>
                <![CDATA[[TestResult name=AddEmailEmptyButAddPaswordAr status=SUCCESS method=AsalaLoginTest.AddEmailEmptyButAddPaswordAr()[pri:10, instance:asala.test.AsalaLoginTest@4883b407] output={null}]]]>
              </value>
            </param>
          </params>
          <reporter-output>
          </reporter-output>
        </test-method> <!-- screenShootsOnFailure -->
        <test-method status="PASS" signature="AddEmailButAddPaswordEmptyAr()[pri:11, instance:asala.test.AsalaLoginTest@4883b407]" name="AddEmailButAddPaswordEmptyAr" duration-ms="296" started-at="2018-10-15T15:37:33Z" finished-at="2018-10-15T15:37:33Z">
          <reporter-output>
          </reporter-output>
        </test-method> <!-- AddEmailButAddPaswordEmptyAr -->
        <test-method status="PASS" signature="screenShootsOnFailure(org.testng.ITestResult)[pri:0, instance:asala.test.AsalaLoginTest@4883b407]" name="screenShootsOnFailure" is-config="true" duration-ms="0" started-at="2018-10-15T15:37:33Z" finished-at="2018-10-15T15:37:33Z">
          <params>
            <param index="0">
              <value>
                <![CDATA[[TestResult name=AddEmailButAddPaswordEmptyAr status=SUCCESS method=AsalaLoginTest.AddEmailButAddPaswordEmptyAr()[pri:11, instance:asala.test.AsalaLoginTest@4883b407] output={null}]]]>
              </value>
            </param>
          </params>
          <reporter-output>
          </reporter-output>
        </test-method> <!-- screenShootsOnFailure -->
        <test-method status="PASS" signature="AddWrongEmailButVaildPasswordAr()[pri:12, instance:asala.test.AsalaLoginTest@4883b407]" name="AddWrongEmailButVaildPasswordAr" duration-ms="307" started-at="2018-10-15T15:37:33Z" finished-at="2018-10-15T15:37:33Z">
          <reporter-output>
          </reporter-output>
        </test-method> <!-- AddWrongEmailButVaildPasswordAr -->
        <test-method status="PASS" signature="AddValidEmailButWrongPasswordPasswordAr()[pri:13, instance:asala.test.AsalaLoginTest@4883b407]" name="AddValidEmailButWrongPasswordPasswordAr" duration-ms="353" started-at="2018-10-15T15:37:33Z" finished-at="2018-10-15T15:37:34Z">
          <reporter-output>
          </reporter-output>
        </test-method> <!-- AddValidEmailButWrongPasswordPasswordAr -->
        <test-method status="PASS" signature="screenShootsOnFailure(org.testng.ITestResult)[pri:0, instance:asala.test.AsalaLoginTest@4883b407]" name="screenShootsOnFailure" is-config="true" duration-ms="0" started-at="2018-10-15T15:37:33Z" finished-at="2018-10-15T15:37:33Z">
          <params>
            <param index="0">
              <value>
                <![CDATA[[TestResult name=AddWrongEmailButVaildPasswordAr status=SUCCESS method=AsalaLoginTest.AddWrongEmailButVaildPasswordAr()[pri:12, instance:asala.test.AsalaLoginTest@4883b407] output={null}]]]>
              </value>
            </param>
          </params>
          <reporter-output>
          </reporter-output>
        </test-method> <!-- screenShootsOnFailure -->
        <test-method status="PASS" signature="screenShootsOnFailure(org.testng.ITestResult)[pri:0, instance:asala.test.AsalaLoginTest@4883b407]" name="screenShootsOnFailure" is-config="true" duration-ms="0" started-at="2018-10-15T15:37:34Z" finished-at="2018-10-15T15:37:34Z">
          <params>
            <param index="0">
              <value>
                <![CDATA[[TestResult name=AddValidEmailButWrongPasswordPasswordAr status=SUCCESS method=AsalaLoginTest.AddValidEmailButWrongPasswordPasswordAr()[pri:13, instance:asala.test.AsalaLoginTest@4883b407] output={null}]]]>
              </value>
            </param>
          </params>
          <reporter-output>
          </reporter-output>
        </test-method> <!-- screenShootsOnFailure -->
        <test-method status="PASS" signature="AddValidEmailAndPasswordInActiveUSerAr()[pri:14, instance:asala.test.AsalaLoginTest@4883b407]" name="AddValidEmailAndPasswordInActiveUSerAr" duration-ms="320" started-at="2018-10-15T15:37:34Z" finished-at="2018-10-15T15:37:34Z">
          <reporter-output>
          </reporter-output>
        </test-method> <!-- AddValidEmailAndPasswordInActiveUSerAr -->
        <test-method status="PASS" signature="screenShootsOnFailure(org.testng.ITestResult)[pri:0, instance:asala.test.AsalaLoginTest@4883b407]" name="screenShootsOnFailure" is-config="true" duration-ms="0" started-at="2018-10-15T15:37:34Z" finished-at="2018-10-15T15:37:34Z">
          <params>
            <param index="0">
              <value>
                <![CDATA[[TestResult name=AddValidEmailAndPasswordInActiveUSerAr status=SUCCESS method=AsalaLoginTest.AddValidEmailAndPasswordInActiveUSerAr()[pri:14, instance:asala.test.AsalaLoginTest@4883b407] output={null}]]]>
              </value>
            </param>
          </params>
          <reporter-output>
          </reporter-output>
        </test-method> <!-- screenShootsOnFailure -->
        <test-method status="PASS" signature="AddValidEmailAndPasswordActiveUSerSuperAdmin()[pri:15, instance:asala.test.AsalaLoginTest@4883b407]" name="AddValidEmailAndPasswordActiveUSerSuperAdmin" duration-ms="321" started-at="2018-10-15T15:37:34Z" finished-at="2018-10-15T15:37:34Z">
          <reporter-output>
          </reporter-output>
        </test-method> <!-- AddValidEmailAndPasswordActiveUSerSuperAdmin -->
        <test-method status="PASS" signature="screenShootsOnFailure(org.testng.ITestResult)[pri:0, instance:asala.test.AsalaLoginTest@4883b407]" name="screenShootsOnFailure" is-config="true" duration-ms="0" started-at="2018-10-15T15:37:34Z" finished-at="2018-10-15T15:37:34Z">
          <params>
            <param index="0">
              <value>
                <![CDATA[[TestResult name=AddValidEmailAndPasswordActiveUSerSuperAdmin status=SUCCESS method=AsalaLoginTest.AddValidEmailAndPasswordActiveUSerSuperAdmin()[pri:15, instance:asala.test.AsalaLoginTest@4883b407] output={null}]]]>
              </value>
            </param>
          </params>
          <reporter-output>
          </reporter-output>
        </test-method> <!-- screenShootsOnFailure -->
        <test-method status="PASS" signature="stopDriver()[pri:0, instance:asala.test.AsalaLoginTest@4883b407]" name="stopDriver" is-config="true" duration-ms="832" started-at="2018-10-15T15:37:34Z" finished-at="2018-10-15T15:37:35Z">
          <reporter-output>
          </reporter-output>
        </test-method> <!-- stopDriver -->
      </class> <!-- asala.test.AsalaLoginTest -->
    </test> <!-- Default test -->
  </suite> <!-- Default suite -->
</testng-results>
